n\sum _{k=1}^{n}{\frac {(-1)^{k-1}}{k}}\sum _{n_{1}+\cdots +n_{k}=n}{\frac {n!}{n_{1}!\cdots n_{k}!}}{\binom {{\binom {n_{1}}{2}}+\cdots +{\binom {n_{k}}{2}}}{n}}.
R^{n}
f\,
\Pi _{1}^{1}
G_{\mu \nu }+\Lambda g_{\mu \nu }={8\pi G \over c^{4}}T_{\mu \nu }
\mathbf{R}^3
\forall a,b,c\in X:(aRb\wedge bRc)\Rightarrow aRc
\mathbb {N} 
\mathbb {R} 
[_{S}\ [_{\mathit {NP}}\ John]\ [_{\mathit {VP}}\ [_{V}\ hit]\ [_{\mathit {NP}}\ the\ [_{N}\ ball]]]]
V_{t}\approx pq\left(1-\exp \left\{-{\frac {t}{2N_{e}}}\right\}\right).
E={\begin{cases}x<y\y>x\x\ngeq y\y\nleq x\end{cases}}
{ x+y-1\leq z<{\frac {1}{2}}\quad {\text{and hence}}\quad x+y<{\frac {3}{2}}.}
(P \rightarrow Q) \and (P \rightarrow \neg Q) \leftrightarrow \neg P 
O(2^{0.386n})
P(target) = \frac{A(target)}{\pi (dy)^2} = \frac{a r(target)^2 v^2}{(tp)^2 d^4}
{ A^{2}(b^{2}+c^{2}-a^{2})+B^{2}(a^{2}+c^{2}-b^{2})+C^{2}(a^{2}+b^{2}-c^{2})\geq 16Ff,\,}
C<r\times B
{ \langle x,y\mid x^{2^{n-1}}=1,x^{2^{n-2}}=y^{2},yxy^{-1}=x^{-1}\rangle }
p(t)=\det(tI_{n}-A)\,
e^{i\pi \ }
 \frac{\pi}{4} = 4 \arctan \left(\frac{1}{5} \right) - \arctan \left(\frac{1}{239} \right) 
{\begin{aligned}{\mbox{E2}}\left[0,90^{\circ }\right]&={\mbox{Integral}}'s{\mbox{ divided difference}};\Pr&=a\times {\mbox{E2}}\left[0,90^{\circ }\right]\quad ({\mbox{perimetric radius}});\c&=2\pi \times Pr.\end{aligned}}\,\!
{ na+{\frac {n(n-1)}{1\cdot 2}}\Delta a+{\frac {n(n-1)(n-2)}{1\cdot 2\cdot 3}}\Delta ^{2}a+\cdots ,}
{\frac  {\pi }{4}}=\arctan {\frac  {1}{2}}+\arctan {\frac  {1}{5}}+\arctan {\frac  {1}{8}}.
\begin{array}{r}\zeta(s) = 0\ \Re(s) = \frac{1}{2}\end{array}
{\overline {A}}
\varnothing 
\mathrm {T} ={\frac {\mathrm {V} \cdot {\mathrm {s} }}{\mathrm {m} ^{2}}}={\frac {\mathrm {N} }{\mathrm {A} {\cdot }\mathrm {m} }}={\frac {\mathrm {J} }{\mathrm {A} {\cdot }\mathrm {m} ^{2}}}={\frac {\mathrm {H} {\cdot }\mathrm {A} }{\mathrm {m} ^{2}}}={\frac {\mathrm {Wb} }{\mathrm {m} ^{2}}}={\frac {\mathrm {kg} }{\mathrm {C} {\cdot }\mathrm {s} }}={\frac {\mathrm {N} {\cdot }\mathrm {s} }{\mathrm {C} {\cdot }\mathrm {m} }}={\frac {\mathrm {kg} }{\mathrm {A} {\cdot }\mathrm {s} ^{2}}}
M_{2}
\operatorname{mtanh}x = \frac {e^{ax} - e^{-bx}} {e^{cx} + e^{-dx}}
{\frac {\pi }{3{\sqrt {2}}}}\simeq 0.74048.
e^{j\omega C}\,\!
{ t_{\mathrm {P} }\equiv {\sqrt {\frac {\hbar G}{c^{5}}}}\approx 5.391\,16(13)\times 10^{-44}\ \mathrm {s} }
{ b){\overline {~a~}}}
S^\circ = \sum_{k=1}^N \Delta S_k =\sum_{k=1}^N \int  \frac{dq_k}{T} \, dT
\frac{\sin\theta_1}{\sin\theta_2} = \frac{v_1}{v_2} = \frac{n_2}{n_1} .
17{\frac {33}{34}}
[M].
D_{M}:H^{p}(M,A,Z)\to H_{{n-p}}(M,B,Z).
{ x_{t},x_{t+1},x_{t+2},\ldots ,\,}
{ i\partial {\overline {\partial }}u=\rho }
\prod _{{n\geq 1}}(1-s^{n})(1-s^{n}t)(1-s^{{n-1}}t^{{-1}})(1-s^{{2n-1}}t^{2})(1-s^{{2n-1}}t^{{-2}})=\sum _{{n\in Z}}s^{{(3n^{2}+n)/2}}(t^{{3n}}-t^{{-3n-1}})
Xf(L)=\int _{L}f=\int _{{{\mathbf  {R}}}}f(x_{0}+t\theta )dt
{ \sup _{U\in U(A)}||f(U)||.}
 n=\pm {\sqrt {\epsilon \mu }}
{ {\mathcal {E}}=\oint \mathbf {E} \cdot d\mathbf {s} =-{d\Phi _{m} \over dt}.}
T=n_{{\text{t}}}-n_{{\bar  {{\text{t}}}}}
X = 5(B - L) - 2Y_W.  \,
{ v=d/t}
\Omega /\Box 
\chi _{v}
{c \over v}={P \over {2\pi \tau }}
{ v_{g}^{2}/c^{2}=1-{\frac {c^{2}}{\lambda _{g}^{2}f^{2}}}}
{ \mathbf {F} =q\mathbf {v} \times \mathbf {B} }
h={{\frac  {2}{3g}}}r^{{{\frac  32}}}
F_n = m \cdot (V_{jfe} - V_a)
{ E_{k}\propto {\begin{matrix}\end{matrix}}mv^{2}}
10^{10^{56}}
{\frac  {4+0}{10}},{\frac  {4+3}{10}},{\frac  {4+6}{10}},{\frac  {4+12}{10}},{\frac  {4+24}{10}},{\frac  {4+48}{10}},.....
{ \mathbf {r} _{i}=\mathbf {r} _{i}}
{ {\text{Saybolt Furol viscosity}}={\frac {\text{Saybolt universal viscosity}}{10}}}
V=100{\cfrac  {{(L-U)}}{{(L-H)}}}
{\frac  {L_{{vap}}}{T_{{boiling}}}}\approx 87-88{\frac  {J}{Kmol}}
1\ {\mbox{PI}}=1\ {\mbox{Pa}}\cdot {\mbox{s}}=1\ {\mbox{N}}\cdot {\mbox{s}}/{\mbox{m}}^{{2}}=10\ {\mbox{dyn}}\cdot {\mbox{s}}/{\mbox{cm}}^{{2}}=10\ {\mbox{P}}
{ E_{\text{int}}^{\text{ion}}=E_{\text{int}}^{\text{neutral}}+h\nu -IE_{\text{ad}}}
I=I_{0}e^{{V/V_{T}}}
{ \Delta V^{o}=-RT\left({\frac {\partial \ln K}{\partial P}}\right)_{T}}
{ {\frac {k_{H}}{k_{T}}}=({\frac {k_{H}}{k_{D}}})^{1.442}}
{ {\ce {{{\mathit {a}}A}+{\mathit {b}}B<=>{{\mathit {c}}C}+{\mathit {d}}D}}}
{ {\begin{bmatrix}x'\y'\1\end{bmatrix}}={\begin{bmatrix}\cos({\frac {\pi }{2}})&\sin({\frac {\pi }{2}})&0\-2\sin({\frac {\pi }{2}})&2\cos({\frac {\pi }{2}})&0\0&0&1\end{bmatrix}}{\begin{bmatrix}x\y\1\end{bmatrix}}}
{ W=1/2\epsilon E^{2}}
k_{B}T
 p = \min \left( 1, \frac{ \exp \left( -\frac{E_j}{kT_i} - \frac{E_i}{kT_j} \right) }{ \exp \left( -\frac{E_i}{kT_i} - \frac{E_j}{kT_j} \right) } \right) = \min \left( 1, e^{(E_i - E_j) \left( \frac{1}{kT_i} - \frac{1}{kT_j} \right)} \right) ,
{ {\begin{bmatrix}{\frac {\alpha _{1}^{\mu }}{\alpha _{1}-w_{1}}}&\cdots &{\frac {\alpha _{n}^{\mu }}{\alpha _{n}-w_{1}}}\\vdots &\ddots &\vdots \{\frac {\alpha _{1}^{\mu }}{\alpha _{1}-w_{s}}}&\cdots &{\frac {\alpha _{n}^{\mu }}{\alpha _{n}-w_{s}}}\\end{bmatrix}}}
{ {\begin{Bmatrix}6\3\end{Bmatrix}}}
f(z)={\frac  {z}{1-|z|^{2}}}
{ V={\begin{matrix}{\frac {4}{3}}\end{matrix}}\pi r^{3}}
\ln(1 + x) = x - \frac{1}{2}x^2 + \frac{1}{3}x^3 - \frac{1}{4}x^4 + \cdots.
\mathbf {C} _{a}={\frac {\mathbf {C} _{t}\mathbf {V} _{t}\mathbf {M} }{\mathbf {V} _{a}}}
s=A\,T^{{1/2}}\,e^{{-b/T}}
 {{\frac  {\log {3}}{\log {2}}}=1.5849...}
{ \left|e-{\frac {p}{q}}\right|>{\frac {1}{(S(q)+1)!}}.}
d_{P}(w)=\left({\limsup _{k\rightarrow \infty }{\frac {n_{k+1}}{n_{k}}}}\right)^{-1}\ .
{v}={\frac  {\Delta f}{f}}{\frac  {c}{2}}\,
Insertformulahere
(x-3)x^{{28}}(x+3)(x^{2}-6)^{{21}}(x^{2}-2)^{{27}}.\ 
{  \pi =Area/radius^{2}.}
{ \sin 2\pi x}
{ 10^{-}}
k^{{2}}=1-{\frac  {\mu }{h^{2}}}
\rightleftharpoons 
 P= F/A 
{ {\hat {y}}=f(x)}
\rho =A\cdot \tau ^{2}-B
F=ma
C_{n}^{2}

\begin{array}{ccccccccccccc}
& 1 & & 4 & & 2 & & 8 & & 5 & & 7 \
\searrow & & \searrow & & \searrow & & \searrow & & \searrow & & \searrow & & \searrow \
& 7 & & 1 & & 4 & & 2 & & 8 & & 5
\end{array}

F_{{i}}^{{X}}=\sigma \left\{\left.X_{{j}}^{{-1}}(A)\right|j\in I,j\leq i,A\in \Sigma \right\},
{\frac  {\lambda \operatorname E(S^{2})}{2\{1-\lambda \operatorname E(S)\}}}
{ V^{5}+W^{5}+X^{5}+Y^{5}+Z^{5}=0}
{ H^{0}(L^{N})}
C\to PShv(C)
\pi _{*}F\to \pi _{*}G
{ {\mathcal {O}}_{X}^{\ast }}
{ x_{1}x_{2}x_{3}+x_{2}x_{3}x_{4}+x_{3}x_{4}x_{5}+x_{4}x_{5}x_{1}+x_{5}x_{1}x_{2}=0.\,}
\pi _{1}(X)
z->z^{n}
{ P\to Q,\neg P\vdash true}
{\begin{bmatrix}1&31&12&-3\7&2\1&2&2\end{bmatrix}}
x_{4}=x_{3}+(x_{3}-x_{1}){\frac {\operatorname {sign} [f(x_{1})-f(x_{2})]f(x_{3})}{\sqrt {f(x_{3})^{2}-f(x_{1})f(x_{2})}}}.
{ 485{\frac {16364}{96431}}}
{ \sum _{k|(n+1)}{\frac {\mu (k)}{k}}={\frac {\varphi (n+1)}{n+1}}?}
 {\delta _{{ii}}=3}\,\;
{\mathfrak  {pgl}}(n,\mathbb{R} )\cong {\mathfrak  {sl}}(n,\mathbb{R} ),
{\dot  x}=-c\cdot x
{\frac {?}{0}}
{ 12000-\varepsilon }
{ (\emptyset ,\emptyset )}
 {\sqrt  {gh}}
{ {\frac {({\widehat {\beta }}-\beta ){\sqrt {n-2}}}{\sqrt {\operatorname {SSE} \sum _{i=1}^{n}\left(x_{i}-{\overline {x}}\right)^{2}}}}}
{ \Phi _{3}^{4}}
 =
 N_{i}=[1+\exp({\frac  {E_{i}-\mu }{kT}})]^{{-1}}
\frac{A}{\sin \alpha}=\frac{B}{\sin \beta}=\frac{C}{\sin \gamma}
2^{32}
n \choose 2
r(A,B)={{|S(A)\cap S(B)|} \over {|S(A)\cup S(B)|}}
{ H={\begin{bmatrix}-P^{T}|I_{n-k}\end{bmatrix}}}
\leftarrow 
{ {\frac {\text{sh}}{\text{c}}}{\text{ould}}}
\nabla 
{ \sum _{k=-\infty }^{\infty }(4k+1)^{-n}}
{\ell }k(\kappa _{1},\kappa _{2})={\frac {1}{4\pi }}\int _{\kappa _{1}}\int _{\kappa _{2}}{\frac {\langle dv_{1}\times dv_{2},v_{1}-v_{2}\rangle }{\left|v_{1}-v_{2}\right|^{3}}}
{ {\begin{aligned}\Pr({\text{outcome of 1st toss}}=1)&=\Pr(1\mid {\text{fair}})\Pr({\text{fair}})+\Pr(1\mid {\text{biased}})\Pr({\text{biased}})\&={\frac {1}{6}}\cdot {\frac {1}{2}}+{\frac {2}{7}}\cdot {\frac {1}{2}}={\frac {19}{84}}=0.22619\dots \,.\end{aligned}}}
\mathbb {B} 
{\frac {a}{0}}
{ T=2\pi {\sqrt {a^{3}/GM}}}
{ \sigma <0,\sigma \not \in \mathbb {R} }
{ U\subset F\implies U=F}
{ A=VTV^{*}}
{ {\frac {1}{\sigma ^{2}{\sqrt {2\pi }}}}\;e^{-\left[{\frac {1}{2}}{\frac {\left(x-\mu \right)^{2}}{\sigma ^{2}}}\right]}}
y=f(x)
D={\sqrt  {{\frac  {18\eta \,\ln(R_{f}/R_{i})}{(\rho _{p}-\rho _{f})\omega ^{2}t}}}}
p_j=1
{ {I_{z} \over I_{0}}=e^{-kz}}
{ {\frac {\partial F}{\partial x}}={\frac {\partial }{\partial x}}\int _{x_{0}}^{x}I(t,y_{0})dt+{\frac {\partial }{\partial x}}\int _{y_{0}}^{y}J(x,t)dt}
M=\left({\begin{array}{ccccc}T&I&0&0&0\I&T&I&0&0\0&I&T&I&0\0&0&I&T&I\0&0&0&I&T\end{array}}\right)
{1 \over (cM(x))}\int b(x)cM(x)dx
{ \times \left( \frac{([{}^{18}O]/[{}^{16}O])}{([{}^{18}O]/[{}^{16}O])_{\mathrm{VSMOW}}} - 1\right)}
{\frac {1}{5}}
\chi \ =\int _{{0}}^{{\infty }}{\frac  {q}{\pi \left(ucdx^{2}\right)\left(cos\alpha \ \right)}}\left(\exp {\frac  {y^{2}}{2c^{2}x^{2}}}\right)dx
{ GT={\frac {TS}{\sum _{k=1}^{N}(T-T_{\text{crit}})}}}
{ ds^{2}=dr^{2}+r^{2}d\theta ^{2}+dz^{2}}
p v^{\,n} = C
\lesssim 0.2M_{{\odot }}
{ \forall x.A(x)\Rightarrow B(x)}
{ U\,=\,{\frac {H}{h}}\left({\frac {\lambda }{h}}\right)^{2}\,=\,{\frac {H\,\lambda ^{2}}{h^{3}}},}
P=CV^{2}f.
{ {\mbox{TED spread}}={{\mbox{3-month LIBOR rate}}-{\mbox{3-month T-bill interest rate}}}}
{\sqrt  2}=1.4142
\text{Residual value} = 10\% \times (20{,}000) = 2{,}000
{ 3k_{b}T}
[x_{i}\,,p_{0}]=p_{i}/p_{0}~.
{ (x-10)(x-2)^{35}(x+4)^{20}.\,}
\{5,4,2;1,1,4\}
\subset 
V_{{oc}}
{\frac {5!}{5}}\;=\;4!\;=\;4\times 3\times 2\times 1\;=\;24
{ u_{t}+u_{xxx}-\alpha u^{2}\,u_{x}-\beta u_{xx}=0.}
{ k=f^{i}(\bot )=f(f^{i}(\bot ))}
{ (1-t^{2}){\frac {d^{2}y}{dt^{2}}}-2(b+1)t\,{\frac {dy}{dt}}+(c-4qt^{2})\,y=0}
{ T={\frac {\hbar a}{2\pi kc}}}
\sigma _{1}-\sigma _{2}
{ 3^{3}\cdot 5^{7}:2^{21}}
{ T_{M}=T_{Ref}\left({\frac {P_{M}-P_{Ref}}{a}}+1\right)^{\frac {1}{c}}}
{ {\frac {\partial n}{\partial t}}+{\frac {\partial n}{\partial a}}=-\mu (t,a)n.}
\lambda _{g}
{ d_{i,i+1}={\sqrt {\left(\left(x_{i+1}-x_{i}\right)^{2}+\left(y_{i+1}-y_{i}\right)^{2}+\left(z_{i+1}-z_{i}\right)^{2}\right)}}}
W_T = \sum^n_{i=1} W_i. 
Points\ difference\ ={\frac  {14}{No\ of\ teams\ -\ 4}}
{\mathbb  R}^{4}
{ {\mathcal {B}}(x)}
{ {\mathbb {R}}\cup \{\infty \}}
{ {\frac {\Delta R}{R}}=\alpha \Delta {\epsilon }_{1}+\beta \Delta {\epsilon }_{2}}
{ p_{x,y}}
{ {\begin{aligned}&\max _{1\leq i\leq n}x_{i}\&{\mbox{max}}_{1\leq i\leq n}x_{i}\end{aligned}}}
{\sqrt  2}W+X
{ e^{\pi i}}
{\sqrt  {3}}/2
{ S={\begin{bmatrix}T1&T2\W(A)&\&W(B)\W(B)&\Com.&\&W(A)\&Com.\end{bmatrix}}}
{ \lambda {\sqrt {|S|\cdot |T|}}\,.}
\phi _{n}
{ p_{n+1}-p_{n}<\log ^{2}p_{n}}
{ d_{EP}d_{EQ}=d_{ES}d_{ET}}
C=ET,
A\land B
{ \mathbf {a} \times \mathbf {b} =\mathbf {\hat {n}} \left|\mathbf {a} \right|\left|\mathbf {b} \right|\sin \theta }
f(x,y)=(a-x)^{2}+b(y-x^{2})^{2}
{ P_{RL}=k_{B}T_{s}B_{n}}
c_{v}=0,-1
{ ={\frac {60}{Headway}}}
{ m_{\lambda }-M_{\lambda }=5\,\log \,d-5+A_{\lambda }}
{ {\begin{aligned}2\cdot R_{*}&={\frac {(18.03\cdot 5.46\cdot 10^{-3})\ {\text{AU}}}{0.0046491\ {\text{AU}}/R_{\bigodot }}}\&\approx 21.2\cdot R_{\bigodot }\end{aligned}}}
{ x_{1}=x_{2}=x_{3}=0.5}
m_{{x}}=-2.5\log _{{10}}(F_{x})+C\!\,
a^{3}=(m_{1}+m_{2})P^{2}
{\begin{bmatrix}-1&0&0\0&-1&0\0&0&1\end{bmatrix}}
3.7\times10^6\times3\mathrm{ km}\approx11\times10^6\mathrm{ km}
{ \int e^{x}\sin x\,dx=Ge^{x}(\sin {x}-\cos x)+C={\frac {e^{x}(\sin {x}-\cos {x})}{2}}+C}
{\mathrm  {C_{6}H_{{12}}O_{6}\rightarrow 2CO_{2}+2C_{2}H_{5}OH}}
{ p={\frac {h}{\lambda }}={\frac {hn}{\lambda _{0}}}}
{ p,q,\varpi }
{ S(g)={\frac {s(g)}{s_{max}}}}
{ (0,0,0,0,0,0,0,0,0)}
E_{m,n}=2^{n-m}{n \choose m}
\Mu \Alpha \Theta
A_{{25}}^{2}
{ k=10j-999999n}
\{\dots ,6,8,\dots ,16,18,\dots ,66,68,69,80,\dots \}
{ {\begin{aligned}{\text{sensitivity}}&={\frac {\text{number of true positives}}{{\text{number of true positives}}+{\text{number of false negatives}}}}={\frac {\text{number of true positives}}{\text{number of positives}}}\\&={\text{probability of a positive test, given that the patient is ill}}\end{aligned}}}
{\mbox{Pearl-Index}}={\frac  {{\mbox{Number of Pregnancies}}\cdot 12}{{\mbox{Number of Women}}\cdot {\mbox{Number of Months}}}}\cdot 100
a^{\ell }+b^{\ell }=c^{\ell }.\ 
e=mc^{2}
{ e_{w}}
MV=PY
{ 1/3000*1/4=dt}
{  ad(x)T=[T,x]=Tx-xT\,}
{ \int _{0}^{\infty }{\frac {dx}{x}}>0.}
{ r^{4}+2r^{3}\cos(\theta )+r^{2}=4}
{ \mathrm {4\ NH_{4}^{+}\ +\ 6\ HCHO\ +\ 4\ H_{2}O\longrightarrow \ (CH_{2})_{6}N_{4}+\ 6\ H_{2}O\ +\ 4\ H_{3}O^{+}} }
{ \Theta (m\log {m})}
{ {\frac {1}{{\frac {1}{88}}-{\frac {1}{365.24}}}}\approx 116}
{ {\rm {{Surplus\ Transfer\ Value}=\left({{\rm {{Total\ value\ of\ Candidate's\ votes}-{\rm {Quota}}}} \over {\rm {Total\ value\ of\ Candidate's\ votes}}}\right)\times {\rm {Value\ of\ each\ vote}}}}}
{ \Delta T_{f}={\frac {\Delta H_{TF}^{fus}-2RT_{F}\log {a_{liq}}-{\sqrt {2\Delta C_{P}^{fus}T_{F}^{2}R\log {a_{liq}}(\Delta H_{TF}^{fus})^{2}}}}{2(\Delta H_{TF}^{fus}/T_{F}+0.5\Delta C_{P}^{fus}-R\log {a_{liq}})}}}
{ 1.5x10^{-14}}
{ {\frac {d}{dx}}\int _{a}^{g(x)}f(t)dt=f(g(x))g'(x)}
{ \;\sideset {}{_{0}^{e}}\prod _{x\in \Re }{x}={\sqrt {2}}}
{ {\frac {3^{361}}{10}}}
{ {\frac {\left(Antiparallel~Resistance-Parallel~Resistance\right)}{Parallel~Resistance}}\times 100\%}
{ {\frac {2\pi a}{T}}}
{ \bigwedge _{i=1}^{k}\phi _{i}}
{\frac  {1}{6}}(a^{2}+b^{2}+c^{2}-4{\sqrt  {3}}\,\Delta ),
{ r=k[\mathrm {Co(NH_{3})_{5}Cl^{2+}} ][\mathrm {OH} ^{-}]}
A+B{\overset  {M}{\to }}C
{ toofunny!}
{ xD(s\to \pi )=F(x).}
{ {\sqrt {1{\mbox{ acre}}/\pi }}}
(n-1)
{ 2+3=5}
{ \exists (c)(\phi (c)\land \forall (a,b)(a+b=c\rightarrow \neg \phi (a)))}
{ 2\uparrow \uparrow 2}
{ NMSE=\left[{\frac {MSE(t-a)}{mean(variance(t))}}\right]}
{ \pm s_{i}:t_{i}}
{ 18x+(0.125x+8.875)\left(1+{\frac {|x-25.5|}{x-25.5}}\right)\cdot }
{ |\cdot |_{p}\leftrightarrow p\mathbb {Z} _{p}\leftrightarrow p\in \mathbb {Z} {\mbox{  is prime}}}
{ {\frac {p^{2}}{2m}}_{He-3}>{\frac {p^{2}}{2m}}_{He-4}}
{ \langle n|n'\rangle =\delta _{nn'}{\text{ means }}\int {\psi _{n}^{*}\psi _{n'}}d\tau =0{\text{ if }}n\neq n'{\text{ and }}\int {\psi _{n}^{*}\psi _{n'}}d\tau =1{\text{ if }}n=n'}
f\in \Omega (\log(n))
{ {\mathsf {NSPACE}}\left(f\left(n\right)\right)\subseteq {\mathsf {DSPACE}}\left(\left(f\left(n\right)\right)^{2}\right).}
{\mbox{AC}}^{0}\subsetneq {\mbox{AC}}^{0}[p]\subsetneq {\mbox{TC}}^{0}\subseteq {\mbox{NC}}^{1}.
{\mbox{TC}}^{0}\subsetneq {\mbox{PP}}
\exists x_{1}\,\exists x_{2}\,\exists x_{3}\,\exists x_{4}:(x_{1}\lor \neg x_{3}\lor x_{4})\land (\neg x_{2}\lor x_{3}\lor \neg x_{4})
\exists x_{1}\,\forall x_{2}\,\exists x_{3}\,\forall x_{4}:(x_{1}\lor \neg x_{3}\lor x_{4})\land (\neg x_{2}\lor x_{3}\lor \neg x_{4})
{ DTIME\left(n^{O\left(1\right)}\right)}
{ P=\bigcup _{k\in \mathbb {N} }DTIME\left(n^{k}\right)}
{\binom {n}{k}}
{\textbf  {NP}}\subseteq {\textbf  {P}}/{\text{poly}}
M,a\models\phi\to\psi\iff\forall b,c((Rabc\land M,b\models\phi)\Rightarrow M,c\models\psi)
M,a\models\lnot\phi\iff M,a^*\not\models\phi
{\begin{Bmatrix}5\3\end{Bmatrix}}
t\begin{Bmatrix} 5 \ 3 \end{Bmatrix}
{ r_{u}={\frac {a}{2}}{\sqrt {1+9\varphi ^{2}}}={\frac {a}{4}}{\sqrt {58+18{\sqrt {5}}}}\approx 2.478\,018\,66a}
{ {\begin{aligned}A&=\left(20\cdot {\frac {3}{2}}{\sqrt {3}}+12\cdot {\frac {5}{4}}{\sqrt {1+{\frac {2}{\sqrt {5}}}}}\right)a^{2}\approx 72.607\,253a^{2}\V&={\frac {1}{4}}\left(125+43{\sqrt {5}}\right)a^{3}\approx 55.287\,7308a^{3}.\\end{aligned}}}
Z=\sum _{i=1}^{100}{1 \over (i+a)^{2}}
({\frac {x-1}{2}})^{2}+({\frac {x+1}{2}})^{2}=y^{2}
{ {\sqrt {\frac {5-{\sqrt {5}}}{2}}}}
365.2421896698-6.15359\times 10^{-6}T-7.29\times 10^{-10}T^{2}+2.64\times 10^{-10}T^{3}
{\frac {97}{400}}
{ 1~{\text{P}}=0.100~{\text{kg}}\cdot {\text{m}}^{-1}\cdot {\text{s}}^{-1}=1~{\text{g}}\cdot {\text{cm}}^{-1}\cdot {\text{s}}^{-1}.}
{ 1~{\text{Pa}}\cdot {\text{s}}=1~{\text{kg}}\cdot {\text{m}}^{-1}\cdot {\text{s}}^{-1}=10~{\text{P}}.}
{\begin{bmatrix}A&B\C&D\end{bmatrix}}^{{-1}}={\begin{bmatrix}E&F\G&H\end{bmatrix}}.
{\begin{aligned}\operatorname {nullity}\,A&=\operatorname {nullity}\,H,\\operatorname {nullity}\,B&=\operatorname {nullity}\,F,\\operatorname {nullity}\,C&=\operatorname {nullity}\,G,\\operatorname {nullity}\,D&=\operatorname {nullity}\,E.\end{aligned}}
A^{{\alpha }}\to A
\sin \theta \approx \theta ,\quad \tan \theta \approx \theta \quad {\text{and}}\quad \cos \theta \approx 1.
{  \cos \theta \approx 1 - { \theta^2 \over 2 } \ .}
\delta (r_{1}r_{2})=\sigma (r_{1})\delta (r_{2})+\delta (r_{1})r_{2}.
xr=\sigma (r)x+\delta (r).
e_{j}\to e_{{j+1}}
l^2
\Delta \nu ={\frac  {c}{2L}}
\Delta t={\frac  {0.441}{N\Delta \nu }}.
0\leqslant \left(1-{\frac {L}{R_{1}}}\right)\left(1-{\frac {L}{R_{2}}}\right)\leqslant 1.
g_{1}=1-{\frac {L}{R_{1}}},\qquad g_{2}=1-{\frac {L}{R_{2}}}
{ {\ce {\underbrace {2C3H6} _{propene}+\underbrace {9O2} _{oxygen}->\underbrace {6CO2} _{carbon\ dioxide}+\underbrace {6H2O} _{water}}}}
{ {\ce {\underbrace {C3H6} _{propene}+\underbrace {2O2} _{oxygen}->\underbrace {3H2O} _{water}+\underbrace {2C} _{\underset {(soot)}{carbon}}+\underbrace {CO} _{carbon\ monoxide}}}}
X[x,y]=\frac{(x^2-y^2)y'-2xyx'}{xy'-yx'}
Y[x,y]=\frac{(x^2-y^2)x'+2xyy'}{xy'-yx'}
xyz
{ {\rm {xyz}}}
{ {\begin{aligned}I&={\frac {R+G+B}{3}}\S&=1\,-\,{\frac {3}{(R+G+B)}}\,min(R,G,B)\H&=cos^{-1}\left({\frac {{\frac {1}{2}}((R-G)+(R-B))}{(R-G)^{2}+(R-B)(G-B)}}\right)^{\frac {1}{2}}\end{aligned}}}
i^{th}
smoothedRTT+max(G,4*RTTvariation)
\mathbf {\lim _{r\to \infty }R_{r}} =\mathbf {B} 
{\mathbf  {X}}\geq 0,\qquad \forall {i,j}\quad x_{{ij}}\geq 0.
n>1.
{ A\mapsto f(A)}
{ f(A)={\begin{cases}{\frac {1}{\det(A)}},&\det(A)>0;\+\infty ,&\det(A)\leq 0;\end{cases}}}
{ \|h\|_{H^{1}}=\|h\|_{1}+\|{\tilde {h}}\|_{1}}
{ f_{k}(x)=\mathbf {1} _{[0,1]}(x-k)-\mathbf {1} _{[0,1]}(x-k).}
\cos(x)+\cos(y)+\cos(z)=0\ 
\sin(x)\sin(y)\sin(z)+\sin(x)\cos(y)\cos(z)+\cos(x)\sin(y)\cos(z)+\cos(x)\cos(y)\sin(z)=0.\ 
U_{t}=\exp(it{\sqrt  {\Delta }})
\sqrt{\Delta}
{ L=BR^{\,}}
{ p=mu^{\,},}
{ 39\%\,}
A:X\to X^{*}
\exists \,c>0{\mbox{ s.t. }}\langle Au-Av,u-v\rangle \geq c\|u-v\|^{2}\quad \forall u,v\in X.
{ \left(1+{\frac {x}{\lambda }}\right)^{-\alpha }}
{ {\frac {\lambda ^{\alpha }}{(x+\lambda )^{\alpha }}}}
\gamma_1 : [0, 2] \rightarrow \mathbb{R}^2, ~\gamma_1(t) = (t, t^2),
\gamma_2 : [0, 1] \rightarrow \mathbb{R}^2, ~\gamma_2(t) = (2t, 4t^2).
-N_{F}{\frac  {7}{8}}{\frac  {\pi ^{2}}{90}}T^{4}
N_{F}
{ Q=K_{({\text{Final}})}-K_{({\text{Initial}})}=(m_{Final}-m_{Initial})c^{2}}
 Q = (m_\text{n} - m_\text{p} - m_\mathrm{\overline{\nu}} - m_\text{e})c^2 = K_p + K_e +K_{\overline{\nu}}= 0.782 MeV
{ {\frac {\partial p}{\partial t}}=0\quad {\text{for all }}t.}
{ p_{t}-p_{t-1}=0\quad {\text{for all }}t.}
S=\{s_{1},s_{2},s_{3},\dots ,s_{n}\}
\#S=n.
D={\frac  {2|E|}{|V|\,(|V|-1)}}
D={\frac  {|E|}{|V|\,(|V|-1)}}
{ \sum _{all~doublets}\!\!\!\!\mathrm {Tr} ~T^{a}T^{b}Y\propto \delta ^{ab}\sum _{all~doublets}Y=\sum _{all~doublets}Q=0~,}
{ -1+3\times {\frac {2-1}{3}}=0}
{ u=5/2}
{ u=8/5}
{ \mathrm {SD} ={\frac {\mathrm {ES} }{\tan 1''}}}
{ \mathrm {SD} \approx {\frac {\mathrm {ES} }{1''}}={\frac {1\,{\mbox{AU}}}{{\frac {1}{60\times 60}}\times {\frac {\pi }{180}}}}={\frac {648\,000}{\pi }}\,{\mbox{AU}}\approx 206\,264.81{\mbox{ AU}}.}
{\rm {1\ A=1{\frac {C}{s}}.}}
P(t)=I(t)\cdot V(t)\,
A \vee B = \{ x \in A\cup B \mid \not\exists y\in A\cup B\mbox{ s.t. }x < y\}.
A \wedge B = \{ x\in L_A\cap L_B\mid \not\exists y\in L_A\cap L_B\mbox{ s.t. }x < y\}.
{  \gamma \in (0,1]}
{ \sum _{n=-\infty }^{\infty }{\frac {(-1)^{n}J_{\alpha -\gamma n}(z)J_{\beta +\gamma n}(z)}{n+\mu }}={\frac {\pi }{\sin \mu \pi }}J_{\alpha +\gamma \mu }(z)J_{\beta -\gamma \mu }(z).}
C_1(M)>0
{ (fg)'=f'g+fg'\,}
x\mapsto ax+b
\int f(x)dx
\int f(x)\,dx
{ KE=h\nu -I_{j}-E_{\text{(vib,rot)}}^{*}}
\tau _{{\text{wind}}}=\rho _{{\text{air}}}C_{D}U_{h}^{2},
\rho _{{\text{air}}}
{ r_{i}={\frac {\varepsilon _{i}}{{\sqrt {\frac {RSS-\varepsilon _{i}^{2}}{df-1}}}{\sqrt {1-h_{i,i}}}}}}
{ r_{i}={\frac {\varepsilon _{i}}{{\sqrt {\frac {RSS-\varepsilon _{i}^{2}/(1-h_{i,i})}{df-1}}}{\sqrt {1-h_{i,i}}}}}}
{ x={\begin{pmatrix}0&1\0&0\end{pmatrix}}}
{ x^{2}=x^{3}={\begin{pmatrix}0&0\0&0\end{pmatrix}}}
\omega _{{mn}}={\sqrt  {{\frac  {D\pi ^{4}}{2\rho h}}}}\left({\frac  {m^{2}}{a^{2}}}+{\frac  {n^{2}}{b^{2}}}\right)\,.
{ \omega _{mn}={\sqrt {{\frac {D\pi ^{4}}{2\rho h}}\left({\frac {m^{2}}{a^{2}}}+{\frac {n^{2}}{b^{2}}}\right)}}\,.}
{ n\in \{0,3,6,9,12,15\}}
{ n\geq 18}
{\begin{matrix}&&{\text{S}}&{\text{E}}&{\text{N}}&{\text{D}}\+&&{\text{M}}&{\text{O}}&{\text{R}}&{\text{E}}\\hline =&{\text{M}}&{\text{O}}&{\text{N}}&{\text{E}}&{\text{Y}}\\end{matrix}}
\int_a^b
\int\!\int_D g(x,y)\, \mathrm{d}x\, \mathrm{d}y = \int_0^R  z   \left(\int_0^{2