1 x
2 https://en.wikipedia.org/wiki/Wikipedia:WikiProject_Outlines
1  {\frac {x^{n}}{n!}}
2 https://en.wikipedia.org/wiki/Wikipedia:Manual_of_Style
1 x^y \mod z
2 https://en.wikipedia.org/wiki/Nullary
1 (\left\{x|x<1\right\},\left\{x|x\geq 1\right\})
2 https://en.wikipedia.org/wiki/One
1  {\frac {1}{2}}
2 https://en.wikipedia.org/wiki/Wikipedia:Manual_of_Style/Dates_and_numbers
1 f(x_{1},x_{2},\dots ;a_{1},a_{2},\dots )
2 https://en.wikipedia.org/wiki/Semicolon
1 {\vec {F}}=m{\vec {a}}
2 https://en.wikipedia.org/wiki/Motion_%28physics%29
1 a^{2}+b^{2}=c^{2}
2 https://en.wikipedia.org/wiki/Pythagoras
1 S={\frac {c^{3}kA}{4\hbar G}}
2 https://en.wikipedia.org/wiki/String_theory
1 \mathrm {Ric} =k\,g
2 https://en.wikipedia.org/wiki/Theoretical_physics
1 *
2 https://en.wikipedia.org/wiki/Type_constructor
1 T_{J}=T_{a}+P_{D}\times R_{ja}
2 https://en.wikipedia.org/wiki/Operating_temperature
1 \mathbf {k} 
2 https://en.wikipedia.org/wiki/Photoluminescence
1 \aleph _{0}
2 https://en.wikipedia.org/wiki/Ryll-Nardzewski_theorem
1 
\left(\begin{array}{c}
x^1\
\vdots\
x^n
\end{array}\right)

2 https://en.wikipedia.org/wiki/Talk:Linear_form
1 { E=mc^{2}}
2 https://en.wikipedia.org/wiki/Quantum_gravity
1 { B=F^{-1}RF}
2 https://en.wikipedia.org/wiki/Topological_quantum_computer
1 \pi :G\rightarrow \operatorname {U} (H)
2 https://en.wikipedia.org/wiki/Unitary_representation
1 dy/dt=f(y),
2 https://en.wikipedia.org/wiki/Phase_space
1 |a|:={\begin{cases}a,&{\mbox{if }}0\leq a,\-a,&{\mbox{otherwise}},\end{cases}}
2 https://en.wikipedia.org/wiki/Ordered_ring
1 x^{8}=\left(\left(x^{2}\right)^{2}\right)^{2}.
2 https://en.wikipedia.org/wiki/Zenzizenzizenzic
1 n
2 https://en.wikipedia.org/wiki/User:Mgnbar
1 \mathbb {Z} 
2 https://en.wikipedia.org/wiki/Z_%28disambiguation%29
1 |G|=2^{N}\,
2 https://en.wikipedia.org/wiki/User_talk:Mhym
1 \partial 
2 https://en.wikipedia.org/wiki/Talk:Delta_%28letter%29
1 { {d^{2}\theta  \over dt^{2}}+{g \over \ell }\sin \theta =0\quad \quad \quad (1)}
2 https://en.wikipedia.org/wiki/User:Phancy_Physicist
1 \begin{array}{r}\zeta(s) = 0\ \Re(s) = \frac{1}{2}\end{array}
2 https://en.wikipedia.org/wiki/User:Omerks
1 \varepsilon (n)={\begin{cases}1,&{\mbox{if }}n=1\0,&{\mbox{if }}n\neq 1\end{cases}}
2 https://en.wikipedia.org/wiki/Unit_function
1 {\sqrt {-1}}
2 https://en.wikipedia.org/wiki/Popular_mathematics
1 I_{\mu }(f):=\int _{X}f\,d\mu .
2 https://en.wikipedia.org/wiki/Vague_topology
