1 Population\ growth\ rate={\frac {P(t_{2})-P(t_{1})}{P(t_{1})(t_{2}-t_{1})}}
2 https://en.wikipedia.org/wiki/Population_growth
1 \sharp \hat 4
2 https://en.wikipedia.org/wiki/Help:Musical_symbols
1 (\Omega ,{\mathcal {F}},P)
2 https://en.wikipedia.org/wiki/Almost_surely
1 E\in {\mathcal {F}}
2 https://en.wikipedia.org/wiki/Almost_surely
1 P[E]=1
2 https://en.wikipedia.org/wiki/Almost_surely
1 E
2 https://en.wikipedia.org/wiki/Almost_surely
1 P[E^C] = 0
2 https://en.wikipedia.org/wiki/Almost_surely
1 {\mathcal {F}}
2 https://en.wikipedia.org/wiki/Almost_surely
1 E^C
2 https://en.wikipedia.org/wiki/Almost_surely
1 N\in\mathcal F
2 https://en.wikipedia.org/wiki/Almost_surely
1 P[N]=0
2 https://en.wikipedia.org/wiki/Almost_surely
1 P
2 https://en.wikipedia.org/wiki/Almost_surely
1 (\{H,T\}, 2^{\{H, T\}}, \mathbb{P})
2 https://en.wikipedia.org/wiki/Almost_surely
1 \{\omega = H\}
2 https://en.wikipedia.org/wiki/Almost_surely
1 \{\omega=T\}
2 https://en.wikipedia.org/wiki/Almost_surely
1 \mathbb{P}[\omega = H] = p\in (0, 1)
2 https://en.wikipedia.org/wiki/Almost_surely
1 \mathbb{P}[\omega = T] = 1 - p
2 https://en.wikipedia.org/wiki/Almost_surely
1 \{X_i(\omega)\}_{i\in\mathbb{N}}
2 https://en.wikipedia.org/wiki/Almost_surely
1 X_i(\omega)=\omega_i
2 https://en.wikipedia.org/wiki/Almost_surely
1 X_{i}
2 https://en.wikipedia.org/wiki/Almost_surely
1 i
2 https://en.wikipedia.org/wiki/Almost_surely
1 \{H, H, H, \dots\}
2 https://en.wikipedia.org/wiki/Almost_surely
1 n
2 https://en.wikipedia.org/wiki/Almost_surely
1 \mathbb{P}[X_i = H, \ i=1,2,\dots,n]=\left(\mathbb{P}[X_1 = H]\right)^n = p^n
2 https://en.wikipedia.org/wiki/Almost_surely
1 n\rightarrow \infty 
2 https://en.wikipedia.org/wiki/Almost_surely
1 p\in (0,1)
2 https://en.wikipedia.org/wiki/Almost_surely
1 p
2 https://en.wikipedia.org/wiki/Almost_surely
1  \lim\limits_{n\to\infty}\frac{1}{n} = 0
2 https://en.wikipedia.org/wiki/Almost_surely
1 p^{1,000,000}\neq 0
2 https://en.wikipedia.org/wiki/Almost_surely
1 1 - p^{1,000,000}
2 https://en.wikipedia.org/wiki/Almost_surely
1 \frac{(1+\epsilon) \ln n}{n}
2 https://en.wikipedia.org/wiki/Almost_surely
1 \sin \theta 
2 https://en.wikipedia.org/wiki/Infinitesimal
1 \cos \theta 
2 https://en.wikipedia.org/wiki/Infinitesimal
1 \theta 
2 https://en.wikipedia.org/wiki/Infinitesimal
1 e^{\sqrt {\ln \ln x}}+\ln \ln x+\sum _{j=0}^{\infty }e^{x}x^{-j},
2 https://en.wikipedia.org/wiki/Infinitesimal
1 \mathbb {N} 
2 https://en.wikipedia.org/wiki/Infinitesimal
1 ^{*}\mathbb {N} 
2 https://en.wikipedia.org/wiki/Infinitesimal
1 \forall n\in \mathbb {N} ,\sin n\pi =0
2 https://en.wikipedia.org/wiki/Infinitesimal
1 \forall n\in {}^{*}\mathbb {N} ,{}^{*}\!\!\sin n\pi =0
2 https://en.wikipedia.org/wiki/Infinitesimal
1 \alpha 
2 https://en.wikipedia.org/wiki/Infinitesimal
1 \delta _{\alpha }
2 https://en.wikipedia.org/wiki/Infinitesimal
1 \int F(x)\delta _{\alpha }(x)=F(0)
2 https://en.wikipedia.org/wiki/Infinitesimal
1  x^{2}\ -\ y^{2}\ =\ 1
2 https://en.wikipedia.org/wiki/Hyperbolic_function
1  (\cosh \,a,\,\sinh \,a)
2 https://en.wikipedia.org/wiki/Hyperbolic_function
1  a
2 https://en.wikipedia.org/wiki/Hyperbolic_function
1  x
2 https://en.wikipedia.org/wiki/Hyperbolic_function
1 \sinh x={\frac {e^{x}-e^{-x}}{2}}={\frac {e^{2x}-1}{2e^{x}}}={\frac {1-e^{-2x}}{2e^{-x}}}
2 https://en.wikipedia.org/wiki/Hyperbolic_function
1 \cosh x={\frac {e^{x}+e^{-x}}{2}}={\frac {e^{2x}+1}{2e^{x}}}={\frac {1+e^{-2x}}{2e^{-x}}}
2 https://en.wikipedia.org/wiki/Hyperbolic_function
1 \tanh x={\frac {\sinh x}{\cosh x}}={\frac {e^{x}-e^{-x}}{e^{x}+e^{-x}}}=
2 https://en.wikipedia.org/wiki/Hyperbolic_function
1 ={\frac {e^{2x}-1}{e^{2x}+1}}={\frac {1-e^{-2x}}{1+e^{-2x}}}
2 https://en.wikipedia.org/wiki/Hyperbolic_function
1 { x\not =0}
2 https://en.wikipedia.org/wiki/Hyperbolic_function
1 \coth x={\frac {\cosh x}{\sinh x}}={\frac {e^{x}+e^{-x}}{e^{x}-e^{-x}}}=
2 https://en.wikipedia.org/wiki/Hyperbolic_function
1 ={\frac {e^{2x}+1}{e^{2x}-1}}={\frac {1+e^{-2x}}{1-e^{-2x}}}
2 https://en.wikipedia.org/wiki/Hyperbolic_function
1 \operatorname {sech} \,x={\frac {1}{\cosh x}}={\frac {2}{e^{x}+e^{-x}}}=
2 https://en.wikipedia.org/wiki/Hyperbolic_function
1 ={\frac {2e^{x}}{e^{2x}+1}}={\frac {2e^{-x}}{1+e^{-2x}}}
2 https://en.wikipedia.org/wiki/Hyperbolic_function
1 \operatorname {csch} \,x={\frac {1}{\sinh x}}={\frac {2}{e^{x}-e^{-x}}}=
2 https://en.wikipedia.org/wiki/Hyperbolic_function
1 ={\frac {2e^{x}}{e^{2x}-1}}={\frac {2e^{-x}}{1-e^{-2x}}}
2 https://en.wikipedia.org/wiki/Hyperbolic_function
1 \sinh x=-i\sin(ix)
2 https://en.wikipedia.org/wiki/Hyperbolic_function
1 \cosh x=\cos(ix)
2 https://en.wikipedia.org/wiki/Hyperbolic_function
1 \tanh x=-i\tan(ix)
2 https://en.wikipedia.org/wiki/Hyperbolic_function
1 \coth x=i\cot(ix)
2 https://en.wikipedia.org/wiki/Hyperbolic_function
1 \operatorname {sech} x=\sec(ix)
2 https://en.wikipedia.org/wiki/Hyperbolic_function
1 \operatorname {csch} x=i\csc(ix)
2 https://en.wikipedia.org/wiki/Hyperbolic_function
1 {\text{area}}=\int _{a}^{b}{\cosh {(x)}}\ dx=\int _{a}^{b}{\sqrt {1+\left({\frac {d}{dx}}\cosh {(x)}\right)^{2}}}\ dx={\text{arc length}}
2 https://en.wikipedia.org/wiki/Hyperbolic_function
1 f'=1-f^{2}
2 https://en.wikipedia.org/wiki/Hyperbolic_function
1 {\frac {1}{2}}f''=f^{3}-f;\quad f(0)=f'(\infty )=0
2 https://en.wikipedia.org/wiki/Hyperbolic_function
1 {\begin{aligned}\sinh(-x)&=-\sinh x\\cosh(-x)&=\cosh x\end{aligned}}
2 https://en.wikipedia.org/wiki/Hyperbolic_function
1 {\begin{aligned}\tanh(-x)&=-\tanh x\\coth(-x)&=-\coth x\\operatorname {sech} (-x)&=\operatorname {sech} x\\operatorname {csch} (-x)&=-\operatorname {csch} x\end{aligned}}
2 https://en.wikipedia.org/wiki/Hyperbolic_function
1 {\begin{aligned}\operatorname {arsech} x&=\operatorname {arcosh} {\frac {1}{x}}\\operatorname {arcsch} x&=\operatorname {arsinh} {\frac {1}{x}}\\operatorname {arcoth} x&=\operatorname {artanh} {\frac {1}{x}}\end{aligned}}
2 https://en.wikipedia.org/wiki/Hyperbolic_function
1 {\begin{aligned}\cosh x+\sinh x&=e^{x}\\cosh x-\sinh x&=e^{-x}\\cosh ^{2}x-\sinh ^{2}x&=1\end{aligned}}
2 https://en.wikipedia.org/wiki/Hyperbolic_function
1 {\begin{aligned}\operatorname {sech} ^{2}x&=1-\tanh ^{2}x\\operatorname {csch} ^{2}x&=\coth ^{2}x-1\end{aligned}}
2 https://en.wikipedia.org/wiki/Hyperbolic_function
1 { {\begin{aligned}\sinh(x+y)&=\sinh(x)\cosh(y)+\cosh(x)\sinh(y)\\cosh(x+y)&=\cosh(x)\cosh(y)+\sinh(x)\sinh(y)\\tanh(x+y)&={\frac {\tanh x+\tanh y}{1+\tanh x\tanh y}}\\end{aligned}}}
2 https://en.wikipedia.org/wiki/Hyperbolic_function
1 {\begin{aligned}\cosh(2x)&=\sinh ^{2}{x}+\cosh ^{2}{x}=2\sinh ^{2}x+1=2\cosh ^{2}x-1\\sinh(2x)&=2\sinh x\cosh x\end{aligned}}
2 https://en.wikipedia.org/wiki/Hyperbolic_function
1 {\begin{aligned}\sinh x+\sinh y&=2\sinh {\frac {x+y}{2}}\cosh {\frac {x-y}{2}}\\cosh x+\cosh y&=2\cosh {\frac {x+y}{2}}\cosh {\frac {x-y}{2}}\\end{aligned}}
2 https://en.wikipedia.org/wiki/Hyperbolic_function
1 {\begin{aligned}\sinh(x-y)&=\sinh(x)\cosh(y)-\cosh(x)\sinh(y)\\cosh(x-y)&=\cosh(x)\cosh(y)-\sinh(x)\sinh(y)\\end{aligned}}
2 https://en.wikipedia.org/wiki/Hyperbolic_function
1 {\begin{aligned}\sinh x-\sinh y&=2\cosh {\frac {x+y}{2}}\sinh {\frac {x-y}{2}}\\cosh x-\cosh y&=2\sinh {\frac {x+y}{2}}\sinh {\frac {x-y}{2}}\\end{aligned}}
2 https://en.wikipedia.org/wiki/Hyperbolic_function
1 { \sinh \left({\frac {x}{2}}\right)={\frac {\sinh(x)}{\sqrt {2(\cosh(x)+1)}}}=\operatorname {sgn}(x)\,{\sqrt {\frac {\cosh(x)-1}{2}}}}
2 https://en.wikipedia.org/wiki/Hyperbolic_function
1 { \cosh \left({\frac {x}{2}}\right)={\sqrt {\frac {\cosh(x)+1}{2}}}}
2 https://en.wikipedia.org/wiki/Hyperbolic_function
1 { \tanh \left({\frac {x}{2}}\right)={\frac {\sinh(x)}{\cosh(x)+1}}=\operatorname {sgn}(x)\,{\sqrt {\frac {\cosh(x)-1}{\cosh(x)+1}}}={\frac {e^{x}-1}{e^{x}+1}}}
2 https://en.wikipedia.org/wiki/Hyperbolic_function
1 { \tanh \left({\frac {x}{2}}\right)={\frac {\cosh(x)-1}{\sinh(x)}}=\coth(x)-\operatorname {csch} (x)}
2 https://en.wikipedia.org/wiki/Hyperbolic_function
1 { {\begin{aligned}\operatorname {arsinh} (x)&=\ln \left(x+{\sqrt {x^{2}+1}}\right)\\operatorname {arcosh} (x)&=\ln \left(x+{\sqrt {x^{2}-1}}\right);x\geq 1\\operatorname {artanh} (x)&={\frac {1}{2}}\ln \left({\frac {1+x}{1-x}}\right);\left|x\right|<1\\operatorname {arcoth} (x)&={\frac {1}{2}}\ln \left({\frac {x+1}{x-1}}\right);\left|x\right|>1\\operatorname {arsech} (x)&=\ln \left({\frac {1}{x}}+{\sqrt {{\frac {1}{x^{2}}}-1}}\right)=\ln \left({\frac {1+{\sqrt {1-x^{2}}}}{x}}\right);0<x\leq 1\\operatorname {arcsch} (x)&=\ln \left({\frac {1}{x}}+{\sqrt {{\frac {1}{x^{2}}}+1}}\right)=\ln \left({\frac {1+{\sqrt {x^{2}+1}}}{x}}\right);x\neq 0\end{aligned}}}
2 https://en.wikipedia.org/wiki/Hyperbolic_function
1 {\frac {d}{dx}}\sinh x=\cosh x\,
2 https://en.wikipedia.org/wiki/Hyperbolic_function
1 {\frac {d}{dx}}\cosh x=\sinh x\,
2 https://en.wikipedia.org/wiki/Hyperbolic_function
1 {\frac {d}{dx}}\tanh x=1-\tanh ^{2}x=\operatorname {sech} ^{2}x=1/\cosh ^{2}x\,
2 https://en.wikipedia.org/wiki/Hyperbolic_function
1 {\frac {d}{dx}}\coth x=1-\coth ^{2}x=-\operatorname {csch} ^{2}x=-1/\sinh ^{2}x\,
2 https://en.wikipedia.org/wiki/Hyperbolic_function
1 {\frac {d}{dx}}\ \operatorname {sech} \,x=-\tanh x\ \operatorname {sech} \,x\,
2 https://en.wikipedia.org/wiki/Hyperbolic_function
1 {\frac {d}{dx}}\ \operatorname {csch} \,x=-\coth x\ \operatorname {csch} \,x\,
2 https://en.wikipedia.org/wiki/Hyperbolic_function
1 {\frac {d}{dx}}\,\operatorname {arsinh} \,x={\frac {1}{\sqrt {x^{2}+1}}}
2 https://en.wikipedia.org/wiki/Hyperbolic_function
1 { {\frac {d}{dx}}\,\operatorname {arcosh} \,x={\frac {1}{\sqrt {x^{2}-1}}}}
2 https://en.wikipedia.org/wiki/Hyperbolic_function
1 {\frac {d}{dx}}\,\operatorname {artanh} \,x={\frac {1}{1-x^{2}}}
2 https://en.wikipedia.org/wiki/Hyperbolic_function
1 {\frac {d}{dx}}\,\operatorname {arcoth} \,x={\frac {1}{1-x^{2}}}
2 https://en.wikipedia.org/wiki/Hyperbolic_function
1 {\frac {d}{dx}}\,\operatorname {arsech} \,x=-{\frac {1}{x{\sqrt {1-x^{2}}}}}
2 https://en.wikipedia.org/wiki/Hyperbolic_function
1 { {\frac {d}{dx}}\,\operatorname {arcsch} \,x=-{\frac {1}{|x|{\sqrt {1+x^{2}}}}}}
2 https://en.wikipedia.org/wiki/Hyperbolic_function
1 {\frac {d^{2}}{dx^{2}}}\sinh x=\sinh x\,
2 https://en.wikipedia.org/wiki/Hyperbolic_function
1 {\frac {d^{2}}{dx^{2}}}\cosh x=\cosh x\,.
2 https://en.wikipedia.org/wiki/Hyperbolic_function
1 e^{x}
2 https://en.wikipedia.org/wiki/Hyperbolic_function
1 e^{-x}
2 https://en.wikipedia.org/wiki/Hyperbolic_function
1 f(x)=0
2 https://en.wikipedia.org/wiki/Hyperbolic_function
1 {\begin{aligned}\int \sinh(ax)\,dx&=a^{-1}\cosh(ax)+C\\int \cosh(ax)\,dx&=a^{-1}\sinh(ax)+C\\int \tanh(ax)\,dx&=a^{-1}\ln(\cosh(ax))+C\\int \coth(ax)\,dx&=a^{-1}\ln(\sinh(ax))+C\\int \operatorname {sech} (ax)\,dx&=a^{-1}\arctan(\sinh(ax))+C\\int \operatorname {csch} (ax)\,dx&=a^{-1}\ln \left(\tanh \left({\frac {ax}{2}}\right)\right)+C&=a^{-1}\ln \left|\operatorname {csch} (ax)-\coth(ax)\right|+C\end{aligned}}
2 https://en.wikipedia.org/wiki/Hyperbolic_function
1 {\begin{aligned}\int {{\frac {1}{\sqrt {a^{2}+u^{2}}}}\,du}&=\operatorname {arsinh} \left({\frac {u}{a}}\right)+C\\int {{\frac {1}{\sqrt {u^{2}-a^{2}}}}\,du}&=\operatorname {arcosh} \left({\frac {u}{a}}\right)+C\\int {\frac {1}{a^{2}-u^{2}}}\,du&=a^{-1}\operatorname {artanh} \left({\frac {u}{a}}\right)+C;u^{2}<a^{2}\\int {\frac {1}{a^{2}-u^{2}}}\,du&=a^{-1}\operatorname {arcoth} \left({\frac {u}{a}}\right)+C;u^{2}>a^{2}\\int {{\frac {1}{u{\sqrt {a^{2}-u^{2}}}}}\,du}&=-a^{-1}\operatorname {arsech} \left({\frac {u}{a}}\right)+C\\int {{\frac {1}{u{\sqrt {a^{2}+u^{2}}}}}\,du}&=-a^{-1}\operatorname {arcsch} \left|{\frac {u}{a}}\right|+C\end{aligned}}
2 https://en.wikipedia.org/wiki/Hyperbolic_function
1 \sinh x=x+{\frac {x^{3}}{3!}}+{\frac {x^{5}}{5!}}+{\frac {x^{7}}{7!}}+\cdots =\sum _{n=0}^{\infty }{\frac {x^{2n+1}}{(2n+1)!}}
2 https://en.wikipedia.org/wiki/Hyperbolic_function
1 \cosh x=1+{\frac {x^{2}}{2!}}+{\frac {x^{4}}{4!}}+{\frac {x^{6}}{6!}}+\cdots =\sum _{n=0}^{\infty }{\frac {x^{2n}}{(2n)!}}
2 https://en.wikipedia.org/wiki/Hyperbolic_function
1 {\begin{aligned}\tanh x&=x-{\frac {x^{3}}{3}}+{\frac {2x^{5}}{15}}-{\frac {17x^{7}}{315}}+\cdots =\sum _{n=1}^{\infty }{\frac {2^{2n}(2^{2n}-1)B_{2n}x^{2n-1}}{(2n)!}},\left|x\right|<{\frac {\pi }{2}}\\coth x&=x^{-1}+{\frac {x}{3}}-{\frac {x^{3}}{45}}+{\frac {2x^{5}}{945}}+\cdots =x^{-1}+\sum _{n=1}^{\infty }{\frac {2^{2n}B_{2n}x^{2n-1}}{(2n)!}},0<\left|x\right|<\pi \\operatorname {sech} \,x&=1-{\frac {x^{2}}{2}}+{\frac {5x^{4}}{24}}-{\frac {61x^{6}}{720}}+\cdots =\sum _{n=0}^{\infty }{\frac {E_{2n}x^{2n}}{(2n)!}},\left|x\right|<{\frac {\pi }{2}}\\operatorname {csch} \,x&=x^{-1}-{\frac {x}{6}}+{\frac {7x^{3}}{360}}-{\frac {31x^{5}}{15120}}+\cdots =x^{-1}+\sum _{n=1}^{\infty }{\frac {2(1-2^{2n-1})B_{2n}x^{2n-1}}{(2n)!}},0<\left|x\right|<\pi \end{aligned}}
2 https://en.wikipedia.org/wiki/Hyperbolic_function
1 B_{n}\,
2 https://en.wikipedia.org/wiki/Hyperbolic_function
1 E_{n}\,
2 https://en.wikipedia.org/wiki/Hyperbolic_function
1 {\frac {r^{2}u}{2}},
2 https://en.wikipedia.org/wiki/Hyperbolic_function
1 {\begin{aligned}\sinh(x+y)&=\sinh(x)\cosh(y)+\cosh(x)\sinh(y)\\cosh(x+y)&=\cosh(x)\cosh(y)+\sinh(x)\sinh(y)\\tanh(x+y)&={\frac {\tanh(x)+\tanh(y)}{1+\tanh(x)\tanh(y)}}\end{aligned}}
2 https://en.wikipedia.org/wiki/Hyperbolic_function
1 {\begin{aligned}\sinh(2x)&=2\sinh x\cosh x\\cosh(2x)&=\cosh ^{2}x+\sinh ^{2}x=2\cosh ^{2}x-1=2\sinh ^{2}x+1\\tanh(2x)&={\frac {2\tanh x}{1+\tanh ^{2}x}}\\sinh(2x)&={\frac {2\tanh x}{1-\tanh ^{2}x}}\\cosh(2x)&={\frac {1+\tanh ^{2}x}{1-\tanh ^{2}x}}\end{aligned}}
2 https://en.wikipedia.org/wiki/Hyperbolic_function
1 \sinh {\frac {x}{2}}={\sqrt {{\frac {1}{2}}(\cosh x-1)}}\,
2 https://en.wikipedia.org/wiki/Hyperbolic_function
1 \cosh {\frac {x}{2}}={\sqrt {{\frac {1}{2}}(\cosh x+1)}}\,
2 https://en.wikipedia.org/wiki/Hyperbolic_function
1 \tanh {\frac {x}{2}}={\sqrt {\frac {\cosh x-1}{\cosh x+1}}}={\frac {\sinh x}{\cosh x+1}}={\frac {\cosh x-1}{\sinh x}}=\coth x-\operatorname {csch} x.
2 https://en.wikipedia.org/wiki/Hyperbolic_function
1 \coth {\frac {x}{2}}=\coth x+\operatorname {csch} x.
2 https://en.wikipedia.org/wiki/Hyperbolic_function
1 e^{x}=\cosh x+\sinh x
2 https://en.wikipedia.org/wiki/Hyperbolic_function
1 e^{-x}=\cosh x-\sinh x
2 https://en.wikipedia.org/wiki/Hyperbolic_function
1 {\begin{aligned}e^{ix}&=\cos x+i\;\sin x\e^{-ix}&=\cos x-i\;\sin x\end{aligned}}
2 https://en.wikipedia.org/wiki/Hyperbolic_function
1 {\begin{aligned}\cosh(ix)&={\frac {1}{2}}\left(e^{ix}+e^{-ix}\right)=\cos x\\sinh(ix)&={\frac {1}{2}}\left(e^{ix}-e^{-ix}\right)=i\sin x\\cosh(x+iy)&=\cosh(x)\cos(y)+i\sinh(x)\sin(y)\\sinh(x+iy)&=\sinh(x)\cos(y)+i\cosh(x)\sin(y)\\tanh(ix)&=i\tan x\\cosh x&=\cos(ix)\\sinh x&=-i\sin(ix)\\tanh x&=-i\tan(ix)\end{aligned}}
2 https://en.wikipedia.org/wiki/Hyperbolic_function
1 2\pi i
2 https://en.wikipedia.org/wiki/Hyperbolic_function
1 \pi i
2 https://en.wikipedia.org/wiki/Hyperbolic_function
1 \operatorname {sinh} (z)
2 https://en.wikipedia.org/wiki/Hyperbolic_function
1 \operatorname {cosh} (z)
2 https://en.wikipedia.org/wiki/Hyperbolic_function
1 \operatorname {tanh} (z)
2 https://en.wikipedia.org/wiki/Hyperbolic_function
1 \operatorname {coth} (z)
2 https://en.wikipedia.org/wiki/Hyperbolic_function
1 \operatorname {sech} (z)
2 https://en.wikipedia.org/wiki/Hyperbolic_function
1 \operatorname {csch} (z)
2 https://en.wikipedia.org/wiki/Hyperbolic_function
1 A_{0}
2 https://en.wikipedia.org/wiki/Disjoint_union
1 A_{1}
2 https://en.wikipedia.org/wiki/Disjoint_union
1 
\begin{align}
    A^*_0 & = \{(1, 0), (2, 0), (3, 0)\} \
    A^*_1 & = \{(1, 1), (2, 1)\}
\end{align}
  
2 https://en.wikipedia.org/wiki/Disjoint_union
1 
    A_0 \sqcup A_1 = A^*_0 \cup A^*_1 = \{(1, 0), (2, 0), (3, 0), (1, 1), (2, 1)\}
  
2 https://en.wikipedia.org/wiki/Disjoint_union
1 
    \bigsqcup_{i\in I}A_i = \bigcup_{i\in I}\{(x,i) : x \in A_i\}.
  
2 https://en.wikipedia.org/wiki/Disjoint_union
1 
    A_i^* = \{(x,i) : x \in A_i\}.
  
2 https://en.wikipedia.org/wiki/Disjoint_union
1 
    \bigsqcup_{i\in I}A_i = A \times I.
  
2 https://en.wikipedia.org/wiki/Disjoint_union
1 
    \sum_{i\in I}A_i
  
2 https://en.wikipedia.org/wiki/Disjoint_union
1 \biguplus _{{i\in I}}A_{i}
2 https://en.wikipedia.org/wiki/Disjoint_union
1 { \quad \cdot \!\!\!\!\!\bigcup _{i\in I}A_{i}}
2 https://en.wikipedia.org/wiki/Disjoint_union
1 A_{i}^{*}
2 https://en.wikipedia.org/wiki/Disjoint_union
1 A_{i}
2 https://en.wikipedia.org/wiki/Disjoint_union
1 {\underset  {A\in C}{\,\,\bigcup \nolimits ^{{*}}\!}}A
2 https://en.wikipedia.org/wiki/Disjoint_union
1  \coprod
2 https://en.wikipedia.org/wiki/Disjoint_union
1  \bigsqcup
2 https://en.wikipedia.org/wiki/Disjoint_union
1  f(t)
2 https://en.wikipedia.org/wiki/Fourier_transform
1  {\hat {f}}(\omega )
2 https://en.wikipedia.org/wiki/Fourier_transform
1  g(t)
2 https://en.wikipedia.org/wiki/Fourier_transform
1  {\hat {g}}(\omega )
2 https://en.wikipedia.org/wiki/Fourier_transform
1  t
2 https://en.wikipedia.org/wiki/Fourier_transform
1  \omega 
2 https://en.wikipedia.org/wiki/Fourier_transform
1 f(t)
2 https://en.wikipedia.org/wiki/Fourier_transform
1 {\hat {f}}(\omega )
2 https://en.wikipedia.org/wiki/Fourier_transform
1 \omega 
2 https://en.wikipedia.org/wiki/Fourier_transform
1 g(t)
2 https://en.wikipedia.org/wiki/Fourier_transform
1 f
2 https://en.wikipedia.org/wiki/Fourier_transform
1 {\hat {f}}
2 https://en.wikipedia.org/wiki/Fourier_transform
1 f:\mathbb {R} \rightarrow \mathbb {C} 
2 https://en.wikipedia.org/wiki/Fourier_transform
1 { {\hat {f}}(\xi )=\int _{-\infty }^{+\infty }f(x)\ e^{-2\pi ix\xi }\,dx,}
2 https://en.wikipedia.org/wiki/Fourier_transform
1 { f(x)=\int _{-\infty }^{+\infty }{\hat {f}}(\xi )\ e^{2\pi i\xi x}\,d\xi ,}
2 https://en.wikipedia.org/wiki/Fourier_transform
1 L^{2}
2 https://en.wikipedia.org/wiki/Fourier_transform
1 L^{1}
2 https://en.wikipedia.org/wiki/Fourier_transform
1 L^{\infty }
2 https://en.wikipedia.org/wiki/Fourier_transform
1 c_{n}={\frac {1}{T}}\int _{-T/2}^{T/2}f(x)\ e^{-2\pi i(n/T)x}\,dx.
2 https://en.wikipedia.org/wiki/Fourier_transform
1 c_{n}=(1/T){\hat {f}}(n/T)
2 https://en.wikipedia.org/wiki/Fourier_transform
1 f(x)=\sum _{n=-\infty }^{\infty }c_{n}\ e^{2\pi i(n/T)x}=\sum _{n=-\infty }^{\infty }{\hat {f}}(\xi _{n})\ e^{2\pi i\xi _{n}x}\Delta \xi ,
2 https://en.wikipedia.org/wiki/Fourier_transform
1 {\hat {f}}(3)
2 https://en.wikipedia.org/wiki/Fourier_transform
1 {\hat {f}}(5)
2 https://en.wikipedia.org/wiki/Fourier_transform
1 \int _{-\infty }^{\infty }|f(x)|\,dx<\infty .
2 https://en.wikipedia.org/wiki/Fourier_transform
1 {\hat {f}}(\xi )
2 https://en.wikipedia.org/wiki/Fourier_transform
1 {\hat {g}}(\xi )
2 https://en.wikipedia.org/wiki/Fourier_transform
1 {\hat {h}}(\xi )
2 https://en.wikipedia.org/wiki/Fourier_transform
1 {\hat {h}}(\xi )=a\cdot {\hat {f}}(\xi )+b\cdot {\hat {g}}(\xi ).
2 https://en.wikipedia.org/wiki/Fourier_transform
1 h(x)=f(x-x_{0}),
2 https://en.wikipedia.org/wiki/Fourier_transform
1 {\hat {h}}(\xi )=e^{-i\,2\pi \,x_{0}\,\xi }{\hat {f}}(\xi ).
2 https://en.wikipedia.org/wiki/Fourier_transform
1 h(x)=e^{i\,2\pi \,x\,\xi _{0}}f(x),
2 https://en.wikipedia.org/wiki/Fourier_transform
1 {\hat {h}}(\xi )={\hat {f}}(\xi -\xi _{0}).
2 https://en.wikipedia.org/wiki/Fourier_transform
1 { h(x)=f(ax)}
2 https://en.wikipedia.org/wiki/Fourier_transform
1 {\hat {h}}(\xi )={\frac {1}{|a|}}{\hat {f}}\left({\frac {\xi }{a}}\right).
2 https://en.wikipedia.org/wiki/Fourier_transform
1 {\hat {h}}(\xi )={\hat {f}}(-\xi ).
2 https://en.wikipedia.org/wiki/Fourier_transform
1 h(x)={\overline {f(x)}},
2 https://en.wikipedia.org/wiki/Fourier_transform
1 {\hat {h}}(\xi )={\overline {{\hat {f}}(-\xi )}}.
2 https://en.wikipedia.org/wiki/Fourier_transform
1 {\hat {f}}(-\xi )={\overline {{\hat {f}}(\xi )}}
2 https://en.wikipedia.org/wiki/Fourier_transform
1 {\hat {f}}(-\xi )=-{\overline {{\hat {f}}(\xi )}}.
2 https://en.wikipedia.org/wiki/Fourier_transform
1 \xi =0
2 https://en.wikipedia.org/wiki/Fourier_transform
1 {\hat {f}}(0)=\int _{-\infty }^{\infty }f(x)\,dx.
2 https://en.wikipedia.org/wiki/Fourier_transform
1 {\hat {f}}.
2 https://en.wikipedia.org/wiki/Fourier_transform
1 {\mathcal {F}},
2 https://en.wikipedia.org/wiki/Fourier_transform
1 {\mathcal {F}}(f):={\hat {f}},
2 https://en.wikipedia.org/wiki/Fourier_transform
1 {\mathcal {F}}^{2}(f)(x)=f(-x),
2 https://en.wikipedia.org/wiki/Fourier_transform
1 {\mathcal {F}}^{4}(f)=f,
2 https://en.wikipedia.org/wiki/Fourier_transform
1 {\mathcal {F}}^{3}({\hat {f}})=f.
2 https://en.wikipedia.org/wiki/Fourier_transform
1 {\mathcal {P}}
2 https://en.wikipedia.org/wiki/Fourier_transform
1 {\mathcal {P}}[f]\colon t\mapsto f(-t),
2 https://en.wikipedia.org/wiki/Fourier_transform
1 {\mathcal {F}}^{0}=\mathrm {Id} ,\qquad {\mathcal {F}}^{1}={\mathcal {F}},\qquad {\mathcal {F}}^{2}={\mathcal {P}},\qquad {\mathcal {F}}^{4}=\mathrm {Id} 
2 https://en.wikipedia.org/wiki/Fourier_transform
1 {\mathcal {F}}^{3}={\mathcal {F}}^{-1}={\mathcal {P}}\circ {\mathcal {F}}={\mathcal {F}}\circ {\mathcal {P}}
2 https://en.wikipedia.org/wiki/Fourier_transform
1 t
2 https://en.wikipedia.org/wiki/Fourier_transform
1 \xi 
2 https://en.wikipedia.org/wiki/Fourier_transform
1 2\pi 
2 https://en.wikipedia.org/wiki/Fourier_transform
1 \omega =2\pi \xi 
2 https://en.wikipedia.org/wiki/Fourier_transform
1 {\hat {x}}_{1}
2 https://en.wikipedia.org/wiki/Fourier_transform
1 {\hat {x}}
2 https://en.wikipedia.org/wiki/Fourier_transform
1 {\hat {x}}_{1}(\omega )={\hat {x}}\left({\omega  \over 2\pi }\right)=\int _{-\infty }^{\infty }x(t)e^{-i\omega t}\,dt
2 https://en.wikipedia.org/wiki/Fourier_transform
1 x(t)={1 \over {2\pi }}\int _{-\infty }^{\infty }{\hat {x}}_{1}(\omega )e^{it\omega }\,d\omega .
2 https://en.wikipedia.org/wiki/Fourier_transform
1 {\sqrt {2\pi }}
2 https://en.wikipedia.org/wiki/Fourier_transform
1 {\hat {x}}_{2}(\omega )={\frac {1}{\sqrt {2\pi }}}\int _{-\infty }^{\infty }x(t)e^{-i\omega t}\,dt,
2 https://en.wikipedia.org/wiki/Fourier_transform
1 x(t)={1 \over {\sqrt {2\pi }}}\int _{-\infty }^{\infty }{\hat {x}}_{2}(\omega )e^{it\omega }\,d\omega .
2 https://en.wikipedia.org/wiki/Fourier_transform
1 i
2 https://en.wikipedia.org/wiki/Fourier_transform
1 -i
2 https://en.wikipedia.org/wiki/Fourier_transform
1 \phi 
2 https://en.wikipedia.org/wiki/Fourier_transform
1 X
2 https://en.wikipedia.org/wiki/Fourier_transform
1 x
2 https://en.wikipedia.org/wiki/Fourier_transform
1 \phi (\lambda )=\int _{-\infty }^{\infty }f(x)e^{i\lambda x}\,dx.
2 https://en.wikipedia.org/wiki/Fourier_transform
1 \|{\hat {f}}\|_{\infty }\leq \|f\|_{1}
2 https://en.wikipedia.org/wiki/Fourier_transform
1 {\hat {f}}(\xi )\to 0{\text{ as }}|\xi |\to \infty .
2 https://en.wikipedia.org/wiki/Fourier_transform
1 f(x)=\int _{-\infty }^{\infty }{\hat {f}}(\xi )e^{2i\pi x\xi }\,d\xi 
2 https://en.wikipedia.org/wiki/Fourier_transform
1 \int _{-\infty }^{\infty }f(x){\overline {g(x)}}\,{\rm {d}}x=\int _{-\infty }^{\infty }{\hat {f}}(\xi ){\overline {{\hat {g}}(\xi )}}\,d\xi ,
2 https://en.wikipedia.org/wiki/Fourier_transform
1 \int _{-\infty }^{\infty }\left|f(x)\right|^{2}\,dx=\int _{-\infty }^{\infty }\left|{\hat {f}}(\xi )\right|^{2}\,d\xi .
2 https://en.wikipedia.org/wiki/Fourier_transform
1 \sum _{n}{\hat {f}}(n)=\sum _{n}f(n).
2 https://en.wikipedia.org/wiki/Fourier_transform
1 {\widehat {f'\;}}(\xi )=2\pi i\xi {\hat {f}}(\xi ).
2 https://en.wikipedia.org/wiki/Fourier_transform
1 {\widehat {f^{(n)}}}(\xi )=(2\pi i\xi )^{n}{\hat {f}}(\xi ).
2 https://en.wikipedia.org/wiki/Fourier_transform
1 f(x)
2 https://en.wikipedia.org/wiki/Fourier_transform
1 |\xi |\to \infty 
2 https://en.wikipedia.org/wiki/Fourier_transform
1 |x|\to \infty 
2 https://en.wikipedia.org/wiki/Fourier_transform
1 h(x)=(f*g)(x)=\int _{-\infty }^{\infty }f(y)g(x-y)\,dy,
2 https://en.wikipedia.org/wiki/Fourier_transform
1 {\hat {h}}(\xi )={\hat {f}}(\xi )\cdot {\hat {g}}(\xi ).
2 https://en.wikipedia.org/wiki/Fourier_transform
1 {\hat {p}}(\xi )
2 https://en.wikipedia.org/wiki/Fourier_transform
1 {\hat {q}}(\xi )
2 https://en.wikipedia.org/wiki/Fourier_transform
1 h(x)=(f\star g)(x)=\int _{-\infty }^{\infty }{\overline {f(y)}}\,g(x+y)\,dy
2 https://en.wikipedia.org/wiki/Fourier_transform
1 {\hat {h}}(\xi )={\overline {{\hat {f}}(\xi )}}\,\cdot \,{\hat {g}}(\xi ).
2 https://en.wikipedia.org/wiki/Fourier_transform
1 h(x)=(f\star f)(x)=\int _{-\infty }^{\infty }{\overline {f(y)}}f(x+y)\,dy
2 https://en.wikipedia.org/wiki/Fourier_transform
1 {\hat {h}}(\xi )={\overline {{\hat {f}}(\xi )}}\,{\hat {f}}(\xi )=|{\hat {f}}(\xi )|^{2}.
2 https://en.wikipedia.org/wiki/Fourier_transform
1 {\psi }_{n}(x)={\frac {2^{1/4}}{\sqrt {n!}}}\,e^{-\pi x^{2}}\mathrm {He} _{n}(2x{\sqrt {\pi }}),
2 https://en.wikipedia.org/wiki/Fourier_transform
1 \mathrm {He} _{n}(x)=(-1)^{n}e^{\frac {x^{2}}{2}}\left({\frac {d}{dx}}\right)^{n}e^{-{\frac {x^{2}}{2}}}
2 https://en.wikipedia.org/wiki/Fourier_transform
1 {\hat {\psi }}_{n}(\xi )=(-i)^{n}{\psi }_{n}(\xi )
2 https://en.wikipedia.org/wiki/Fourier_transform
1 { L^{2}(\mathbb {R} )}
2 https://en.wikipedia.org/wiki/Fourier_transform
1 { (T_{y}f)(x)=f(x+y)}
2 https://en.wikipedia.org/wiki/Fourier_transform
1 { e^{2\pi ix\xi }}
2 https://en.wikipedia.org/wiki/Fourier_transform
1 { (M_{\xi }f)(x)=e^{2\pi ix\xi }f(x)}
2 https://en.wikipedia.org/wiki/Fourier_transform
1 { (M_{\xi }^{-1}T_{y}^{-1}M_{\xi }T_{y}f)(x)=e^{2\pi iy\xi }f(x)}
2 https://en.wikipedia.org/wiki/Fourier_transform
1 { e^{2\pi iy\xi }\in U(1)}
2 https://en.wikipedia.org/wiki/Fourier_transform
1 { (x,\xi ,z)\in \mathbb {R} ^{2}\times U(1)}
2 https://en.wikipedia.org/wiki/Fourier_transform
1 { (x_{1},\xi _{1},t_{1}).(x_{2},\xi _{2},t_{2})=(x_{1}+x_{2},\xi _{1}+\xi _{2},t_{1}t_{2}e^{2\pi i(x_{1}\xi _{1}+x_{2}\xi _{2}+x_{1}\xi _{2}}).}
2 https://en.wikipedia.org/wiki/Fourier_transform
1 H_{1}
2 https://en.wikipedia.org/wiki/Fourier_transform
1 { \rho :H_{1}\to B(L^{2}(\mathbb {R} ))}
2 https://en.wikipedia.org/wiki/Fourier_transform
1 \mathbb {R} ^{2}
2 https://en.wikipedia.org/wiki/Fourier_transform
1 { J{\begin{pmatrix}x\\xi \end{pmatrix}}={\begin{pmatrix}-\xi \x\end{pmatrix}}}
2 https://en.wikipedia.org/wiki/Fourier_transform
1 J^{2}=-I
2 https://en.wikipedia.org/wiki/Fourier_transform
1 J
2 https://en.wikipedia.org/wiki/Fourier_transform
1 { j(x,\xi ,t)=(-\xi ,x,te^{-2\pi ix\xi }).}
2 https://en.wikipedia.org/wiki/Fourier_transform
1 \rho 
2 https://en.wikipedia.org/wiki/Fourier_transform
1 { \rho \circ j}
2 https://en.wikipedia.org/wiki/Fourier_transform
1 { W\in U(L^{2}(\mathbb {R} ))}
2 https://en.wikipedia.org/wiki/Fourier_transform
1 { \rho \circ j=W\rho W^{*}.}
2 https://en.wikipedia.org/wiki/Fourier_transform
1 W^{2}
2 https://en.wikipedia.org/wiki/Fourier_transform
1 { (W^{2}f)(x)=f(-x)}
2 https://en.wikipedia.org/wiki/Fourier_transform
1 {\hat {f}}(\xi )=\int _{-\infty }^{\infty }e^{-2\pi i\xi t}f(t)\,dt
2 https://en.wikipedia.org/wiki/Fourier_transform
1 \xi =\sigma +i\tau 
2 https://en.wikipedia.org/wiki/Fourier_transform
1 n
2 https://en.wikipedia.org/wiki/Fourier_transform
1 {\hat {f}}(\sigma +i\tau )
2 https://en.wikipedia.org/wiki/Fourier_transform
1 a>0
2 https://en.wikipedia.org/wiki/Fourier_transform
1 n\geq 0
2 https://en.wikipedia.org/wiki/Fourier_transform
1 \vert \xi ^{n}{\hat {f}}(\xi )\vert \leq Ce^{a\vert \tau \vert }
2 https://en.wikipedia.org/wiki/Fourier_transform
1 C
2 https://en.wikipedia.org/wiki/Fourier_transform
1 [-a,a]
2 https://en.wikipedia.org/wiki/Fourier_transform
1 \sigma 
2 https://en.wikipedia.org/wiki/Fourier_transform
1 \tau 
2 https://en.wikipedia.org/wiki/Fourier_transform
1 n=0
2 https://en.wikipedia.org/wiki/Fourier_transform
1 t\geq 0
2 https://en.wikipedia.org/wiki/Fourier_transform
1 \tau <0
2 https://en.wikipedia.org/wiki/Fourier_transform
1 F(s)
2 https://en.wikipedia.org/wiki/Fourier_transform
1 s
2 https://en.wikipedia.org/wiki/Fourier_transform
1 \vert f(t)\vert <Ce^{a\vert t\vert }
2 https://en.wikipedia.org/wiki/Fourier_transform
1 C,a\geq 0
2 https://en.wikipedia.org/wiki/Fourier_transform
1 {\hat {f}}(i\tau )=\int _{-\infty }^{\infty }e^{2\pi \tau t}f(t)\,dt,
2 https://en.wikipedia.org/wiki/Fourier_transform
1 2\pi \tau <-a
2 https://en.wikipedia.org/wiki/Fourier_transform
1 F(s)=\int _{0}^{\infty }f(t)e^{-st}\,dt.
2 https://en.wikipedia.org/wiki/Fourier_transform
1 {\hat {f}}(i\tau )=F(-2\pi \tau ).
2 https://en.wikipedia.org/wiki/Fourier_transform
1 s=2\pi i\xi 
2 https://en.wikipedia.org/wiki/Fourier_transform
1 a\leq \tau \leq b
2 https://en.wikipedia.org/wiki/Fourier_transform
1 \int _{-\infty }^{\infty }{\hat {f}}(\sigma +ia)e^{2\pi i\xi t}\,d\sigma =\int _{-\infty }^{\infty }{\hat {f}}(\sigma +ib)e^{2\pi i\xi t}\,d\sigma 
2 https://en.wikipedia.org/wiki/Fourier_transform
1 f(t)=0
2 https://en.wikipedia.org/wiki/Fourier_transform
1 t<0
2 https://en.wikipedia.org/wiki/Fourier_transform
1 C,a>0
2 https://en.wikipedia.org/wiki/Fourier_transform
1 f(t)=\int _{-\infty }^{\infty }{\hat {f}}(\sigma +i\tau )e^{2\pi i\xi t}\,d\sigma ,
2 https://en.wikipedia.org/wiki/Fourier_transform
1 \tau <-{a \over 2\pi }
2 https://en.wikipedia.org/wiki/Fourier_transform
1 f(t)={\frac {1}{2\pi i}}\int _{b-i\infty }^{b+i\infty }F(s)e^{st}ds
2 https://en.wikipedia.org/wiki/Fourier_transform
1 b>a
2 https://en.wikipedia.org/wiki/Fourier_transform
1 f(t)e^{-at}
2 https://en.wikipedia.org/wiki/Fourier_transform
1 {\hat {f}}({\boldsymbol {\xi }})={\mathcal {F}}(f)({\boldsymbol {\xi }})=\int _{\mathbb {R} ^{n}}f(\mathbf {x} )e^{-2\pi i\mathbf {x} \cdot {\boldsymbol {\xi }}}\,d\mathbf {x} 
2 https://en.wikipedia.org/wiki/Fourier_transform
1 \left\langle \mathbf {x} ,{\boldsymbol {\xi }}\right\rangle 
2 https://en.wikipedia.org/wiki/Fourier_transform
1 \int _{-\infty }^{\infty }|f(x)|^{2}\,dx=1.
2 https://en.wikipedia.org/wiki/Fourier_transform
1 D_{0}(f)=\int _{-\infty }^{\infty }x^{2}|f(x)|^{2}\,dx.
2 https://en.wikipedia.org/wiki/Fourier_transform
1 D_{0}(f)D_{0}({\hat {f}})\geq {\frac {1}{16\pi ^{2}}}
2 https://en.wikipedia.org/wiki/Fourier_transform
1 f(x)=C_{1}\,e^{-\pi x^{2}/\sigma ^{2}}
2 https://en.wikipedia.org/wiki/Fourier_transform
1 {\hat {f}}(\xi )=\sigma C_{1}\,e^{-\pi \sigma ^{2}\xi ^{2}}
2 https://en.wikipedia.org/wiki/Fourier_transform
1 C_{1}={\sqrt[{4}]{2}}/{\sqrt {\sigma }}
2 https://en.wikipedia.org/wiki/Fourier_transform
1 \left(\int _{-\infty }^{\infty }(x-x_{0})^{2}|f(x)|^{2}\,dx\right)\left(\int _{-\infty }^{\infty }(\xi -\xi _{0})^{2}|{\hat {f}}(\xi )|^{2}\,d\xi \right)\geq {\frac {1}{16\pi ^{2}}}
2 https://en.wikipedia.org/wiki/Fourier_transform
1 H(|f|^{2})+H(|{\hat {f}}|^{2})\geq \log(e/2)
2 https://en.wikipedia.org/wiki/Fourier_transform
1 H(p)=-\int _{-\infty }^{\infty }p(x)\log(p(x))\,dx
2 https://en.wikipedia.org/wiki/Fourier_transform
1 \lambda 
2 https://en.wikipedia.org/wiki/Fourier_transform
1 f(t)=\int _{0}^{\infty }\left[a(\lambda )\cos \left(2\pi \lambda t\right)+b(\lambda )\sin \left(2\pi \lambda t\right)\right]\,d\lambda .
2 https://en.wikipedia.org/wiki/Fourier_transform
1 a
2 https://en.wikipedia.org/wiki/Fourier_transform
1 b
2 https://en.wikipedia.org/wiki/Fourier_transform
1 a(\lambda )=2\int _{-\infty }^{\infty }f(t)\cos \left(2\pi \lambda t\right)\,dt
2 https://en.wikipedia.org/wiki/Fourier_transform
1 b(\lambda )=2\int _{-\infty }^{\infty }f(t)\sin \left(2\pi \lambda t\right)\,dt.
2 https://en.wikipedia.org/wiki/Fourier_transform
1 f(t)=2\int _{0}^{\infty }\int _{-\infty }^{\infty }f(\tau )\cos \left(2\pi \lambda (\tau -t)\right)\,d\tau \,d\lambda .
2 https://en.wikipedia.org/wiki/Fourier_transform
1 {\hat {f}}(\xi )=i^{-k}f(\xi )
2 https://en.wikipedia.org/wiki/Fourier_transform
1 {\hat {f}}(\xi )=F_{0}(|\xi |)P(\xi )
2 https://en.wikipedia.org/wiki/Fourier_transform
1 F_{0}(r)=2\pi i^{-k}r^{-(n+2k-2)/2}\int _{0}^{\infty }f_{0}(s)J_{(n+2k-2)/2}(2\pi rs)s^{(n+2k)/2}\,ds.
2 https://en.wikipedia.org/wiki/Fourier_transform
1 f_{R}(x)=\int _{E_{R}}{\hat {f}}(\xi )e^{2\pi ix\cdot \xi }\,d\xi ,\quad x\in \mathbf {R} ^{n}.
2 https://en.wikipedia.org/wiki/Fourier_transform
1 {\hat {f}}(\xi )=\int _{\mathbf {R} ^{n}}f(x)e^{-2\pi i\xi \cdot x}\,dx
2 https://en.wikipedia.org/wiki/Fourier_transform
1 {\mathcal {F}}
2 https://en.wikipedia.org/wiki/Fourier_transform
1 \vert {\hat {f}}(\xi )\vert \leq \int _{\mathbf {R} ^{n}}\vert f(x)\vert \,dx,
2 https://en.wikipedia.org/wiki/Fourier_transform
1 {\hat {f}}(\xi )=\lim _{R\to \infty }\int _{|x|\leq R}f(x)e^{-2\pi ix\cdot \xi }\,dx
2 https://en.wikipedia.org/wiki/Fourier_transform
1 \int _{\mathbf {R} ^{n}}f(x){\mathcal {F}}g(x)\,dx=\int _{\mathbf {R} ^{n}}{\mathcal {F}}f(x)g(x)\,dx.
2 https://en.wikipedia.org/wiki/Fourier_transform
1 q=p/(p-1)
2 https://en.wikipedia.org/wiki/Fourier_transform
1 {\hat {g}}
2 https://en.wikipedia.org/wiki/Fourier_transform
1 \int _{\mathbf {R} ^{n}}{\hat {f}}(x)g(x)\,dx=\int _{\mathbf {R} ^{n}}f(x){\hat {g}}(x)\,dx.
2 https://en.wikipedia.org/wiki/Fourier_transform
1 T_{f}(\varphi )=\int _{\mathbf {R} ^{n}}f(x)\varphi (x)\,dx
2 https://en.wikipedia.org/wiki/Fourier_transform
1 {\hat {T}}_{f}
2 https://en.wikipedia.org/wiki/Fourier_transform
1 {\hat {T}}_{f}(\varphi )=T_{f}({\hat {\varphi }})
2 https://en.wikipedia.org/wiki/Fourier_transform
1 { {\hat {\mu }}(\xi )=\int _{\mathbf {R} ^{n}}e^{-2\pi ix\cdot \xi }\,d\mu .}
2 https://en.wikipedia.org/wiki/Fourier_transform
1 {\hat {G}}
2 https://en.wikipedia.org/wiki/Fourier_transform
1 {\hat {f}}(\xi )=\int _{G}\xi (x)f(x)\,d\mu \qquad {\text{for any }}\xi \in {\hat {G}}.
2 https://en.wikipedia.org/wiki/Fourier_transform
1 f^{*}(g)={\overline {f(g^{-1})}}.
2 https://en.wikipedia.org/wiki/Fourier_transform
1 a\mapsto (\varphi \mapsto \varphi (a))
2 https://en.wikipedia.org/wiki/Fourier_transform
1 \langle {\hat {\mu }}\xi ,\eta \rangle _{H_{\sigma }}=\int _{G}\langle {\overline {U}}_{g}^{(\sigma )}\xi ,\eta \rangle \,d\mu (g)
2 https://en.wikipedia.org/wiki/Fourier_transform
1 {\overline {U}}^{(\sigma )}
2 https://en.wikipedia.org/wiki/Fourier_transform
1 d\mu =f\,d\lambda 
2 https://en.wikipedia.org/wiki/Fourier_transform
1 \mu \mapsto {\hat {\mu }}
2 https://en.wikipedia.org/wiki/Fourier_transform
1 \|E\|=\sup _{\sigma \in \Sigma }\|E_{\sigma }\|
2 https://en.wikipedia.org/wiki/Fourier_transform
1 f^{*}(g)={\overline {f(g^{-1})}},
2 https://en.wikipedia.org/wiki/Fourier_transform
1 f(g)=\sum _{\sigma \in \Sigma }d_{\sigma }\operatorname {tr} ({\hat {f}}(\sigma )U_{g}^{(\sigma )})
2 https://en.wikipedia.org/wiki/Fourier_transform
1 {\partial ^{2}y(x,t) \over \partial ^{2}x}={\partial y(x,t) \over \partial t}.
2 https://en.wikipedia.org/wiki/Fourier_transform
1 {\partial ^{2}y(x,t) \over \partial ^{2}x}={\partial ^{2}y(x,t) \over \partial ^{2}t}.
2 https://en.wikipedia.org/wiki/Fourier_transform
1 { y(x,0)=f(x),{\partial y(x,0) \over \partial t}=g(x).}
2 https://en.wikipedia.org/wiki/Fourier_transform
1 g
2 https://en.wikipedia.org/wiki/Fourier_transform
1 y
2 https://en.wikipedia.org/wiki/Fourier_transform
1 {\hat {y}}
2 https://en.wikipedia.org/wiki/Fourier_transform
1 \cos \left(2\pi \xi (x\pm t)\right){\mbox{ or }}\sin \left(2\pi \xi (x\pm t)\right)
2 https://en.wikipedia.org/wiki/Fourier_transform
1 { {\begin{aligned}y(x,t)=\int _{0}^{\infty }&a_{+}(\xi )\cos \left(2\pi \xi (x+t)\right)+a_{-}(\xi )\cos \left(2\pi \xi (x-t)\right)\+\ &b_{+}(\xi )\sin \left(2\pi \xi (x+t)\right)+b_{-}(\xi )\sin \left(2\pi \xi (x-t)\right)\,d\xi \end{aligned}}}
2 https://en.wikipedia.org/wiki/Fourier_transform
1 a_{+}
2 https://en.wikipedia.org/wiki/Fourier_transform
1 a_{-}
2 https://en.wikipedia.org/wiki/Fourier_transform
1 b_{+}
2 https://en.wikipedia.org/wiki/Fourier_transform
1 b_{-}
2 https://en.wikipedia.org/wiki/Fourier_transform
1 a_{\pm }
2 https://en.wikipedia.org/wiki/Fourier_transform
1 b_{\pm }
2 https://en.wikipedia.org/wiki/Fourier_transform
1 t=0
2 https://en.wikipedia.org/wiki/Fourier_transform
1 2\int _{-\infty }^{\infty }y(x,0)\cos \left(2\pi \xi x\right)\,dx=a_{+}+a_{-}
2 https://en.wikipedia.org/wiki/Fourier_transform
1 2\int _{-\infty }^{\infty }y(x,0)\sin \left(2\pi \xi x\right)\,dx=b_{+}+b_{-}.
2 https://en.wikipedia.org/wiki/Fourier_transform
1 2\int _{-\infty }^{\infty }{\partial y(u,0) \over \partial t}\sin(2\pi \xi x)\,dx=(2\pi \xi )(-a_{+}+a_{-})
2 https://en.wikipedia.org/wiki/Fourier_transform
1 2\int _{-\infty }^{\infty }{\partial y(u,0) \over \partial t}\cos(2\pi \xi x)\,dx=(2\pi \xi )(b_{+}-b_{-}).
2 https://en.wikipedia.org/wiki/Fourier_transform
1 y(x,t)
2 https://en.wikipedia.org/wiki/Fourier_transform
1 2\pi i\xi 
2 https://en.wikipedia.org/wiki/Fourier_transform
1 2\pi if
2 https://en.wikipedia.org/wiki/Fourier_transform
1 \xi ^{2}{\hat {y}}(\xi ,f)=f^{2}{\hat {y}}(\xi ,f).
2 https://en.wikipedia.org/wiki/Fourier_transform
1 {\hat {y}}(\xi ,f)=0
2 https://en.wikipedia.org/wiki/Fourier_transform
1 \xi =\pm f
2 https://en.wikipedia.org/wiki/Fourier_transform
1 {\hat {f}}=\delta (\xi \pm f)
2 https://en.wikipedia.org/wiki/Fourier_transform
1 \xi ^{2}-f^{2}=0
2 https://en.wikipedia.org/wiki/Fourier_transform
1 \xi =f
2 https://en.wikipedia.org/wiki/Fourier_transform
1 \xi =-f
2 https://en.wikipedia.org/wiki/Fourier_transform
1 \int \int {\hat {y}}\phi (\xi ,f)\,d\xi \,df=\int s_{+}\phi (\xi ,\xi )\,d\xi +\int s_{-}\phi (\xi ,-\xi )\,d\xi ,
2 https://en.wikipedia.org/wiki/Fourier_transform
1 s_{+}
2 https://en.wikipedia.org/wiki/Fourier_transform
1 s_{-}
2 https://en.wikipedia.org/wiki/Fourier_transform
1 \phi (\xi ,f)=e^{2\pi i(x\xi +tf)}
2 https://en.wikipedia.org/wiki/Fourier_transform
1 y(x,0)=\int \{s_{+}(\xi )+s_{-}(\xi )\}e^{2\pi i\xi x+0}\,d\xi 
2 https://en.wikipedia.org/wiki/Fourier_transform
1 {\partial y(x,0) \over \partial t}=\int \{s_{+}(\xi )-s_{-}(\xi )\}2\pi i\xi e^{2\pi i\xi x+0}\,d\xi .
2 https://en.wikipedia.org/wiki/Fourier_transform
1 s_{\pm }
2 https://en.wikipedia.org/wiki/Fourier_transform
1 q
2 https://en.wikipedia.org/wiki/Fourier_transform
1 p
2 https://en.wikipedia.org/wiki/Fourier_transform
1 \phi (p)=\int \psi (q)e^{2\pi ipq \over h}dq.
2 https://en.wikipedia.org/wiki/Fourier_transform
1 {\partial ^{2} \over \partial x^{2}}\psi (x,t)=i{\frac {h}{2\pi }}{\partial  \over \partial t}\psi (x,t).
2 https://en.wikipedia.org/wiki/Fourier_transform
1 V(x)
2 https://en.wikipedia.org/wiki/Fourier_transform
1 {\partial ^{2} \over \partial x^{2}}\psi (x,t)+V(x)\psi (x,t)=i{\frac {h}{2\pi }}{\partial  \over \partial t}\psi (x,t).
2 https://en.wikipedia.org/wiki/Fourier_transform
1 \psi 
2 https://en.wikipedia.org/wiki/Fourier_transform
1 { \left({\partial ^{2} \over \partial x^{2}}+1\right)\psi (x,t)={\partial ^{2} \over \partial t^{2}}\psi (x,t).}
2 https://en.wikipedia.org/wiki/Fourier_transform
1 R
2 https://en.wikipedia.org/wiki/Fourier_transform
1 \mathbb {R} _{f}(\tau )=\lim _{T\rightarrow \infty }{1 \over 2T}\int _{-T}^{T}f(t)f(t+\tau )\,dt.
2 https://en.wikipedia.org/wiki/Fourier_transform
1 \tau =
2 https://en.wikipedia.org/wiki/Fourier_transform
1 P_{f}(\xi )=\int _{-\infty }^{\infty }R_{f}(\tau )e^{-2\pi i\xi \tau }\,d\tau .
2 https://en.wikipedia.org/wiki/Fourier_transform
1 P
2 https://en.wikipedia.org/wiki/Fourier_transform
1 {\tilde {f}}(\xi ),\ {\tilde {f}}(\omega ),\ F(\xi ),\ {\mathcal {F}}\left(f\right)(\xi ),\ \left({\mathcal {F}}f\right)(\xi ),\ {\mathcal {F}}(f),\ {\mathcal {F}}(\omega ),\ F(\omega ),\ {\mathcal {F}}(j\omega ),\ {\mathcal {F}}\{f\},\ {\mathcal {F}}\left(f(t)\right),\ {\mathcal {F}}\{f(t)\}.
2 https://en.wikipedia.org/wiki/Fourier_transform
1 {\hat {f}}(\xi )=A(\xi )e^{i\varphi (\xi )}
2 https://en.wikipedia.org/wiki/Fourier_transform
1 A(\xi )=|{\hat {f}}(\xi )|,
2 https://en.wikipedia.org/wiki/Fourier_transform
1 \varphi (\xi )=\arg {\big (}{\hat {f}}(\xi ){\big )},
2 https://en.wikipedia.org/wiki/Fourier_transform
1 f(x)=\int _{-\infty }^{\infty }A(\xi )\ e^{i(2\pi \xi x+\varphi (\xi ))}\,d\xi ,
2 https://en.wikipedia.org/wiki/Fourier_transform
1 {\mathcal {F}}(f)
2 https://en.wikipedia.org/wiki/Fourier_transform
1 {\mathcal {F}}f
2 https://en.wikipedia.org/wiki/Fourier_transform
1 {\mathcal {F}}f(\xi )
2 https://en.wikipedia.org/wiki/Fourier_transform
1 ({\mathcal {F}}f)(\xi )
2 https://en.wikipedia.org/wiki/Fourier_transform
1 {\mathcal {F}}(f(x))
2 https://en.wikipedia.org/wiki/Fourier_transform
1 {\mathcal {F}}(\mathrm {rect} (x))=\mathrm {sinc} (\xi )
2 https://en.wikipedia.org/wiki/Fourier_transform
1 {\mathcal {F}}(f(x+x_{0}))={\mathcal {F}}(f(x))e^{2\pi i\xi x_{0}}
2 https://en.wikipedia.org/wiki/Fourier_transform
1 \omega =2\pi \xi ,
2 https://en.wikipedia.org/wiki/Fourier_transform
1 {\hat {f}}(\omega )=\int _{\mathbf {R} ^{n}}f(x)e^{-i\omega \cdot x}\,dx.
2 https://en.wikipedia.org/wiki/Fourier_transform
1 f(x)={\frac {1}{(2\pi )^{n}}}\int _{\mathbf {R} ^{n}}{\hat {f}}(\omega )e^{i\omega \cdot x}\,d\omega .
2 https://en.wikipedia.org/wiki/Fourier_transform
1 {\hat {f}}(\omega )={\frac {1}{(2\pi )^{n/2}}}\int _{\mathbf {R} ^{n}}f(x)e^{-i\omega \cdot x}\,dx,
2 https://en.wikipedia.org/wiki/Fourier_transform
1 f(x)={\frac {1}{(2\pi )^{n/2}}}\int _{\mathbf {R} ^{n}}{\hat {f}}(\omega )e^{i\omega \cdot x}\,d\omega .
2 https://en.wikipedia.org/wiki/Fourier_transform
1  {\hat {f}}_{1}(\xi )\ {\stackrel {\mathrm {def} }{=}}\ \int _{\mathbf {R} ^{n}}f(x)e^{-2\pi ix\cdot \xi }\,dx={\hat {f}}_{2}(2\pi \xi )=(2\pi )^{n/2}{\hat {f}}_{3}(2\pi \xi )
2 https://en.wikipedia.org/wiki/Fourier_transform
1  f(x)=\int _{\mathbf {R} ^{n}}{\hat {f}}_{1}(\xi )e^{2\pi ix\cdot \xi }\,d\xi 
2 https://en.wikipedia.org/wiki/Fourier_transform
1  {\hat {f}}_{3}(\omega ){\stackrel {\mathrm {def} }{{}={}}}{\frac {1}{(2\pi )^{n/2}}}\int _{\mathbf {R} ^{n}}f(x)e^{-i\omega \cdot x}\,dx={\frac {1}{(2\pi )^{n/2}}}{\hat {f}}_{1}\!\left({\frac {\omega }{2\pi }}\right)={\frac {1}{(2\pi )^{n/2}}}{\hat {f}}_{2}(\omega )
2 https://en.wikipedia.org/wiki/Fourier_transform
1  f(x)={\frac {1}{(2\pi )^{n/2}}}\int _{\mathbf {R} ^{n}}{\hat {f}}_{3}(\omega )e^{i\omega \cdot x}\,d\omega 
2 https://en.wikipedia.org/wiki/Fourier_transform
1  {\hat {f}}_{2}(\omega )\ {\stackrel {\mathrm {def} }{=}}\int _{\mathbf {R} ^{n}}f(x)e^{-i\omega \cdot x}\,dx={\hat {f}}_{1}\!\left({\frac {\omega }{2\pi }}\right)=(2\pi )^{n/2}{\hat {f}}_{3}(\omega )
2 https://en.wikipedia.org/wiki/Fourier_transform
1  f(x)={\frac {1}{(2\pi )^{n}}}\int _{\mathbf {R} ^{n}}{\hat {f}}_{2}(\omega )e^{i\omega \cdot x}\,d\omega 
2 https://en.wikipedia.org/wiki/Fourier_transform
1 E(e^{it\cdot X})=\int e^{it\cdot x}\,d\mu _{X}(x)
2 https://en.wikipedia.org/wiki/Fourier_transform
1 {\hat {h}}
2 https://en.wikipedia.org/wiki/Fourier_transform
1  f(x)\,
2 https://en.wikipedia.org/wiki/Fourier_transform
1  {\hat {f}}(\xi )=
2 https://en.wikipedia.org/wiki/Fourier_transform
1  \int _{-\infty }^{\infty }f(x)e^{-2\pi ix\xi }\,dx
2 https://en.wikipedia.org/wiki/Fourier_transform
1  {\hat {f}}(\omega )=
2 https://en.wikipedia.org/wiki/Fourier_transform
1  {\frac {1}{\sqrt {2\pi }}}\int _{-\infty }^{\infty }f(x)e^{-i\omega x}\,dx
2 https://en.wikipedia.org/wiki/Fourier_transform
1  {\hat {f}}(\nu )=
2 https://en.wikipedia.org/wiki/Fourier_transform
1  \int _{-\infty }^{\infty }f(x)e^{-i\nu x}\,dx
2 https://en.wikipedia.org/wiki/Fourier_transform
1  a\cdot f(x)+b\cdot g(x)\,
2 https://en.wikipedia.org/wiki/Fourier_transform
1  a\cdot {\hat {f}}(\xi )+b\cdot {\hat {g}}(\xi )\,
2 https://en.wikipedia.org/wiki/Fourier_transform
1  a\cdot {\hat {f}}(\omega )+b\cdot {\hat {g}}(\omega )\,
2 https://en.wikipedia.org/wiki/Fourier_transform
1  a\cdot {\hat {f}}(\nu )+b\cdot {\hat {g}}(\nu )\,
2 https://en.wikipedia.org/wiki/Fourier_transform
1  f(x-a)\,
2 https://en.wikipedia.org/wiki/Fourier_transform
1  e^{-2\pi ia\xi }{\hat {f}}(\xi )\,
2 https://en.wikipedia.org/wiki/Fourier_transform
1  e^{-ia\omega }{\hat {f}}(\omega )\,
2 https://en.wikipedia.org/wiki/Fourier_transform
1  e^{-ia\nu }{\hat {f}}(\nu )\,
2 https://en.wikipedia.org/wiki/Fourier_transform
1 {  f(x)e^{iax}\,}
2 https://en.wikipedia.org/wiki/Fourier_transform
1 {  {\hat {f}}\left(\xi -{\frac {a}{2\pi }}\right)\,}
2 https://en.wikipedia.org/wiki/Fourier_transform
1 {  {\hat {f}}(\omega -a)\,}
2 https://en.wikipedia.org/wiki/Fourier_transform
1 {  {\hat {f}}(\nu -a)\,}
2 https://en.wikipedia.org/wiki/Fourier_transform
1  f(ax)\,
2 https://en.wikipedia.org/wiki/Fourier_transform
1  {\frac {1}{|a|}}{\hat {f}}\left({\frac {\xi }{a}}\right)\,
2 https://en.wikipedia.org/wiki/Fourier_transform
1  {\frac {1}{|a|}}{\hat {f}}\left({\frac {\omega }{a}}\right)\,
2 https://en.wikipedia.org/wiki/Fourier_transform
1  {\frac {1}{|a|}}{\hat {f}}\left({\frac {\nu }{a}}\right)\,
2 https://en.wikipedia.org/wiki/Fourier_transform
1  |a|\,
2 https://en.wikipedia.org/wiki/Fourier_transform
1  {\hat {f}}(x)\,
2 https://en.wikipedia.org/wiki/Fourier_transform
1  f(-\xi )\,
2 https://en.wikipedia.org/wiki/Fourier_transform
1  f(-\omega )\,
2 https://en.wikipedia.org/wiki/Fourier_transform
1  2\pi f(-\nu )\,
2 https://en.wikipedia.org/wiki/Fourier_transform
1 \nu 
2 https://en.wikipedia.org/wiki/Fourier_transform
1  {\frac {d^{n}f(x)}{dx^{n}}}\,
2 https://en.wikipedia.org/wiki/Fourier_transform
1  (2\pi i\xi )^{n}{\hat {f}}(\xi )\,
2 https://en.wikipedia.org/wiki/Fourier_transform
1  (i\omega )^{n}{\hat {f}}(\omega )\,
2 https://en.wikipedia.org/wiki/Fourier_transform
1  (i\nu )^{n}{\hat {f}}(\nu )\,
2 https://en.wikipedia.org/wiki/Fourier_transform
1  x^{n}f(x)\,
2 https://en.wikipedia.org/wiki/Fourier_transform
1  \left({\frac {i}{2\pi }}\right)^{n}{\frac {d^{n}{\hat {f}}(\xi )}{d\xi ^{n}}}\,
2 https://en.wikipedia.org/wiki/Fourier_transform
1  i^{n}{\frac {d^{n}{\hat {f}}(\omega )}{d\omega ^{n}}}
2 https://en.wikipedia.org/wiki/Fourier_transform
1  i^{n}{\frac {d^{n}{\hat {f}}(\nu )}{d\nu ^{n}}}
2 https://en.wikipedia.org/wiki/Fourier_transform
1  (f*g)(x)\,
2 https://en.wikipedia.org/wiki/Fourier_transform
1  {\hat {f}}(\xi ){\hat {g}}(\xi )\,
2 https://en.wikipedia.org/wiki/Fourier_transform
1  {\sqrt {2\pi }}{\hat {f}}(\omega ){\hat {g}}(\omega )\,
2 https://en.wikipedia.org/wiki/Fourier_transform
1  {\hat {f}}(\nu ){\hat {g}}(\nu )\,
2 https://en.wikipedia.org/wiki/Fourier_transform
1  f*g\,
2 https://en.wikipedia.org/wiki/Fourier_transform
1  f(x)g(x)\,
2 https://en.wikipedia.org/wiki/Fourier_transform
1  ({\hat {f}}*{\hat {g}})(\xi )\,
2 https://en.wikipedia.org/wiki/Fourier_transform
1 { ({\hat {f}}*{\hat {g}})(\omega ) \over {\sqrt {2\pi }}\,}
2 https://en.wikipedia.org/wiki/Fourier_transform
1  {\frac {1}{2\pi }}({\hat {f}}*{\hat {g}})(\nu )\,
2 https://en.wikipedia.org/wiki/Fourier_transform
1  {\hat {f}}(-\xi )={\overline {{\hat {f}}(\xi )}}\,
2 https://en.wikipedia.org/wiki/Fourier_transform
1  {\hat {f}}(-\omega )={\overline {{\hat {f}}(\omega )}}\,
2 https://en.wikipedia.org/wiki/Fourier_transform
1  {\hat {f}}(-\nu )={\overline {{\hat {f}}(\nu )}}\,
2 https://en.wikipedia.org/wiki/Fourier_transform
1  {\overline {z}}\,
2 https://en.wikipedia.org/wiki/Fourier_transform
1  {\hat {f}}(\xi )
2 https://en.wikipedia.org/wiki/Fourier_transform
1  {\hat {f}}(\nu )\,
2 https://en.wikipedia.org/wiki/Fourier_transform
1  {\hat {f}}(\nu )
2 https://en.wikipedia.org/wiki/Fourier_transform
1  {\overline {f(x)}}
2 https://en.wikipedia.org/wiki/Fourier_transform
1  {\overline {{\hat {f}}(-\xi )}}
2 https://en.wikipedia.org/wiki/Fourier_transform
1  {\overline {{\hat {f}}(-\omega )}}
2 https://en.wikipedia.org/wiki/Fourier_transform
1  {\overline {{\hat {f}}(-\nu )}}
2 https://en.wikipedia.org/wiki/Fourier_transform
1 {  f(x)\cos(ax)}
2 https://en.wikipedia.org/wiki/Fourier_transform
1 {  {\frac { {\hat {f}}\left(\xi -{\frac {a}{2\pi }}\right)+{\hat {f}}\left(\xi +{\frac {a}{2\pi }}\right)}{2}}}
2 https://en.wikipedia.org/wiki/Fourier_transform
1 {  {\frac {{\hat {f}}(\omega -a)+{\hat {f}}(\omega +a)}{2}}\,}
2 https://en.wikipedia.org/wiki/Fourier_transform
1 {  {\frac {{\hat {f}}(\nu -a)+{\hat {f}}(\nu +a)}{2}}}
2 https://en.wikipedia.org/wiki/Fourier_transform
1  \cos(ax)=
2 https://en.wikipedia.org/wiki/Fourier_transform
1 (e^{iax}+e^{-iax})/2.
2 https://en.wikipedia.org/wiki/Fourier_transform
1 {  f(x)\sin(ax)}
2 https://en.wikipedia.org/wiki/Fourier_transform
1 {  {\frac { {\hat {f}}\left(\xi -{\frac {a}{2\pi }}\right)-{\hat {f}}\left(\xi +{\frac {a}{2\pi }}\right)}{2i}}}
2 https://en.wikipedia.org/wiki/Fourier_transform
1 {  {\frac {{\hat {f}}(\omega -a)-{\hat {f}}(\omega +a)}{2i}}}
2 https://en.wikipedia.org/wiki/Fourier_transform
1 {  {\frac {{\hat {f}}(\nu -a)-{\hat {f}}(\nu +a)}{2i}}}
2 https://en.wikipedia.org/wiki/Fourier_transform
1  \sin(ax)=
2 https://en.wikipedia.org/wiki/Fourier_transform
1 (e^{iax}-e^{-iax})/(2i).
2 https://en.wikipedia.org/wiki/Fourier_transform
1  f(x)
2 https://en.wikipedia.org/wiki/Fourier_transform
1  \operatorname {rect} (ax)\,
2 https://en.wikipedia.org/wiki/Fourier_transform
1  {\frac {1}{|a|}}\cdot \operatorname {sinc} \left({\frac {\xi }{a}}\right)
2 https://en.wikipedia.org/wiki/Fourier_transform
1  {\frac {1}{\sqrt {2\pi a^{2}}}}\cdot \operatorname {sinc} \left({\frac {\omega }{2\pi a}}\right)
2 https://en.wikipedia.org/wiki/Fourier_transform
1  {\frac {1}{|a|}}\cdot \operatorname {sinc} \left({\frac {\nu }{2\pi a}}\right)
2 https://en.wikipedia.org/wiki/Fourier_transform
1  \operatorname {sinc} (ax)\,
2 https://en.wikipedia.org/wiki/Fourier_transform
1  {\frac {1}{|a|}}\cdot \operatorname {rect} \left({\frac {\xi }{a}}\right)\,
2 https://en.wikipedia.org/wiki/Fourier_transform
1  {\frac {1}{\sqrt {2\pi a^{2}}}}\cdot \operatorname {rect} \left({\frac {\omega }{2\pi a}}\right)
2 https://en.wikipedia.org/wiki/Fourier_transform
1  {\frac {1}{|a|}}\cdot \operatorname {rect} \left({\frac {\nu }{2\pi a}}\right)
2 https://en.wikipedia.org/wiki/Fourier_transform
1  \operatorname {sinc} ^{2}(ax)
2 https://en.wikipedia.org/wiki/Fourier_transform
1  {\frac {1}{|a|}}\cdot \operatorname {tri} \left({\frac {\xi }{a}}\right)
2 https://en.wikipedia.org/wiki/Fourier_transform
1  {\frac {1}{\sqrt {2\pi a^{2}}}}\cdot \operatorname {tri} \left({\frac {\omega }{2\pi a}}\right)
2 https://en.wikipedia.org/wiki/Fourier_transform
1  {\frac {1}{|a|}}\cdot \operatorname {tri} \left({\frac {\nu }{2\pi a}}\right)
2 https://en.wikipedia.org/wiki/Fourier_transform
1  \operatorname {tri} (ax)
2 https://en.wikipedia.org/wiki/Fourier_transform
1  {\frac {1}{|a|}}\cdot \operatorname {sinc} ^{2}\left({\frac {\xi }{a}}\right)\,
2 https://en.wikipedia.org/wiki/Fourier_transform
1  {\frac {1}{\sqrt {2\pi a^{2}}}}\cdot \operatorname {sinc} ^{2}\left({\frac {\omega }{2\pi a}}\right)
2 https://en.wikipedia.org/wiki/Fourier_transform
1  {\frac {1}{|a|}}\cdot \operatorname {sinc} ^{2}\left({\frac {\nu }{2\pi a}}\right)
2 https://en.wikipedia.org/wiki/Fourier_transform
1  e^{-ax}u(x)\,
2 https://en.wikipedia.org/wiki/Fourier_transform
1  {\frac {1}{a+2\pi i\xi }}
2 https://en.wikipedia.org/wiki/Fourier_transform
1  {\frac {1}{{\sqrt {2\pi }}(a+i\omega )}}
2 https://en.wikipedia.org/wiki/Fourier_transform
1  {\frac {1}{a+i\nu }}
2 https://en.wikipedia.org/wiki/Fourier_transform
1  e^{-\alpha x^{2}}\,
2 https://en.wikipedia.org/wiki/Fourier_transform
1  {\sqrt {\frac {\pi }{\alpha }}}\cdot e^{-{\frac {(\pi \xi )^{2}}{\alpha }}}
2 https://en.wikipedia.org/wiki/Fourier_transform
1  {\frac {1}{\sqrt {2\alpha }}}\cdot e^{-{\frac {\omega ^{2}}{4\alpha }}}
2 https://en.wikipedia.org/wiki/Fourier_transform
1  {\sqrt {\frac {\pi }{\alpha }}}\cdot e^{-{\frac {\nu ^{2}}{4\alpha }}}
2 https://en.wikipedia.org/wiki/Fourier_transform
1  \operatorname {e} ^{-a|x|}\,
2 https://en.wikipedia.org/wiki/Fourier_transform
1  {\frac {2a}{a^{2}+4\pi ^{2}\xi ^{2}}}
2 https://en.wikipedia.org/wiki/Fourier_transform
1  {\sqrt {\frac {2}{\pi }}}\cdot {\frac {a}{a^{2}+\omega ^{2}}}
2 https://en.wikipedia.org/wiki/Fourier_transform
1  {\frac {2a}{a^{2}+\nu ^{2}}}
2 https://en.wikipedia.org/wiki/Fourier_transform
1  \operatorname {sech} (ax)\,
2 https://en.wikipedia.org/wiki/Fourier_transform
1  {\frac {\pi }{a}}\operatorname {sech} \left({\frac {\pi ^{2}}{a}}\xi \right)
2 https://en.wikipedia.org/wiki/Fourier_transform
1  {\frac {1}{a}}{\sqrt {\frac {\pi }{2}}}\operatorname {sech} \left({\frac {\pi }{2a}}\omega \right)
2 https://en.wikipedia.org/wiki/Fourier_transform
1  {\frac {\pi }{a}}\operatorname {sech} \left({\frac {\pi }{2a}}\nu \right)
2 https://en.wikipedia.org/wiki/Fourier_transform
1  e^{-{\frac {a^{2}x^{2}}{2}}}H_{n}(ax)\,
2 https://en.wikipedia.org/wiki/Fourier_transform
1  {\frac {{\sqrt {2\pi }}(-i)^{n}}{a}}
2 https://en.wikipedia.org/wiki/Fourier_transform
1 \cdot e^{-{\frac {2\pi ^{2}\xi ^{2}}{a^{2}}}}H_{n}\left({\frac {2\pi \xi }{a}}\right)
2 https://en.wikipedia.org/wiki/Fourier_transform
1  {\frac {(-i)^{n}}{a}}
2 https://en.wikipedia.org/wiki/Fourier_transform
1 \cdot e^{-{\frac {\omega ^{2}}{2a^{2}}}}H_{n}\left({\frac {\omega }{a}}\right)
2 https://en.wikipedia.org/wiki/Fourier_transform
1  {\frac {(-i)^{n}{\sqrt {2\pi }}}{a}}
2 https://en.wikipedia.org/wiki/Fourier_transform
1 \cdot e^{-{\frac {\nu ^{2}}{2a^{2}}}}H_{n}\left({\frac {\nu }{a}}\right)
2 https://en.wikipedia.org/wiki/Fourier_transform
1 H_{n}
2 https://en.wikipedia.org/wiki/Fourier_transform
1  1
2 https://en.wikipedia.org/wiki/Fourier_transform
1  \delta (\xi )
2 https://en.wikipedia.org/wiki/Fourier_transform
1  {\sqrt {2\pi }}\cdot \delta (\omega )
2 https://en.wikipedia.org/wiki/Fourier_transform
1  2\pi \delta (\nu )
2 https://en.wikipedia.org/wiki/Fourier_transform
1  \delta (x)\,
2 https://en.wikipedia.org/wiki/Fourier_transform
1  {\frac {1}{\sqrt {2\pi }}}\,
2 https://en.wikipedia.org/wiki/Fourier_transform
1  e^{iax}
2 https://en.wikipedia.org/wiki/Fourier_transform
1  \delta \left(\xi -{\frac {a}{2\pi }}\right)
2 https://en.wikipedia.org/wiki/Fourier_transform
1  {\sqrt {2\pi }}\cdot \delta (\omega -a)
2 https://en.wikipedia.org/wiki/Fourier_transform
1  2\pi \delta (\nu -a)
2 https://en.wikipedia.org/wiki/Fourier_transform
1  \cos(ax)
2 https://en.wikipedia.org/wiki/Fourier_transform
1  {\frac { \delta \left(\xi -{\frac {a}{2\pi }}\right)+\delta \left(\xi +{\frac {a}{2\pi }}\right)}{2}}
2 https://en.wikipedia.org/wiki/Fourier_transform
1  {\sqrt {2\pi }}\cdot {\frac {\delta (\omega -a)+\delta (\omega +a)}{2}}\,
2 https://en.wikipedia.org/wiki/Fourier_transform
1  \pi \left(\delta (\nu -a)+\delta (\nu +a)\right)
2 https://en.wikipedia.org/wiki/Fourier_transform
1  \sin(ax)
2 https://en.wikipedia.org/wiki/Fourier_transform
1  {\frac { \delta \left(\xi -{\frac {a}{2\pi }}\right)-\delta \left(\xi +{\frac {a}{2\pi }}\right)}{2i}}
2 https://en.wikipedia.org/wiki/Fourier_transform
1  {\sqrt {2\pi }}\cdot {\frac {\delta (\omega -a)-\delta (\omega +a)}{2i}}
2 https://en.wikipedia.org/wiki/Fourier_transform
1  -i\pi \left(\delta (\nu -a)-\delta (\nu +a)\right)
2 https://en.wikipedia.org/wiki/Fourier_transform
1  \cos(ax^{2})
2 https://en.wikipedia.org/wiki/Fourier_transform
1  {\sqrt {\frac {\pi }{a}}}\cos \left({\frac {\pi ^{2}\xi ^{2}}{a}}-{\frac {\pi }{4}}\right)
2 https://en.wikipedia.org/wiki/Fourier_transform
1  {\frac {1}{\sqrt {2a}}}\cos \left({\frac {\omega ^{2}}{4a}}-{\frac {\pi }{4}}\right)
2 https://en.wikipedia.org/wiki/Fourier_transform
1  {\sqrt {\frac {\pi }{a}}}\cos \left({\frac {\pi ^{2}\nu ^{2}}{a}}-{\frac {\pi }{4}}\right)
2 https://en.wikipedia.org/wiki/Fourier_transform
1  \sin(ax^{2})\,
2 https://en.wikipedia.org/wiki/Fourier_transform
1  -{\sqrt {\frac {\pi }{a}}}\sin \left({\frac {\pi ^{2}\xi ^{2}}{a}}-{\frac {\pi }{4}}\right)
2 https://en.wikipedia.org/wiki/Fourier_transform
1  {\frac {-1}{\sqrt {2a}}}\sin \left({\frac {\omega ^{2}}{4a}}-{\frac {\pi }{4}}\right)
2 https://en.wikipedia.org/wiki/Fourier_transform
1  -{\sqrt {\frac {\pi }{a}}}\sin \left({\frac {\pi ^{2}\nu ^{2}}{a}}-{\frac {\pi }{4}}\right)
2 https://en.wikipedia.org/wiki/Fourier_transform
1  x^{n}\,
2 https://en.wikipedia.org/wiki/Fourier_transform
1  \left({\frac {i}{2\pi }}\right)^{n}\delta ^{(n)}(\xi )\,
2 https://en.wikipedia.org/wiki/Fourier_transform
1  i^{n}{\sqrt {2\pi }}\delta ^{(n)}(\omega )\,
2 https://en.wikipedia.org/wiki/Fourier_transform
1  2\pi i^{n}\delta ^{(n)}(\nu )\,
2 https://en.wikipedia.org/wiki/Fourier_transform
1  \delta ^{(n)}(\xi )
2 https://en.wikipedia.org/wiki/Fourier_transform
1  {\frac {1}{x}}
2 https://en.wikipedia.org/wiki/Fourier_transform
1  -i\pi \operatorname {sgn}(\xi )
2 https://en.wikipedia.org/wiki/Fourier_transform
1  -i{\sqrt {\frac {\pi }{2}}}\operatorname {sgn}(\omega )
2 https://en.wikipedia.org/wiki/Fourier_transform
1  -i\pi \operatorname {sgn}(\nu )
2 https://en.wikipedia.org/wiki/Fourier_transform
1  {\frac {1}{x^{n}}}:=
2 https://en.wikipedia.org/wiki/Fourier_transform
1  {\frac {(-1)^{n-1}}{(n-1)!}}{\frac {d^{n}}{dx^{n}}}\log |x|
2 https://en.wikipedia.org/wiki/Fourier_transform
1  -i\pi {\frac {(-2\pi i\xi )^{n-1}}{(n-1)!}}\operatorname {sgn}(\xi )
2 https://en.wikipedia.org/wiki/Fourier_transform
1  -i{\sqrt {\frac {\pi }{2}}}\cdot {\frac {(-i\omega )^{n-1}}{(n-1)!}}\operatorname {sgn}(\omega )
2 https://en.wikipedia.org/wiki/Fourier_transform
1  -i\pi {\frac {(-i\nu )^{n-1}}{(n-1)!}}\operatorname {sgn}(\nu )
2 https://en.wikipedia.org/wiki/Fourier_transform
1  |x|^{\alpha }\,
2 https://en.wikipedia.org/wiki/Fourier_transform
1  -2{\frac {\sin(\pi \alpha /2)\Gamma (\alpha +1)}{|2\pi \xi |^{\alpha +1}}}
2 https://en.wikipedia.org/wiki/Fourier_transform
1  {\frac {-2}{\sqrt {2\pi }}}{\frac {\sin(\pi \alpha /2)\Gamma (\alpha +1)}{|\omega |^{\alpha +1}}}
2 https://en.wikipedia.org/wiki/Fourier_transform
1  -2{\frac {\sin(\pi \alpha /2)\Gamma (\alpha +1)}{|\nu |^{\alpha +1}}}
2 https://en.wikipedia.org/wiki/Fourier_transform
1 |x|^{\alpha }
2 https://en.wikipedia.org/wiki/Fourier_transform
1  \alpha \mapsto |x|^{\alpha }
2 https://en.wikipedia.org/wiki/Fourier_transform
1 {\frac {1}{\sqrt {|x|}}}\,
2 https://en.wikipedia.org/wiki/Fourier_transform
1 {\frac {1}{\sqrt {|\xi |}}}
2 https://en.wikipedia.org/wiki/Fourier_transform
1 {\frac {1}{\sqrt {|\omega |}}}
2 https://en.wikipedia.org/wiki/Fourier_transform
1 {\frac {\sqrt {2\pi }}{\sqrt {|\nu |}}}
2 https://en.wikipedia.org/wiki/Fourier_transform
1  \operatorname {sgn}(x)
2 https://en.wikipedia.org/wiki/Fourier_transform
1  {\frac {1}{i\pi \xi }}
2 https://en.wikipedia.org/wiki/Fourier_transform
1  {\sqrt {\frac {2}{\pi }}}{\frac {1}{i\omega }}
2 https://en.wikipedia.org/wiki/Fourier_transform
1  {\frac {2}{i\nu }}
2 https://en.wikipedia.org/wiki/Fourier_transform
1  u(x)
2 https://en.wikipedia.org/wiki/Fourier_transform
1  {\frac {1}{2}}\left({\frac {1}{i\pi \xi }}+\delta (\xi )\right)
2 https://en.wikipedia.org/wiki/Fourier_transform
1  {\sqrt {\frac {\pi }{2}}}\left({\frac {1}{i\pi \omega }}+\delta (\omega )\right)
2 https://en.wikipedia.org/wiki/Fourier_transform
1  \pi \left({\frac {1}{i\pi \nu }}+\delta (\nu )\right)
2 https://en.wikipedia.org/wiki/Fourier_transform
1  \sum _{n=-\infty }^{\infty }\delta (x-nT)
2 https://en.wikipedia.org/wiki/Fourier_transform
1  {\frac {1}{T}}\sum _{k=-\infty }^{\infty }\delta \left(\xi -{\frac {k}{T}}\right)
2 https://en.wikipedia.org/wiki/Fourier_transform
1  {\frac {\sqrt {2\pi }}{T}}\sum _{k=-\infty }^{\infty }\delta \left(\omega -{\frac {2\pi k}{T}}\right)
2 https://en.wikipedia.org/wiki/Fourier_transform
1  {\frac {2\pi }{T}}\sum _{k=-\infty }^{\infty }\delta \left(\nu -{\frac {2\pi k}{T}}\right)
2 https://en.wikipedia.org/wiki/Fourier_transform
1 \sum _{n=-\infty }^{\infty }e^{inx}=
2 https://en.wikipedia.org/wiki/Fourier_transform
1 2\pi \sum _{k=-\infty }^{\infty }\delta (x+2\pi k)
2 https://en.wikipedia.org/wiki/Fourier_transform
1  J_{0}(x)
2 https://en.wikipedia.org/wiki/Fourier_transform
1  {\frac {2\,\operatorname {rect} (\pi \xi )}{\sqrt {1-4\pi ^{2}\xi ^{2}}}}
2 https://en.wikipedia.org/wiki/Fourier_transform
1  {\sqrt {\frac {2}{\pi }}}\cdot {\frac {\operatorname {rect} \left( {\frac {\omega }{2}}\right)}{\sqrt {1-\omega ^{2}}}}
2 https://en.wikipedia.org/wiki/Fourier_transform
1  {\frac {2\,\operatorname {rect} \left( {\frac {\nu }{2}}\right)}{\sqrt {1-\nu ^{2}}}}
2 https://en.wikipedia.org/wiki/Fourier_transform
1  J_{n}(x)
2 https://en.wikipedia.org/wiki/Fourier_transform
1  {\frac {2(-i)^{n}T_{n}(2\pi \xi )\operatorname {rect} (\pi \xi )}{\sqrt {1-4\pi ^{2}\xi ^{2}}}}
2 https://en.wikipedia.org/wiki/Fourier_transform
1  {\sqrt {\frac {2}{\pi }}}{\frac {(-i)^{n}T_{n}(\omega )\operatorname {rect} \left( {\frac {\omega }{2}}\right)}{\sqrt {1-\omega ^{2}}}}
2 https://en.wikipedia.org/wiki/Fourier_transform
1  {\frac {2(-i)^{n}T_{n}(\nu )\operatorname {rect} \left( {\frac {\nu }{2}}\right)}{\sqrt {1-\nu ^{2}}}}
2 https://en.wikipedia.org/wiki/Fourier_transform
1  \log \left|x\right|
2 https://en.wikipedia.org/wiki/Fourier_transform
1  -{\frac {1}{2}}{\frac {1}{\left|\xi \right|}}-\gamma \delta \left(\xi \right)
2 https://en.wikipedia.org/wiki/Fourier_transform
1  -{\frac {\sqrt {\pi /2}}{\left|\omega \right|}}-{\sqrt {2\pi }}\gamma \delta \left(\omega \right)
2 https://en.wikipedia.org/wiki/Fourier_transform
1  -{\frac {\pi }{\left|\nu \right|}}-2\pi \gamma \delta \left(\nu \right)
2 https://en.wikipedia.org/wiki/Fourier_transform
1 \gamma 
2 https://en.wikipedia.org/wiki/Fourier_transform
1  \left(\mp ix\right)^{-\alpha }
2 https://en.wikipedia.org/wiki/Fourier_transform
1  {\frac {\left(2\pi \right)^{\alpha }}{\Gamma \left(\alpha \right)}}u\left(\pm \xi \right)\left(\pm \xi \right)^{\alpha -1}
2 https://en.wikipedia.org/wiki/Fourier_transform
1  {\frac {\sqrt {2\pi }}{\Gamma \left(\alpha \right)}}u\left(\pm \omega \right)\left(\pm \omega \right)^{\alpha -1}
2 https://en.wikipedia.org/wiki/Fourier_transform
1  {\frac {2\pi }{\Gamma \left(\alpha \right)}}u\left(\pm \nu \right)\left(\pm \nu \right)^{\alpha -1}
2 https://en.wikipedia.org/wiki/Fourier_transform
1  f(x,y)
2 https://en.wikipedia.org/wiki/Fourier_transform
1  {\hat {f}}(\xi _{x},\xi _{y})=
2 https://en.wikipedia.org/wiki/Fourier_transform
1  \iint f(x,y)e^{-2\pi i(\xi _{x}x+\xi _{y}y)}\,dx\,dy
2 https://en.wikipedia.org/wiki/Fourier_transform
1  {\hat {f}}(\omega _{x},\omega _{y})=
2 https://en.wikipedia.org/wiki/Fourier_transform
1  {\frac {1}{2\pi }}\iint f(x,y)e^{-i(\omega _{x}x+\omega _{y}y)}\,dx\,dy
2 https://en.wikipedia.org/wiki/Fourier_transform
1  {\hat {f}}(\nu _{x},\nu _{y})=
2 https://en.wikipedia.org/wiki/Fourier_transform
1  \iint f(x,y)e^{-i(\nu _{x}x+\nu _{y}y)}\,dx\,dy
2 https://en.wikipedia.org/wiki/Fourier_transform
1  e^{-\pi \left(a^{2}x^{2}+b^{2}y^{2}\right)}
2 https://en.wikipedia.org/wiki/Fourier_transform
1  {\frac {1}{|ab|}}e^{-\pi \left(\xi _{x}^{2}/a^{2}+\xi _{y}^{2}/b^{2}\right)}
2 https://en.wikipedia.org/wiki/Fourier_transform
1  {\frac {1}{2\pi \cdot |ab|}}e^{\frac {-\left(\omega _{x}^{2}/a^{2}+\omega _{y}^{2}/b^{2}\right)}{4\pi }}
2 https://en.wikipedia.org/wiki/Fourier_transform
1  {\frac {1}{|ab|}}e^{\frac {-\left(\nu _{x}^{2}/a^{2}+\nu _{y}^{2}/b^{2}\right)}{4\pi }}
2 https://en.wikipedia.org/wiki/Fourier_transform
1  \mathrm {circ} ({\sqrt {x^{2}+y^{2}}})
2 https://en.wikipedia.org/wiki/Fourier_transform
1  {\frac {J_{1}\left(2\pi {\sqrt {\xi _{x}^{2}+\xi _{y}^{2}}}\right)}{\sqrt {\xi _{x}^{2}+\xi _{y}^{2}}}}
2 https://en.wikipedia.org/wiki/Fourier_transform
1  {\frac {J_{1}\left({\sqrt {\omega _{x}^{2}+\omega _{y}^{2}}}\right)}{\sqrt {\omega _{x}^{2}+\omega _{y}^{2}}}}
2 https://en.wikipedia.org/wiki/Fourier_transform
1  {\frac {2\pi J_{1}\left({\sqrt {\nu _{x}^{2}+\nu _{y}^{2}}}\right)}{\sqrt {\nu _{x}^{2}+\nu _{y}^{2}}}}
2 https://en.wikipedia.org/wiki/Fourier_transform
1  f(\mathbf {x} )\,
2 https://en.wikipedia.org/wiki/Fourier_transform
1  {\hat {f}}({\boldsymbol {\xi }})=
2 https://en.wikipedia.org/wiki/Fourier_transform
1  \int _{\mathbf {R} ^{n}}f(\mathbf {x} )e^{-2\pi i\mathbf {x} \cdot {\boldsymbol {\xi }}}\,d^{n}\mathbf {x} 
2 https://en.wikipedia.org/wiki/Fourier_transform
1  {\hat {f}}({\boldsymbol {\omega }})=
2 https://en.wikipedia.org/wiki/Fourier_transform
1  {\frac {1}{{(2\pi )}^{n/2}}}\int _{\mathbf {R} ^{n}}f(\mathbf {x} )e^{-i{\boldsymbol {\omega }}\cdot \mathbf {x} }\,d^{n}\mathbf {x} 
2 https://en.wikipedia.org/wiki/Fourier_transform
1  {\hat {f}}({\boldsymbol {\nu }})=
2 https://en.wikipedia.org/wiki/Fourier_transform
1  \int _{\mathbf {R} ^{n}}f(\mathbf {x} )e^{-i\mathbf {x} \cdot {\boldsymbol {\nu }}}\,d^{n}\mathbf {x} 
2 https://en.wikipedia.org/wiki/Fourier_transform
1  \chi _{[0,1]}(|\mathbf {x} |)(1-|\mathbf {x} |^{2})^{\delta }
2 https://en.wikipedia.org/wiki/Fourier_transform
1  \pi ^{-\delta }\Gamma (\delta +1)|{\boldsymbol {\xi }}|^{-n/2-\delta }
2 https://en.wikipedia.org/wiki/Fourier_transform
1  \times J_{n/2+\delta }(2\pi |{\boldsymbol {\xi }}|)
2 https://en.wikipedia.org/wiki/Fourier_transform
1  2^{-\delta }\Gamma (\delta +1)\left|{\boldsymbol {\omega }}\right|^{-n/2-\delta }
2 https://en.wikipedia.org/wiki/Fourier_transform
1  \times J_{n/2+\delta }(|{\boldsymbol {\omega }}|)
2 https://en.wikipedia.org/wiki/Fourier_transform
1  \pi ^{-\delta }\Gamma (\delta +1)\left|{\frac {\boldsymbol {\nu }}{2\pi }}\right|^{-n/2-\delta }
2 https://en.wikipedia.org/wiki/Fourier_transform
1  \times J_{n/2+\delta }(|{\boldsymbol {\nu }}|)
2 https://en.wikipedia.org/wiki/Fourier_transform
1  |\mathbf {x} |^{-\alpha },\quad 0<\operatorname {Re} \alpha <n.
2 https://en.wikipedia.org/wiki/Fourier_transform
1  c_{n-\alpha ,n}(2\pi )^{\alpha -n}|{\boldsymbol {\xi }}|^{-(n-\alpha )}
2 https://en.wikipedia.org/wiki/Fourier_transform
1  c_{n-\alpha ,n}(2\pi )^{-n/2}|{\boldsymbol {\omega }}|^{-(n-\alpha )}
2 https://en.wikipedia.org/wiki/Fourier_transform
1  c_{n-\alpha ,n}|{\boldsymbol {\nu }}|^{-(n-\alpha )}
2 https://en.wikipedia.org/wiki/Fourier_transform
1  {\frac {1}{\left\|{\boldsymbol {\sigma }}\right\|\left(2\pi \right)^{n/2}}}e^{-{\frac {1}{2}}\mathbf {x} ^{\mathrm {T} }{\boldsymbol {\sigma }}^{-\mathrm {T} }{\boldsymbol {\sigma }}^{-1}\mathbf {x} }
2 https://en.wikipedia.org/wiki/Fourier_transform
1  e^{-{\frac {1}{2}}{\boldsymbol {\nu }}^{\mathrm {T} }{\boldsymbol {\sigma }}{\boldsymbol {\sigma }}^{\mathrm {T} }{\boldsymbol {\nu }}}
2 https://en.wikipedia.org/wiki/Fourier_transform
1  e^{-2\pi \alpha |\mathbf {x} |}
2 https://en.wikipedia.org/wiki/Fourier_transform
1 c_{n}{\frac {\alpha }{(\alpha ^{2}+|\xi |^{2})^{(n+1)/2}}}
2 https://en.wikipedia.org/wiki/Fourier_transform
1 c_{\alpha ,n}=\pi ^{n/2}2^{\alpha }{\frac {\Gamma (\alpha /2)}{\Gamma ((n-\alpha )/2)}}
2 https://en.wikipedia.org/wiki/Fourier_transform
1 {\boldsymbol {\Sigma }}={\boldsymbol {\sigma }}{\boldsymbol {\sigma }}^{\mathrm {T} }
2 https://en.wikipedia.org/wiki/Fourier_transform
1 {\boldsymbol {\Sigma }}^{-1}={\boldsymbol {\sigma }}^{-\mathrm {T} }{\boldsymbol {\sigma }}^{-1}
2 https://en.wikipedia.org/wiki/Fourier_transform
1 c_{n}=\Gamma ((n+1)/2)/\pi ^{(n+1)/2}
2 https://en.wikipedia.org/wiki/Fourier_transform
1  f(x) = \int_{c}^{x} R \left(t, \sqrt{P(t)} \right) \, dt, 
2 https://en.wikipedia.org/wiki/Elliptic_integral
1 \cos \varphi = \textrm{cn} \; u, \qquad \textrm{and} \qquad \sqrt{1 - m \sin^2 \varphi} = \textrm{dn}\; u.
2 https://en.wikipedia.org/wiki/Elliptic_integral
1  F(\varphi,k) = F(\varphi \,|\, k^2) = F(\sin \varphi ; k) = \int_0^\varphi \frac {d\theta}{\sqrt{1 - k^2 \sin^2 \theta}}.
2 https://en.wikipedia.org/wiki/Elliptic_integral
1  t=\sin \theta, x=\sin \varphi 
2 https://en.wikipedia.org/wiki/Elliptic_integral
1  F(x ; k) = \int_{0}^{x} \frac{dt}{\sqrt{(1 - t^2)(1 - k^2 t^2)}}.
2 https://en.wikipedia.org/wiki/Elliptic_integral
1  F(\varphi \setminus \alpha) = F(\varphi, \sin \alpha) = \int_0^\varphi \frac{d \theta}{\sqrt{1-(\sin \theta \sin \alpha)^2}}.
2 https://en.wikipedia.org/wiki/Elliptic_integral
1  F(\varphi, \sin \alpha) = F(\varphi \,|\, \sin^2 \alpha) = F(\varphi \setminus \alpha) = F(\sin \varphi ; \sin \alpha).
2 https://en.wikipedia.org/wiki/Elliptic_integral
1 x = \operatorname{sn}(u,k)
2 https://en.wikipedia.org/wiki/Elliptic_integral
1 F(x;k) = u;
2 https://en.wikipedia.org/wiki/Elliptic_integral
1 { K(m)=\int _{0}^{\frac {\pi }{2}}{\frac {d\theta }{\sqrt {1-m\sin ^{2}\theta }}}}
2 https://en.wikipedia.org/wiki/Elliptic_integral
1  E(\varphi,k) = E(\varphi \,|\,k^2) =
E(\sin\varphi;k) = \int_0^\varphi \sqrt{1-k^2 \sin^2\theta}\, d\theta.
2 https://en.wikipedia.org/wiki/Elliptic_integral
1  t=\sin\theta \; \text{and}\; x=\sin\varphi 
2 https://en.wikipedia.org/wiki/Elliptic_integral
1  E(x;k) = \int_0^x \frac{\sqrt{1-k^2 t^2} }{\sqrt{1-t^2}}\, dt.
2 https://en.wikipedia.org/wiki/Elliptic_integral
1  E(\varphi \setminus \alpha) = E(\varphi, \sin \alpha) = \int_0^\varphi \sqrt{1-(\sin \theta \sin \alpha)^2} \,d\theta.
2 https://en.wikipedia.org/wiki/Elliptic_integral
1 E(\mathrm{sn}(u ; k) ; k) = \int_0^u \mathrm{dn}^2 (w ; k) \, dw = u - k^2 \int_0^u \mathrm{sn}^2 (w ; k) \, dw = (1-k^2)u + k^2 \int_0^u \mathrm{cn}^2 (w ; k) \, dw.
2 https://en.wikipedia.org/wiki/Elliptic_integral
1 \varphi \,\!
2 https://en.wikipedia.org/wiki/Elliptic_integral
1 m(\varphi) = a\left(E(\varphi,e)+\frac{d^2}{d\varphi^2}E(\varphi,e)\right),
2 https://en.wikipedia.org/wiki/Elliptic_integral
1  \Pi(n ; \varphi \setminus \alpha) = \int_0^\varphi  \frac{1}{1-n\sin^2 \theta}
\frac {d\theta}{\sqrt{1-(\sin\theta\sin \alpha)^2}}
2 https://en.wikipedia.org/wiki/Elliptic_integral
1  \Pi(n ; \varphi \,|\,m) = \int_{0}^{\sin \varphi} \frac{1}{1-nt^2}
\frac{dt}{\sqrt{(1-m t^2)(1-t^2) }}.
2 https://en.wikipedia.org/wiki/Elliptic_integral
1 \Pi(1; \frac \pi 2 \,|\,m)\,\!
2 https://en.wikipedia.org/wiki/Elliptic_integral
1 \Pi (n;\,{\mathrm  {am}}(u;k);\,k)=\int _{0}^{u}{\frac  {dw}{1-n\,{\mathrm  {sn}}^{2}(w;k)}}.
2 https://en.wikipedia.org/wiki/Elliptic_integral
1 m(\varphi)=a(1-e^2)\Pi(e^2 ; \varphi \,|\,e^2).
2 https://en.wikipedia.org/wiki/Elliptic_integral
1 K(k)
2 https://en.wikipedia.org/wiki/Elliptic_integral
1 { K(k)=\int _{0}^{\frac {\pi }{2}}{\frac {d\theta }{\sqrt {1-k^{2}\sin ^{2}\theta }}}=\int _{0}^{1}{\frac {dt}{\sqrt {(1-t^{2})(1-k^{2}t^{2})}}},}
2 https://en.wikipedia.org/wiki/Elliptic_integral
1 { K(k)=F({\frac {\pi }{2}},k)=F({\frac {\pi }{2}}\,|\,k^{2})=F(1;k).}
2 https://en.wikipedia.org/wiki/Elliptic_integral
1 { K(k)={\frac {\pi }{2}}\sum _{n=0}^{\infty }\left[{\frac {(2n)!}{2^{2n}(n!)^{2}}}\right]^{2}k^{2n}={\frac {\pi }{2}}\sum _{n=0}^{\infty }[P_{2n}(0)]^{2}k^{2n},}
2 https://en.wikipedia.org/wiki/Elliptic_integral
1 { K(k)={\frac {\pi }{2}}\left\{1+\left({\frac {1}{2}}\right)^{2}k^{2}+\left({\frac {1\cdot 3}{2\cdot 4}}\right)^{2}k^{4}+\cdots +\left[{\frac {\left(2n-1\right)!!}{\left(2n\right)!!}}\right]^{2}k^{2n}+\cdots \right\},}
2 https://en.wikipedia.org/wiki/Elliptic_integral
1 { K(k)={\frac {\pi }{2}}\,{}_{2}F_{1}\left({\frac {1}{2}},{\frac {1}{2}};1;k^{2}\right).}
2 https://en.wikipedia.org/wiki/Elliptic_integral
1 { K(k)={\frac {\frac {\pi }{2}}{\mathrm {agm} (1,{\sqrt {1-k^{2}}})}}.}
2 https://en.wikipedia.org/wiki/Elliptic_integral
1 { K(k)={\frac {\pi }{2}}\theta _{3}^{2}(q),}
2 https://en.wikipedia.org/wiki/Elliptic_integral
1 { q(k)=\exp \left(-\pi {\frac {K({\sqrt {1-k^{2}}})}{K(k)}}\right).}
2 https://en.wikipedia.org/wiki/Elliptic_integral
1 { K(k^{2})\approx {\frac {\pi }{2}}+{\frac {\pi }{8}}{\frac {k^{2}}{1-k^{2}}}-{\frac {\pi }{16}}{\frac {k^{4}}{1-k^{2}}}}
2 https://en.wikipedia.org/wiki/Elliptic_integral
1 { {\frac {\mathrm {d} }{\mathrm {d} k}}\left[k(1-k^{2}){\frac {\mathrm {d} K(k)}{\mathrm {d} k}}\right]=kK(k)}
2 https://en.wikipedia.org/wiki/Elliptic_integral
1 K(\sqrt{1-k^2})
2 https://en.wikipedia.org/wiki/Elliptic_integral
1 { {\frac {\mathrm {d} }{\mathrm {d} k}}K(k)={\frac {E(k)}{k(1-k^{2})}}-{\frac {K(k)}{k}}}
2 https://en.wikipedia.org/wiki/Elliptic_integral
1 E(k)
2 https://en.wikipedia.org/wiki/Elliptic_integral
1 { E(k)=\int _{0}^{\frac {\pi }{2}}{\sqrt {1-k^{2}\sin ^{2}\theta }}\ d\theta =\int _{0}^{1}{\frac {\sqrt {1-k^{2}t^{2}}}{\sqrt {1-t^{2}}}}dt,}
2 https://en.wikipedia.org/wiki/Elliptic_integral
1  E(\phi,k)
2 https://en.wikipedia.org/wiki/Elliptic_integral
1 { E(k)=E\left({\frac {\pi }{2}},k\right)=E(1;k).}
2 https://en.wikipedia.org/wiki/Elliptic_integral
1 a
2 https://en.wikipedia.org/wiki/Elliptic_integral
1 b
2 https://en.wikipedia.org/wiki/Elliptic_integral
1 e=\sqrt{1-b^2/a^2}
2 https://en.wikipedia.org/wiki/Elliptic_integral
1 E(e)
2 https://en.wikipedia.org/wiki/Elliptic_integral
1 c
2 https://en.wikipedia.org/wiki/Elliptic_integral
1 { c=4aE(e).}
2 https://en.wikipedia.org/wiki/Elliptic_integral
1 { E(k)={\frac {\pi }{2}}\sum _{n=0}^{\infty }\left[{\frac {(2n)!}{2^{2n}(n!)^{2}}}\right]^{2}{\frac {k^{2n}}{1-2n}},}
2 https://en.wikipedia.org/wiki/Elliptic_integral
1 { E(k)={\frac {\pi }{2}}\left\{1-\left({\frac {1}{2}}\right)^{2}{\frac {k^{2}}{1}}-\left({\frac {1\cdot 3}{2\cdot 4}}\right)^{2}{\frac {k^{4}}{3}}-\cdots -\left[{\frac {(2n-1)!!}{(2n)!!}}\right]^{2}{\frac {k^{2n}}{2n-1}}-\cdots \right\}.}
2 https://en.wikipedia.org/wiki/Elliptic_integral
1 { E(k)={\frac {\pi }{2}}\,{}_{2}F_{1}\left({\frac {1}{2}},-{\frac {1}{2}};1;k^{2}\right).}
2 https://en.wikipedia.org/wiki/Elliptic_integral
1 \frac{\mathrm{d}E(k)}{\mathrm{d}k}=\frac{E(k)-K(k)}{k}
2 https://en.wikipedia.org/wiki/Elliptic_integral
1 (k^2-1) \frac {\mathrm{d}} {\mathrm{d}k} \left[ k \;\frac {\mathrm{d}E(k)} {\mathrm{d}k} \right] = k E(k)
2 https://en.wikipedia.org/wiki/Elliptic_integral
1 E(\sqrt{1-k^2}) - K(\sqrt{1-k^2})
2 https://en.wikipedia.org/wiki/Elliptic_integral
1 \Pi (n,k)
2 https://en.wikipedia.org/wiki/Elliptic_integral
1 n
2 https://en.wikipedia.org/wiki/Elliptic_integral
1 { \Pi (n,k)=\int _{0}^{\frac {\pi }{2}}{\frac {d\theta }{(1-n\sin ^{2}\theta ){\sqrt {1-k^{2}\sin ^{2}\theta }}}}.}
2 https://en.wikipedia.org/wiki/Elliptic_integral
1 { \Pi '(n,k)=\int _{0}^{\frac {\pi }{2}}{\frac {d\theta }{(1+n\sin ^{2}\theta ){\sqrt {1-k^{2}\sin ^{2}\theta }}}}.}
2 https://en.wikipedia.org/wiki/Elliptic_integral
1 { {\frac {\partial \Pi (n,k)}{\partial n}}={\frac {1}{2(k^{2}-n)(n-1)}}\left(E(k)+{\frac {1}{n}}(k^{2}-n)K(k)+{\frac {1}{n}}(n^{2}-k^{2})\Pi (n,k)\right)}
2 https://en.wikipedia.org/wiki/Elliptic_integral
1 { {\frac {\partial \Pi (n,k)}{\partial k}}={\frac {k}{n-k^{2}}}\left({\frac {E(k)}{k^{2}-1}}+\Pi (n,k)\right)}
2 https://en.wikipedia.org/wiki/Elliptic_integral
1  K(k) E\left(\sqrt{1-k^2}\right) + E(k) K\left(\sqrt{1-k^2}\right) - K(k) K\left(\sqrt{1-k^2}\right) = \frac \pi 2.
2 https://en.wikipedia.org/wiki/Elliptic_integral
1 2^{{\aleph _{0}}}<2^{{\aleph _{1}}}
2 https://en.wikipedia.org/wiki/Moore_space_%28topology%29
1 P_{n}
2 https://en.wikipedia.org/wiki/Path_graph
1 \text{Quality} = \frac{\text{Results of work efforts}}{\text{Total costs}}
2 https://en.wikipedia.org/wiki/W._Edwards_Deming
1 P(event)={\frac  {{\text{number of outcomes in event}}}{{\text{number of outcomes in sample space}}}}
2 https://en.wikipedia.org/wiki/Sample_space
1 F(i)=\sum _{{j=1}}^{i}f(j).
2 https://en.wikipedia.org/wiki/Pseudo-random_number_sampling
1 f(n;b,c)\propto n^{{-b}}\exp(-c(\log n)^{2}),
2 https://en.wikipedia.org/wiki/Parabolic_fractal_distribution
1 {\sqrt {2}}
2 https://en.wikipedia.org/wiki/Wallpaper_group
1 N_{2}={\frac {4n}{2m+2n-mn}}
2 https://en.wikipedia.org/wiki/Regular_polyhedron
1 { \lambda =1-q}
2 https://en.wikipedia.org/wiki/Tsallis_distribution
1 z_{i}=\Phi ^{{-1}}\left({\frac  {i-a}{n+1-2a}}\right),
2 https://en.wikipedia.org/wiki/Normal_probability_plot
1 \varphi 
2 https://en.wikipedia.org/wiki/Phidias
1  \int_\mbox{this} \qquad \int_\text{this} 
2 https://en.wikipedia.org/wiki/Wikipedia:Manual_of_Style/Mathematics/Why_you_should_never_use_%5Cmbox_within_Wikipedia
1 \begin{array}{r}\zeta(s) = 0\ \Re(s) = \frac{1}{2}\end{array}
2 https://en.wikipedia.org/wiki/User:Yecril
1 e^{i\pi \ }
2 https://en.wikipedia.org/wiki/User:Compsonheir
1 e^{i\pi \ }
2 https://en.wikipedia.org/wiki/User:Daviddaved
1 e^{i\pi \ }
2 https://en.wikipedia.org/wiki/User:DrPhosphorus
1 e^{i\pi \ }
2 https://en.wikipedia.org/wiki/User:Pooh4913
1 \wp 
2 https://en.wikipedia.org/wiki/Weierstrass_p
1 \begin{array}{r}\zeta(s) = 0\ \Re(s) = \frac{1}{2}\end{array}
2 https://en.wikipedia.org/wiki/User:CRGreathouse
1 {\frac  {2^{n}-1}{2^{n}}}
2 https://en.wikipedia.org/wiki/Quaver_rest
1 e^{i\pi \ }
2 https://en.wikipedia.org/wiki/User:DavidCBryant
