t=s/c_{m}
{\frac  {\operatorname d^{2}R}{{\operatorname dQ}^{2}}}<{\frac  {\operatorname d^{2}C}{{\operatorname dQ}^{2}}}
\{x\in S(B)\mid b\in x\},
\Gamma _{0}
\pi \!\;\!\!\!\pi 
\stackrel{\delta\phi\pi\beta}{\Mu}
{\frac  {n\cdot (n+1)\cdots (2n-4)}{(n-2)!}}
x={\sqrt {ab}}
V-E+F=2,
d={\sqrt {a^{2}+b^{2}+c^{2}}}.\ 
\int |\kappa(s)| ds,
[x^{{\mu }},x^{{\nu }}]=i\theta ^{{\mu \nu }}\,\!
n-1
2^{\aleph _{0}}={\mathfrak {c}}
{\begin{aligned}\sin 0^{\circ }&=0,\[10pt]\sin 30^{\circ }&={\frac {1}{2}},\[10pt]\sin 90^{\circ }&=1.\end{aligned}}
{\sqrt {n}}
a=bq+r
{ {\frac {x^{5}}{120}}-{\frac {x^{3}}{6}}+x=0.}
{ {-y{\partial f \over \partial y} \over {\partial f \over \partial x}}.}
{ 0x^{2}+2x+1=3}
{}^6_4
{ {{\text{f}}_{\text{P5}} \over {\text{f}}_{\text{T}}}=2^{(7/12)}\approx 1.49821\approx {3 \over 2}}
{ {\frac {vii^{ox}}{y}}}
{\frac  {G/D}{A5/E}}
{\frac {d^{2}y}{dt^{2}}}+\epsilon (y^{2}-1){\frac {dy}{dt}}+y=0,\quad \epsilon =1
{ f(z)=(z-r_{1})\cdots (z-r_{n}),\qquad (n\geq 2)}
\frac{\text{c}_\ell + 0.5 f_i }{N} \times 100\%
 4\pi r^2 
\Delta S \propto \ln \frac{V}{V_0}.
{r_{critical}}={k \over h}
Centroid={\frac  {\sum _{{n=0}}^{{N-1}}f\left(n\right)x\left(n\right)}{\sum _{{n=0}}^{{N-1}}x\left(n\right)}}
StO_{2}
p=mv=qBr
E\Psi ={\hat {H}}\Psi 
\chi ^{(3)}
{ {\ce {{R-Cl}+NaI->{R-I}+NaCl}}}
\ell _{1}
x^2+3x
{ f={1 \over 2\pi {\sqrt {LC}}}\,}
f_s / 2 
{ 3{\mbox{HgCl}}_{2}+{\mbox{AsH}}_{3}~\rightarrow ~{\mbox{AsHg}}_{3}{\mbox{Cl}}_{3}+3{\mbox{HCl}}}
\log _{{10}}{\frac  {{\textit  {molar~mass}}}{1000}}={\textit  {distance~to~right~(decades)}}
{ {\ce {{Os}+2O2->[\Delta T]OsO4}}}
P=K\rho ^{{(n+1)/n}},
{\frac  {C}{MR^{2}}}
{\dot {B}}
{ \omega _{pe}=(4\pi n_{e}e^{2}/m_{e})^{1/2}=5.64\times 10^{4}n_{e}^{1/2}{\mbox{rad/s}}=9000\times n_{e}^{1/2}{\mbox{Hz}}}
{ {\begin{aligned}2\cdot R_{*}&={\frac {(91\cdot 2.06\cdot 10^{-3})\ {\text{AU}}}{0.0046491\ {\text{AU}}/R_{\bigodot }}}\&\approx 40\cdot R_{\bigodot }\end{aligned}}}
{ {\begin{aligned}2\cdot R_{*}&={\frac {(48.5\cdot 0.626\cdot 10^{-3})\ {\text{AU}}}{0.0046491\ {\text{AU}}/R_{\bigodot }}}\&\approx 6.5\cdot R_{\bigodot }\end{aligned}}}
{ {\begin{aligned}2\cdot R_{*}&={\frac {(97\cdot 5.12\cdot 10^{-3})\ {\text{AU}}}{0.0046491\ {\text{AU}}/R_{\bigodot }}}\&\approx 107\cdot R_{\bigodot }\end{aligned}}}
{ {\mathcal {L}}=-{\frac {1}{4}}F_{\mu \nu }F^{\mu \nu }-{\frac {n_{f}g^{2}\theta }{32\pi ^{2}}}F_{\mu \nu }{\tilde {F}}^{\mu \nu }+{\bar {\psi }}(i\gamma ^{\mu }D_{\mu }-me^{i\theta ^{\,\prime }\gamma _{5}})\psi }
h = c \Lambda^{4-d},
{ Zb{\bar {b}}}
{ \mathrm {B} (\mu ^{+}\to e^{+}\gamma )<4.2\times 10^{-13}}
{ x_{i}'=x_{i}+f(x_{0},\cdots ,x_{i-1})}
E_{K_1}(E_{K_2}(M))=M
{ A=T(V)/\langle S\rangle }
{ {\begin{aligned}u_{i}^{2}&=0,\u_{i}u_{j}&=u_{j}u_{i}&&{\text{ if }}|i-j|>1,\u_{i}u_{j}u_{i}&=u_{j}u_{i}u_{j}&&{\text{ if }}|i-j|=1.\end{aligned}}}
{ \sum _{w,w^{\prime }\in W}\epsilon (ww^{\prime })P(w(\lambda +\rho )+w^{\prime }(\mu +\rho )-(\nu +2\rho ))}
 \mathbb C_c [  G(K) / G(O) ]^{G(O)} \cong K_0(G^L-Rep).
{ t{\begin{Bmatrix}8\6\end{Bmatrix}}}
{ r{\begin{Bmatrix}8\6\end{Bmatrix}}}
{ \lim _{z\to \infty }\left(F(z)-{\pi  \over z-1}\right)}
{ e^{b\theta _{\mathrm {right} }}\,=\phi }
{ {\begin{bmatrix}0&0&1\-1&0&0\0&-1&0\end{bmatrix}}.}
{\frac  {1}{{\sqrt  {r_{{\text{middle}}}}}}}={\frac  {1}{{\sqrt  {r_{{\text{left}}}}}}}+{\frac  {1}{{\sqrt  {r_{{\text{right}}}}}}}.
{ x={\frac {(m_{1}+m_{2}+...+m_{n-1})-s}{n-2}}.}
(1+\sigma )^{r}g/\Xi 
{ \operatorname {End} _{A}M=k}
A^{B}=\bigcup _{L\in B}A^{L}
\cos(\theta )\rightarrow \infty 
\mathbb {C} 
{ SmallText}
w<-1
\theta \approx {\frac  {r}{D}}
{ {\ce {{AgNO3}+NaCl->AgCl(v)+NaNO3}}}
x^5+x^4+x^3+x^2+x=2
{\frac{\partial}{\partial x}} \,\;
k={\frac  Nn}
k\cdot \epsilon =0
\nleftrightarrow
{ \neg A\to (\neg B\gets \neg C)}
L(P||Q)=\frac{(|P|+|Q|)!}{|P|!|Q|!} L(P)L(Q),
\hat{y} = \arg\max_{k \in 1 \ldots K} f_k(x)
t=0,1,2,...
y=x*e^{{rt}}
\mu 
{ \left({\frac {1}{z}}\right)\left(\ln {\frac {I_{0}}{I_{z}}}\right)=k_{w}+\alpha C}
{\frac  {mean\ distance}{{\frac  {1}{2}}{\sqrt  {{\text{density}}}}}}
g = dx_1^2 + \cdots + dx_p^2 - dx_{p+1}^2 - \cdots - dx_{p+q}^2
{ {\mathcal {O}}type}
2+1 \over 6
{ \pi r^{2}{\frac {360}{\theta }}-\sin \theta {\frac {\sqrt {\theta ^{2}-r^{2}\sin \theta ^{2}}}{2}}}
{ \Lambda ^{4}(8)}
{ 696729600/4=174182400}
\int \frac{x+A}{\sqrt{x^4+ax^3+bx^2+cx+d}}\, dx
x^{3}+px^{2}+qx=N
y=x\cot {\frac  {\pi x}{2a}}.
K\subseteq R
T = \frac{3600}{t}
\left\lfloor\frac{(m+1)26}{10}\right\rfloor \mod 7,
W_i = W_i - (x_i - \mathrm{nearHit}_i)^2 + (x_i - \mathrm{nearMiss}_i)^2
\exists 
{ X\times \{0\}\cong X}
\subseteq 
PV\ =\ {A \over r}
{ {\mathsf {EXPSPACE}}=\bigcup _{k\in \mathbb {N} }{\mathsf {DSPACE}}(2^{n^{k}})=\bigcup _{k\in \mathbb {N} }{\mathsf {NSPACE}}(2^{n^{k}})}
{{\mathrm  {Official\ UK\ Unemployment\ Rate={\frac  {All\ those\ aged\ 16\ and\ over\ classed\ as\ unemployed}{All\ those\ aged\ 16\ and\ over\ classed\ as\ employed\ or\ unemployed}}}}}
[d(\rho ,\rho +d\rho )]^{2}={\frac  {1}{2}}{\mbox{tr}}(d\rho G),
{ F=0.7tL(UTS)}
 (X,\mathcal O_X) 
{ \mathbb {Z} _{2}\times \mathbb {Z} _{3}}
f(x)^{5}+f(x)^{4}+x=0
\begin{smallmatrix}\binom{n}{r}\end{smallmatrix}
\sin \left(angle\right)={perpendicular \over hypotenuse}
\lbrace x_{k}\rbrace 
\log(n)
{ \operatorname {MAD} ={\frac {1}{N}}\sum _{i=1}^{n}|X_{i}-\operatorname {median} |}
{ A\cap B\neq \emptyset }
F(\mu )-L(F(\mu ))={\frac  {{\text{mean deviation}}}{2\,\mu }}
{ p_{i}=n_{i}/\sum {n_{i}}}
{ C_{abs}}
F(ax_{1}+bx_{2})=aF(x_{1})+bF(x_{2})\,
{\frac  {15}{4\pi ^{4}}}\int _{0}^{x}{\frac  {t^{7}e^{{2t}}}{(e^{t}-1)^{3}}}\,dt.
{ F(x,\theta )=\int _{0}^{\theta }{e^{-x\sec(\varphi )}}\,d{\varphi }.\,}
{\frac  {\partial ^{2}V}{\partial x^{2}}}+{\frac  {\partial ^{2}V}{\partial y^{2}}}+{\frac  {\partial ^{2}V}{\partial z^{2}}}=0
G,L(G),L(L(G)),L(L(L(G))),\dots .\ 
{ {\frac {8}{9}}n^{2}}
(0.7599\cdot 0.8630\cdot 0.7011)^{{\frac  {1}{3}}}=0.772.
h={\frac  {(f-4)(f-3)}{12}}.
{ {{1}/{2L}}{\sqrt {{T}/{\mu }}}}
{ \Phi _{1},\Phi _{2},\Phi _{5},...}
\eta = \frac{V_{OC} \times J_{SC} \times FF}{P_{in}}
{ (1-\varepsilon )g(n)\leq f(n)\leq (1+\varepsilon )g(n)\,}
{ ln(DO)=A1+A2*100/T+A3*ln(T/100)+A4*T/100+S*[B1+B2*T/100+B3*(T/100)^{2}]}
{ {\begin{matrix}\mathbf {v} _{r}\cdot \mathbf {\hat {t}} =0&\mathbf {f} _{e}\cdot \mathbf {\hat {t}} \leq f_{s}\end{matrix}}}
{ \omega _{x}:T_{x}M\times T_{x}M\to \mathbb {R} }
T^{*}(M)=\coprod _{{x\in M}}T_{x}^{*}(M)=\left\{(v,x)\colon x\in M{\mbox{ and }}v\in T_{x}^{*}M\right\}
O(np)
WF_{{proc,grey}}={\frac  {L}{c_{{max}}-c_{{nat}}}}
(p,\, t) = (i,\, 2j+i)
(v-k-1)\mu =k(k-\lambda -1)
{ {\tilde {Q}}_{s}={\frac {3}{2}}{\frac {V}{S\delta _{s}}}}
{ T_{n}={\frac {z\left[(z-1)^{n}-1\right]}{z-2}}+1}
{ {\text{FWER}}=1-(1-\alpha )^{m}}
{ f(x)={\sqrt {\frac {x^{2}+1}{x-1}}}}
a \sin (\theta )=n \lambda
{ R_{s}={\frac {\sqrt {N_{2}}}{4}}\left({\frac {\alpha -1}{\alpha }}\right)\left({\frac {k'_{2}}{1+k'_{2}}}\right)}
J_i = - \frac{D c_i}{RT} \frac{\partial \mu_i}{\partial x}
{ \sum _{n=0}^{7}n^{2}{\text{ and }}2\subseteq 3}
O(n^{{\lceil d/2\rceil }})
Q_{A}=-\int \limits _{{{\text{Voronoi cell }}A}}{\Big (}\rho ({\mathbf  {r}})-\sum _{B}\rho _{B}({\mathbf  {r}}){\Big )}d{\mathbf  {r}}
{ d>>2}
{\frac  {{\text{Shutter Angle}}}{360^{\circ }}}={\frac  {{\text{Exposure Time}}}{{\text{Frame Interval}}}}
{ \Theta \left(x^{2}\log \log x\right)}
\gamma _{\infty }(G\,\Box \,H)\geq \gamma _{\infty }(G)\gamma _{\infty }(H)\,
{ n^{2}+1}
{ V=IR\,,}
{\bar {\partial }}
{ W_{cl}={\frac {\pi ^{2}}{6}}{\frac {\sigma d^{2}J_{p}^{2}f}{\delta }}}
T=2\pi {\sqrt  {{\frac  {L}{g}}}}\,
{ \beta ={\sqrt {n^{2}(a)k^{2}-(l/a)^{2}}}}
h\cdot \nu ={\frac  {h\cdot c}{\lambda }}={\frac  {4.13566733\cdot 10^{{-15}}\cdot 299792458}{10\cdot 10^{{-9}}}}=123.9842eV
{ \{s_{1},\ldots ,s_{n}\}\cap [c.d]}
{ P({\vec {r}})\propto exp(-{\vec {r}}\cdot {\vec {r}}/2\sigma ^{2})}
F = f_1(0), f_2(0), f_1(1), f_2(1), \dots,
[0,1]^{3}
{ \Box (H,V)}
<math>
{ cosh<sup>2</sup>x>-sinh<sup>2</sup>x=1}
K={\frac {RT-S^{2}}{\left(1+P^{2}+Q^{2}\right)^{2}}}
{ {\frac {a}{b}},a,b\in \mathbb {Z} ,b\neq 0}
{ p=a+bQ}
\pi -\pi 
\tau =RC={\frac  {1}{2\pi f_{c}}}
{ af_{k}f_{1}f_{1}+++}
{ \int _{a}^{b}|k(s)|\,ds.}
{ 1.89*10^{15}seconds}
{ x^{4}=4^{x}}
{ p>1}
{ 4.{\overline {2}}}
\int _{a}^{b}
\frac{\partial f}{\partial x}
{\bar {a}}
{ UTC+{\sqrt {(}}-1)}
{ \pi  \over {\sqrt {18}}}
{ \Delta M_{i}^{-1}=-\sum _{n=1}^{N}D_{i}[n]\left[\sum _{j\in C\{i\}}F_{ji}[n-1]+Fext_{i}[n^{-1}]\right]}
{ {\frac {dr}{dt}}=F_{d}+F_{c}+F_{b}}
{ RPN=DxSxO}
\mathrm{SNR_{out,dB}} = \mathrm{SNR_{in,dB}} - NF
{ F=F_{1}+\sum \limits _{i=1}^{N-1}{{F_{i+1}-1} \over {\prod \limits _{j=1}^{i}g_{j}}}}
{ cos^{4}}
C_{o}=C_{a}\alpha _{a}+C_{b}\alpha _{b}\left(1-\alpha _{a}\right)
E\,=\,{\frac  12}\,A\,\rho \,g\,h^{2}
{ {\hat {S}}_{z}|\chi \rangle =\pm {\hbar  \over 2}|\pm \rangle }
{ {\sqrt {\frac {x^{2}/n}{0}}}}
 a(bc)=(ab)c 
{ \left({\begin{array}{c}A_{1}(x,y)\A_{2}(x,y)\end{array}}\right)=\left({\begin{array}{cc}S_{1}(x,y)&S_{1}(x+{\frac {FOV}{2}},y)\S_{2}(x,y)&S_{2}(x+{\frac {FOV}{2}},y)\end{array}}\right)\left({\begin{array}{c}I(x,y)\I(x+{\frac {FOV}{2}},y)\end{array}}\right)}
x^{7}+x^{6}+1
\frac{max\ packetsize}{max\ packetsize\ +\ frame\ size} = \frac{1024}{1024+5} = 0.9951 = 99.5\%
{ RSBI={\frac {f}{V_{T}}}}
{ {\frac {V_{D}}{V_{T}}}={\frac {P_{a}CO_{2}-P_{E}CO_{2}}{P_{a}CO_{2}}}}
{ \%\ {\text{Right-to-left shunt}}=\left({\frac {({\text{Total body counts}})-({\text{Total lung counts}})}{({\text{Total body counts}})}}\right)\times 100\%}
{ {GM_{s}M_{j} \over 2Rc^{2}}\approx 510^{17}{\mathrm {k} g}}
{ r^{2}={\frac {a^{2}b^{2}}{b^{2}+(a^{2}-b^{2})\sin ^{2}{\lambda }}}}
{\mathbb  {Z}}/p
{n \choose k}={\frac  {n!}{k!\cdot (n-k)!}}.
{ a^{2}+b^{2}=c^{2}={\sqrt {a^{2}+b^{2}}}=c={\sqrt {4^{2}+6^{2}}}\approx 7.21110255093}
{ \sim 10^{4.7}}
P_{4}
{ P_{\text{inside}}-P_{\text{outside}}={\frac {2o}{r}}}
e^{{i\pi }}\ +1=0
{ \mathbf {A} ^{\nabla }={\frac {D}{Dt}}\mathbf {A} -\mathbf {A} \cdot (\nabla \mathbf {v} )^{T}-(\nabla \mathbf {v} )\cdot \mathbf {A} }
r={\sqrt[ {3}]{{\frac  {GM}{\omega ^{2}}}}}
{ \iiiint _{\delta \gamma }^{{\hat {\mathbf {H} }}i}\ \mathrm {d} x=\oint _{\pi ^{i}}^{{e^{-}i}^{x^{2}}}\ \mathrm {d} {\overrightarrow {\phi }}}
PV=nRT
{ \int _{S}|\eta |^{2}\,ds?}
{ \zeta (s)=(1-2^{1-s})^{-1}\sum _{n=1}^{\infty }(-1)^{n+1}n^{-s}}
{ a+b>c}
{ v=c{\sqrt {1-{\frac {2Gm}{c^{2}r}}}},}
10^{50}
{ L_{7}}
{ {\mathcal {I}}_{m,n}={\frac {\partial \mu }{\partial \theta _{m}}}\Sigma ^{-1}{\frac {\partial \mu }{\partial \theta _{n}}}+{\frac {1}{2}}tr(\Sigma ^{-1}{\frac {\partial \Sigma }{\partial \theta _{m}}}\Sigma ^{-1}{\frac {\partial \Sigma }{\partial \theta _{n}}})}
{ (1/4)^{8}=1/65536}
{ e^{x}=\sum _{n=0}^{\infty }{x^{n} \over n!},}
\theta =\sin ^{{-1}}\left({\frac  {\lambda \ \Delta \Phi }{2\pi d}}\right)
{ {\ce {\underset {Alkene\ and\ Alkane\ Formation}{2CH3-{\underset {^{\bullet }}{C}}H2->{H2C=CH2}+H3C-CH3}}}}
\left({\frac  {{}^{{187}}{\mathrm  {Os}}}{{}^{{188}}{\mathrm  {Os}}}}\right)_{{{\mathrm  {present}}}}=\left({\frac  {{}^{{187}}{\mathrm  {Os}}}{{}^{{188}}{\mathrm  {Os}}}}\right)_{{{\mathrm  {initial}}}}+\left({\frac  {{}^{{187}}{\mathrm  {Re}}}{{}^{{188}}{\mathrm  {Os}}}}\right)\cdot (e^{{\lambda t}}-1),
\Psi (x,y,z)=\left({x-{\frac  {q}{1+q}}}\right)^{2}+y^{2}+{\frac  {2}{(1+q){\sqrt  {x^{2}+y^{2}+z^{2}}}}}+{\frac  {2q}{(1+q){\sqrt  {(x-1)^{2}+y^{2}+z^{2}}}}}
{ I^{n}(t)}
{ {r_{ij}}}
{ {\begin{array}{c}1\\rightarrow \M\end{array}}~and~{\begin{array}{c}*\\rightarrow \M\end{array}}}
{ f(x)={\begin{cases}0,&x<0,\1,&x\geq 0,\end{cases}}}
 \mathcal{B}_\alpha y
{ \sum _{i=0}^{\infty }{\frac {1}{2^{i}}}}

\begin{bmatrix} x' \ y' \end{bmatrix}
 =
\begin{bmatrix} a & b & x_0 \ c & d & y_0 \end{bmatrix}
\begin{bmatrix} x - x_0 \ y - y_0 \ 1 \end{bmatrix}

{ Umm...\ \infty +1?}
{ R(\theta k)={\begin{bmatrix}\cos \theta &-\sin \theta &0\\sin \theta &\cos \theta &0\0&0&1\end{bmatrix}}}
{ 2.{\overline {0}}}
{ \tau ={{R_{1}R_{2}C} \over {R_{1}+R_{2}}}}
{ x^{2}+x+1=1}
{ y=-\log \cos x}
{ h(x)={\begin{cases}g(x)&{\mbox{if }}x\in [0,1],\\exp(g(\ln(x)))&{\mbox{if }}x\in (1,\infty ),\\ln(g(\exp(x)))&{\mbox{if }}x\in (-\infty ,0).\\end{cases}}}
{ L=\{<A,t>|A\subset \mathbb {Z} ,t\in \mathbb {Z} ,\ \exists \{x_{i}\}(\sum _{i}{A_{i}\cdot x_{i}}=t,\ \exists i(x_{i}\in [0,1],\forall j\neq i\ x_{j}\in \{0,1\}))\}}
{ {\frac {\partial ^{2}}{{\partial x}^{2}}}V=K{\frac {\partial }{\partial t}}V}
{ G=\mathbb {Z} /4\mathbb {Z} ,H=G/\{0,{\bar {2}}\}}
\lambda _{{max}}
{ w(1;s)}
{ \Delta {P_{eff}}=\int _{0}^{1}d\lambda {\frac {dP}{d\lambda }}}
x \mapsto \lceil x \rceil 
x \mapsto \lfloor x \rfloor
-\sigma
{ e^{i\theta }=\cos \theta +i\sin \theta }
{ \omega ={\frac {v}{r}}}
{ MR={\frac {SpringDisplacement}{WheelDisplacement}}.}
{ WheelRate={\frac {SpringRate}{MR^{2}}}.}
\Delta ={\frac {2\pi t}{\lambda }}C(\sigma _{1}-\sigma _{2})
N={\frac {\Delta }{2\pi }}
v_x
v_y
f(x \circ y) = f(x) \circ f(y)
f(1) = 1
G=\langle x,y\rangle \,
F[G]\,
{ y=(x+2)^{2}+2}
{ y=6}
p\times b^{3}+q\times b^{2}+r\times b+s
7\times 16^{3}+10\times 16^{2}+3\times 16+15
\mathbb {F} _{2}
{ A={\begin{bmatrix}1&0\0&1\end{bmatrix}}}
D=B^{2}-4C
\lambda _{0}v_{0}+\lambda _{1}v_{1}+\cdots +\lambda _{n}v_{n}+\lambda _{{n+1}}v_{{n+1}}=0.
\mu _{0}v_{0}+\mu _{1}v_{1}+\cdots +\mu _{n}v_{n}+\mu _{{n+1}}v_{{n+1}}.
[x_1 : x_2]
R={\mathbb  {Z}}[{\sqrt  {-5}}]
(p^n)
 D_i
M=N\oplus P
{ k:=j,w:=id(j)}
{ u=v,w\circ u=w\circ v}
sh_{1}
sh_{2}
\alpha <1-{\frac  {1}{{\sqrt  {2}}}}
h\leq \log _{{{\frac  {1}{1-\alpha }}}}n={\frac  {\log _{2}n}{\log _{2}\left({\frac  {1}{1-\alpha }}\right)}}=O(\log n)
|b|= \frac {a}{2}|<110>|= \frac{a}{\sqrt 2}
|b|= \frac {a}{2}|<111>|= \frac{\sqrt 3a}{2}
{ M_{r}}
P = \frac{\Delta p Q}{\eta}
 \Delta P = {(v_2^2 - v_1^2) \over 2}+\Delta z g+{\Delta p_{\mathrm{static}}\over\rho}
\Delta P=\rho g(\Delta h)\,
{ dP/dh=\rho g}
{ \log(\sum _{j=1}^{n}\exp(q_{j}))}
{ {\frac {\exp(q_{i})}{\sum _{j=1}^{n}\exp(q_{j})}}}
i\neq j
{ \tau _{ij}=\mu \left({\frac {\partial v_{i}}{\partial x_{j}}}+{\frac {\partial v_{j}}{\partial x_{i}}}\right)-\left(p_{m}+{\frac {2}{3}}\mu \nabla \cdot {\overline {v}}\right)\delta _{ij}}
E\supseteq F
{ V={\frac {\pi h}{6}}\left(3r_{1}^{2}+3r_{2}^{2}+h^{2}\right)}
{ A=2\pi Rh}
{\begin{aligned}\iota \colon {\mathbf  {Gr}}(r,K^{n})&{}\rightarrow {\mathbf  {P}}(\wedge ^{r}K^{n})\\operatorname {span}(v_{1},\ldots ,v_{r})&{}\mapsto K(v_{1}\wedge \cdots \wedge v_{r})\end{aligned}}
\psi(W)\cdot\psi(Z) - \sum_{i_1 < \cdots < i_k} (v_1 \wedge \cdots \wedge v_{i_1 - 1} \wedge w_1 \wedge v_{i_1 + 1} \wedge \cdots \wedge v_{i_k - 1} \wedge w_k \wedge v_{i_k + 1} \wedge \cdots \wedge v_r)\cdot(v_{i_1} \wedge \cdots \wedge v_{i_k} \wedge w_{k+1} \cdots \wedge w_r) = 0.
{\tilde {E}}_{8}
N \wedge M := N \cap M
N \vee M := N M = \{nm \,|\, n \in N \text{, and } m \in M\}.
{6\sqrt{29-2\sqrt{2}}}
{\sqrt{122+71\sqrt{2}}}
A=7{\sqrt  {3}}a^{2}\approx 12.12435565a^{2}
V={\frac  {23}{12}}{\sqrt  {2}}a^{3}\approx 2.710575995a^{3}.
I_{x}
{\mathbf  {p}}=m{\mathbf  {v}}
{ e^{x}=\sum _{n=0}^{\infty }{x^{n} \over n!}=1+x+{x^{2} \over 2!}+{x^{3} \over 3!}+{x^{4} \over 4!}+\cdots .}
 \forall pTp 
p \leftrightarrow Tp
{ log\zeta (s)=s\int _{2}^{\infty }dx{\frac {\pi (x)}{x(x^{s}-1)}}}
A(x)
H^{2}=H
{ \mathbf {X} (\mathbf {X} ^{\mathsf {T}}\mathbf {X} )^{-1}\mathbf {X} ^{\mathsf {T}}}
{\mathbb  {R}}^{2}-\{0\}
f_{1},f_{2}:{\mathbb  {S}}^{1}\rightarrow {\mathbb  {R}}^{2}-\{0\}
E_{0}
{ E_{0}({\textrm {volts}})=-{\frac {\Delta G}{nF}}}
f\colon R\to S
{\mathbb  {Z}}\to R
\Delta u=f
{ f<0}
V
{ \int _{-\infty }^{\infty }|F(x+iy)|^{2}\,dx<K.}
{\mathcal {F}}(F)(x)
t_{{{\text{riser}}}}=1.25t_{{{\text{casting}}}}
\left({\frac  {V}{A}}\right)_{{\text{riser}}}^{n}=1.25\left({\frac  {V}{A}}\right)_{{\text{casting}}}^{n}
{ k\neq K}
{ F:k\hookrightarrow K}
{ \int (x-EX)^{2}p(x)dx}
{ (x-EX)^{2}}
10^{{100000000}}
{ k_{A}=\{X|{\overline {AX}}:{\overline {XB}}=\lambda \}}
{ \Delta ^{(k)}\,w_{ij}=\Delta ^{(k-1)}\,w_{ij}\left({\frac {\nabla _{ij}\,E^{(k)}}{\nabla _{ij}\,E^{(k-1)}-\nabla _{ij}\,E^{(k)}}}\right)}
w_{{ij}}
{ V=\left|\det {\begin{bmatrix}a_{1}&b_{1}&1\a_{2}&b_{2}&1\a_{3}&b_{3}&1\end{bmatrix}}\right|.}
{ D={\sqrt {{(\mathbf {c} \cdot (\mathbf {a} \times \mathbf {b} ))^{2}} \over {(\mathbf {a} \times \mathbf {b} )^{2}}}}}
{ (v_{1}-v_{3})\wedge (v_{2}-v1)\wedge (v_{4}-v_{3})}
\phi,\lambda
\tan {\frac  E2}={\frac  {\sin {\frac  12}(\phi _{2}+\phi _{1})}{\cos {\frac  12}(\phi _{2}-\phi _{1})}}\tan {\frac  {\lambd