1 {\frac  {G\hbar }{c^{3}}}
2 https://en.wikipedia.org/wiki/Orders_of_magnitude_%28area%29
1 \nu =\omega /{2\pi }
2 https://en.wikipedia.org/wiki/Radian_per_second
1 F_{g}=mg\,
2 https://en.wikipedia.org/wiki/Weight
1 \alpha =\pi D_{{\text{p}}}/\lambda ,
2 https://en.wikipedia.org/wiki/Scattering
1 \{ 1, 2, 3 \}
2 https://en.wikipedia.org/wiki/Single-valued_function
1 { 1+2r(r+1)}
2 https://en.wikipedia.org/wiki/Von_Neumann_neighborhood
1 (p\rightarrow q)\rightarrow p\Rightarrow {\overline {p\rightarrow q}}\lor p\Rightarrow {\overline {{\overline {p}}\lor q}}\lor p\Rightarrow (p\land {\overline {q}})\lor p\Rightarrow (p\land {\overline {q}})\lor (p\land 1)\Rightarrow p\land ({\overline {q}}\lor 1)\Rightarrow p\land 1\Rightarrow p.
2 https://en.wikipedia.org/wiki/Peirce%27s_law
1 { {\hat {H}}|\psi (t)\rangle =i\hbar {\frac {\partial }{\partial t}}|\psi (t)\rangle }
2 https://en.wikipedia.org/wiki/Stochastic_interpretation
1 { {\hat {H}}|\psi (t)\rangle =i\hbar {\frac {\partial }{\partial t}}|\psi (t)\rangle }
2 https://en.wikipedia.org/wiki/Wheeler%27s_delayed_choice_experiment
1 { {\hat {H}}|\psi (t)\rangle =i\hbar {\frac {\partial }{\partial t}}|\psi (t)\rangle }
2 https://en.wikipedia.org/wiki/Objective_collapse_theory
1 \begin{array}{r}\zeta(s) = 0\ \Re(s) = \frac{1}{2}\end{array}
2 https://en.wikipedia.org/wiki/User:Doctormatt
1 \left|\begin{matrix}
A & B & C \
a & b & c \
X & Y & Z \end{matrix}
\right|
2 https://en.wikipedia.org/wiki/Pappian_plane
1 { det(I+e^{A})}
2 https://en.wikipedia.org/wiki/User_talk:Deeptrivia
1  {\frac {\partial ^{2}\Psi }{\partial t^{2}}}=\nabla ^{2}\Psi 
2 https://en.wikipedia.org/wiki/User:Dchmelik
1 \begin{array}{r}\zeta(s) = 0\ \Re(s) = \frac{1}{2}\end{array}
2 https://en.wikipedia.org/wiki/User:ArkianNWM
1 \mathbb {Q} 
2 https://en.wikipedia.org/wiki/Q_%28disambiguation%29
1 e^{i\pi \ }
2 https://en.wikipedia.org/wiki/User:GaborPete
1 e^{i\pi \ }
2 https://en.wikipedia.org/wiki/User:AnnekeBart
1 e^{i\pi \ }
2 https://en.wikipedia.org/wiki/User:Arthur_Rubin
1 \sum_{k=1}^{\infty}{x^k \over k!}
2 https://en.wikipedia.org/wiki/User:Bharath628
