1 { {\hat {H}}|\psi (t)\rangle =i\hbar {\frac {\partial }{\partial t}}|\psi (t)\rangle }
2 https://en.wikipedia.org/wiki/Transactional_interpretation
1 \Box 
2 https://en.wikipedia.org/wiki/Non-classical_logic
1 { {\hat {H}}|\psi (t)\rangle =i\hbar {\frac {\partial }{\partial t}}|\psi (t)\rangle }
2 https://en.wikipedia.org/wiki/Quantum_number
1 { {\hat {H}}|\psi (t)\rangle =i\hbar {\frac {\partial }{\partial t}}|\psi (t)\rangle }
2 https://en.wikipedia.org/wiki/Quantum_Bayesianism
1 { {\hat {H}}|\psi (t)\rangle =i\hbar {\frac {\partial }{\partial t}}|\psi (t)\rangle }
2 https://en.wikipedia.org/wiki/Scale_relativity
1 { {\hat {H}}|\psi (t)\rangle =i\hbar {\frac {\partial }{\partial t}}|\psi (t)\rangle }
2 https://en.wikipedia.org/wiki/Quantum_information_science
1 { {\hat {H}}|\psi (t)\rangle =i\hbar {\frac {\partial }{\partial t}}|\psi (t)\rangle }
2 https://en.wikipedia.org/wiki/Satyendra_Nath_Bose
1 { {\begin{array}{l}{\ce {^{235}_{92}U->[\alpha ][7.038\times 10^{8}\ {\ce {y}}]_{90}^{231}Th->[\beta ^{-}][25.52\ {\ce {h}}]_{91}^{231}Pa->[\alpha ][3.276\times 10^{4}\ {\ce {y}}]_{89}^{227}Ac}}{\begin{Bmatrix}{\ce {->[98.62\%\beta ^{-}][21.773\ {\ce {y}}]_{90}^{227}Th->[\alpha ][18.718\ {\ce {d}}]}}\{\ce {->[1.38\%\alpha ][21.773\ y]_{87}^{223}Fr->[\beta ^{-}][21.8\ {\ce {min}}]}}\end{Bmatrix}}{\ce {^{223}_{88}Ra->[\alpha ][11,434\ {\ce {d}}]_{86}^{219}Rn}}\{\ce {^{219}_{86}Rn->[\alpha ][3.96\ {\ce {s}}]_{84}^{215}Po->[\alpha ][1.778\ {\ce {ms}}]_{82}^{211}Pb->[\beta ^{-}][36.1\ {\ce {min}}]_{83}^{211}Bi}}{\begin{Bmatrix}{\ce {->[99.73\%\alpha ][2,13\ {\ce {min}}]_{81}^{207}Tl->[\beta ^{-}][4,77\ {\ce {min}}]}}\{\ce {->[0,27\%\beta ^{-}][2,13\ {\ce {min}}]_{84}^{211}Po->[\alpha ][0,516\ {\ce {s}}]}}\end{Bmatrix}}{\ce {^{207}_{82}Pb_{(stable)}}}\end{array}}}
2 https://en.wikipedia.org/wiki/Uranium-235
1 R^{N}
2 https://en.wikipedia.org/wiki/R._Tyrrell_Rockafellar
1 {\frac  {x}{(\log x)^{2}}}+O\left({\frac  {x\log \log x}{(\log x)^{3}}}\right)
2 https://en.wikipedia.org/wiki/Super-prime
1  \in x_2 \in x_1 \in x_0. 
2 https://en.wikipedia.org/wiki/Non-well-founded_set_theory
1 { {\mathfrak {sl}}_{2}~}
2 https://en.wikipedia.org/wiki/User:Harmonicmap
1 e^{i\pi \ }
2 https://en.wikipedia.org/wiki/User:Helohe
1 0.\bar{9}=1
2 https://en.wikipedia.org/wiki/User:Gantiganti
1 0.{\bar {9}}
2 https://en.wikipedia.org/wiki/User:Gilderien
1 x-x=0
2 https://en.wikipedia.org/wiki/Referential_transparency_%28computer_science%29
1 { \pi ={\frac {\ln(-1)}{i}}}
2 https://en.wikipedia.org/wiki/User_talk:Hypergeometric2F1%28a,b,c,x%29
1 { gcd(F_{m},F_{n})=F_{gcd(m,n)}}
2 https://en.wikipedia.org/wiki/User:Hv
1 { {\overset {\color {Red}\delta +}{\ce {H}}}-{\overset {\color {Red}\delta -}{\ce {Cl}}}\cdots {\overset {\color {Red}\delta +}{\ce {H}}}-{\overset {\color {Red}\delta -}{\ce {Cl}}}}
2 https://en.wikipedia.org/wiki/Non-covalent
1 { \varphi _{X+Y}(t)=\varphi _{X}(t)\cdot \varphi _{Y}(t).\,}
2 https://en.wikipedia.org/wiki/Subindependence
1 a^{2}=b^{3}=(ab)^{13}=[a,b]^{5}=[a,bab]^{4}=(ababababab^{-1})^{6}=1,\,
2 https://en.wikipedia.org/wiki/Tits_group
1 { {\begin{vmatrix}x_{1}&x_{1}^{q}&x_{1}^{q^{2}}\x_{2}&x_{2}^{q}&x_{2}^{q^{2}}\x_{3}&x_{3}^{q}&x_{3}^{q^{2}}\end{vmatrix}}}
2 https://en.wikipedia.org/wiki/Modular_invariant_of_a_group
1 T_{\rm c}
2 https://en.wikipedia.org/wiki/Philip_Warren_Anderson
1 \chi _{\rho }^{{\lambda }}=\sum _{T}(-1)^{{ht(T)}}
2 https://en.wikipedia.org/wiki/Murnaghan%E2%80%93Nakayama_rule
1 { {\begin{aligned}{\text{1.}}\quad &q(a,(-1)a)=1,\{\text{2.}}\quad &q(a,b)=q(a,c)\Leftrightarrow q(a,bc)=1,\{\text{3.}}\quad &q(a,b)=q(c,d)\Rightarrow \exists x\mid q(a,b)=q(a,x),q(c,d)=q(c,x)\end{aligned}}.}
2 https://en.wikipedia.org/wiki/Quaternionic_structure
1 e^{i\pi \ }
2 https://en.wikipedia.org/wiki/User:JackSchmidt
1 { {\mathcal {F}}\{w(t)\cdot \underbrace {\cos(2\pi 0t)} _{1}\}={\mathcal {F}}\{w(t)\}.}
2 https://en.wikipedia.org/wiki/Spectral_leakage
1 _{1}^{3}
2 https://en.wikipedia.org/wiki/Power_chord
1 \hat 1
2 https://en.wikipedia.org/wiki/Roman_numeral_analysis
1 (\sqrt [12]{2})^7
2 https://en.wikipedia.org/wiki/Perfect_fifth
