1 \partial _{t}g_{ij}=-2R_{ij}
2 https://en.wikipedia.org/wiki/Poincar%C3%A9_conjecture
1 \mathbb {R} 
2 https://en.wikipedia.org/wiki/Number_line
1  \left\{ \cdots,  \frac{1}{16},  \frac{1}{8},  \frac{1}{4},  \frac{1}{2},  1 \right\}
2 https://en.wikipedia.org/wiki/Zeno%27s_paradoxes
1  V^2 = \frac{1}{288} \det \begin{bmatrix} 
  0 & d_{12}^2 & d_{13}^2 & d_{14}^2 & 1 \
d_{21}^2 & 0   & d_{23}^2 & d_{24}^2 & 1 \
d_{31}^2 & d_{32}^2 & 0   & d_{34}^2 & 1 \
d_{41}^2 & d_{42}^2 & d_{43}^2 &   0 & 1 \
  1 &   1 &   1 &   1 & 0
\end{bmatrix} 
2 https://en.wikipedia.org/wiki/Niccol%C3%B2_Fontana_Tartaglia
1 Nx:Fx
2 https://en.wikipedia.org/wiki/The_Foundations_of_Arithmetic
1 { ={\frac {3709440}{8!}}}
2 https://en.wikipedia.org/wiki/Up_to
1 x={\frac {-b\pm {\sqrt {b^{2}-4ac}}}{2a}}
2 https://en.wikipedia.org/wiki/OpenMath
1 p=69+12\times \log _{2}{\left({\frac  {f}{440\;{\mbox{Hz}}}}\right)}
2 https://en.wikipedia.org/wiki/Pitch_%28music%29
1 P(p,s)=B-\lceil kpS\rceil 
2 https://en.wikipedia.org/wiki/Software_bug
1 {\vec {F}}=m{\vec {a}}
2 https://en.wikipedia.org/wiki/Non-inertial_reference_frame
1 U_A := \bigcap_{x \in A} G_x. 
2 https://en.wikipedia.org/wiki/T1_space
1 (2n-5)!!={\frac  {(2n-4)!}{(n-2)!2^{{n-2}}}}.
2 https://en.wikipedia.org/wiki/Unrooted_binary_tree
1 { A=12t^{2}\cot {\frac {\pi }{48}}.}
2 https://en.wikipedia.org/wiki/Tetracontaoctagon
1 { {\hat {H}}|\psi (t)\rangle =i\hbar {\frac {\partial }{\partial t}}|\psi (t)\rangle }
2 https://en.wikipedia.org/wiki/Quantum_topology
1 A=2500a^{2}\cot {\frac  {\pi }{10000}}
2 https://en.wikipedia.org/wiki/Myriagon
1  {\frac  {1}{2}}{\sqrt  {K^{2}-3R^{2}}}
2 https://en.wikipedia.org/wiki/Nine-point_circle
1 K_{2,3}
2 https://en.wikipedia.org/wiki/Talk:Complete_bipartite_graph
1 {\frac  {1-\rho }{\rho }}
2 https://en.wikipedia.org/wiki/Rule_184
1 \pi =3.14159265\ldots 
2 https://en.wikipedia.org/wiki/Talk:Ellipsis
1 G_{\mu \nu }+\Lambda g_{\mu \nu }={8\pi G \over c^{4}}T_{\mu \nu }
2 https://en.wikipedia.org/wiki/Template:General_relativity_sidebar
