ds^{2}=-c^{2}dt^{2}+R(t)^{2}\left({\frac {dr^{2}}{1-kr^{2}}}+r^{2}d\theta ^{2}+r^{2}\sin ^{2}\theta \,d\phi ^{2}\right)
{ c={\frac {1}{\sqrt {\varepsilon _{0}\mu _{0}}}}\ .}
x\!
x(t)=x_{0}\left({\frac  {t}{t_{0}}}\right)
{ \forall a\in X(aRa)}
{ \forall a,b\in X(aRb\Leftrightarrow bRa)}
A\cap B
\otimes 
U_A := \bigcap_{x \in A} G_x. 
(2n-5)!!={\frac  {(2n-4)!}{(n-2)!2^{{n-2}}}}.
{ A=12t^{2}\cot {\frac {\pi }{48}}.}
A=2500a^{2}\cot {\frac  {\pi }{10000}}
 {\frac  {1}{2}}{\sqrt  {K^{2}-3R^{2}}}
K_{2,3}
{\frac  {1-\rho }{\rho }}
\pi =3.14159265\ldots 
 H^r(k,M)\times H^{2-r}(k,M')\rightarrow H^2(k,G_m)=Q/Z
H^{q}(V,E)\cong H^{{n-q}}(V,K\otimes E^{{\ast }})^{{\ast }},
\deg C>{\frac  {1}{{\sqrt  {r}}}}\sum _{{i=1}}^{r}m_{i}.
\geq 2
1\,-\,{\frac {1}{3}}\,+\,{\frac {1}{5}}\,-\,{\frac {1}{7}}\,+\,{\frac {1}{9}}\,-\,\cdots \;=\;{\frac {\pi }{4}},\!
L
{\text{Simple price of floor area (currency/}}\mathrm {m} ^{2}{\text{)}}={\frac {\text{price of land area (currency)}}{{\text{total floor area (}}\mathrm {m} ^{2}{\text{)}}}}
K^{\flat }=\varprojlim _{{x\mapsto x^{p}}}K\ .
F(i) = F(i-2) + F(i-4)

E=mc^2

\ln {\frac  {p_{v}}{p_{{v,o}}}}={\frac  {v_{{liq}}}{RT}}(P-p_{{v,o}})\!
{ \ D\sim {\frac {1}{\eta }}}
{ pK_{w}=-\log([\mathrm {H} ^{+}][\mathrm {OH} ^{-}])}
{ X(k_{1},k_{2},\dots ,k_{m})=\sum _{n_{1}=-\infty }^{\infty }\sum _{n_{2}=-\infty }^{\infty }\cdots \sum _{n_{m}=-\infty }^{\infty }x(n_{1},n_{2},\dots ,n_{m})e^{-j2\pi k_{1}n_{1}}e^{-j2\pi k_{2}n_{2}}\cdots e^{-j2\pi k_{m}n_{m}}}
d_{i}(k)=[[g_{i}]^{T}x],\quad (i=1,\ldots ,N)
\{t\mapsto r_{{n}}(t)=\operatorname{sgn}(\sin 2^{{n+1}}\pi t);t\in [0,1],n\in \mathbb{N} \}.
{ {\frac {\sum |a_{nb}|}{|a'_{p}|}}{\begin{cases}\leq 1,&{\text{at all nodes}}\<1,&{\text{at one node at least}}\end{cases}}}
{ \mathrm {PM} =180^{\circ }-|\Delta \phi |}
{ \|T^{2}x\|\geq \|Tx\|^{2}\,}
{ (T^{*}T)^{*}=T^{*}T}
{ {\begin{Bmatrix}6\3\end{Bmatrix}}}
f(z)={\frac  {z}{1-|z|^{2}}}
{ V={\begin{matrix}{\frac {4}{3}}\end{matrix}}\pi r^{3}}
\ln(1 + x) = x - \frac{1}{2}x^2 + \frac{1}{3}x^3 - \frac{1}{4}x^4 + \cdots.
\mathbf {C} _{a}={\frac {\mathbf {C} _{t}\mathbf {V} _{t}\mathbf {M} }{\mathbf {V} _{a}}}
s=A\,T^{{1/2}}\,e^{{-b/T}}
 {{\frac  {\log {3}}{\log {2}}}=1.5849...}
{ \left|e-{\frac {p}{q}}\right|>{\frac {1}{(S(q)+1)!}}.}
d_{P}(w)=\left({\limsup _{k\rightarrow \infty }{\frac {n_{k+1}}{n_{k}}}}\right)^{-1}\ .
 \mathbb {Z} _{N}
{ x\mapsto x^{\alpha }}
4x
1+e(n-1)\ .
{ {\rm {O}}(q^{2g/(g+1)})}
f\left({\frac {x+y}{2}}\right)\leq {\frac {f(x)+f(y)}{2}}
h={a \over d}
{\mathfrak  {C}}{\mathfrak  {4}}{\mathfrak  {v}}{\mathfrak  {3}}{\mathfrak  {m}}{\mathfrak  {4}}{\mathfrak  {n}}
{ -40^{o}}
\nleftrightarrow
{ \neg A\to (\neg B\gets \neg C)}
L(P||Q)=\frac{(|P|+|Q|)!}{|P|!|Q|!} L(P)L(Q),
\hat{y} = \arg\max_{k \in 1 \ldots K} f_k(x)
t=0,1,2,...
y=x*e^{{rt}}
\mu 
{ \left({\frac {1}{z}}\right)\left(\ln {\frac {I_{0}}{I_{z}}}\right)=k_{w}+\alpha C}
{\frac  {mean\ distance}{{\frac  {1}{2}}{\sqrt  {{\text{density}}}}}}
\iiint 
{ {\ce {{Na2O(SiO2)}+CO2<=>{Na2CO3}+{2SiO2}+Heat}}}
Q=\left({\frac {V\times I\times 60}{S\times 1000}}\right)\times {\mathit {Efficiency}}
{ {\sqrt {-1}}=i}
\mathrm{^{238}_{\ 92}U + \,^{1}_{0}n \;\rightarrow\; ^{239}_{\ 92}U \;\rightarrow\; ^{239}_{\ 93}Np + \beta \;\rightarrow\; ^{239}_{\ 94}Pu + \beta}
{\sqrt[ {3}]{y}}
{ k~=~\left\lfloor {\frac {b}{2}}\right\rfloor }
p_{{\text{rep}}}=\left[1+\left({\frac  {p}{1-p}}\right)^{{{\frac  {2}{3}}}}\right]^{{-1}}.
\{\phi _{i}\}_{{i=1}}^{N}
\mathbf{x}\mapsto A\mathbf{x}+\mathbf{b}
{\mathfrak {g}}
{ A\otimes _{k}K}
m^{2}
 x \neq y 
{ \langle a\smile b,[M]\rangle }
k[{\mathfrak  {g}}^{*}]
H^{1}(X,I)=0
{\begin{bmatrix}1&2&3&4&5\2&4&1&5&3\3&5&4&2&1\4&1&5&3&2\5&3&2&1&4\end{bmatrix}}.
{ \sum _{j\in J}r_{ij}x_{j}=m_{i}}
\vee 
i\hbar {\frac {\partial }{\partial t}}\Psi ={\hat {H}}\Psi 
N=1
{ {\mathsf {EXPSPACE}}=\bigcup _{k\in \mathbb {N} }{\mathsf {DSPACE}}(2^{n^{k}})=\bigcup _{k\in \mathbb {N} }{\mathsf {NSPACE}}(2^{n^{k}})}
{{\mathrm  {Official\ UK\ Unemployment\ Rate={\frac  {All\ those\ aged\ 16\ and\ over\ classed\ as\ unemployed}{All\ those\ aged\ 16\ and\ over\ classed\ as\ employed\ or\ unemployed}}}}}
x^{n}+y^{n}=z^{n}
\kappa 
{ k={\frac {Cm}{\sqrt {C1C2}}}.}
{ \nabla ^{4}=0}
\Pi _{1}^{0}
A=\left(D_{1}-D_{2}\right){\frac  {1}{N}}\sum _{{n=1}}^{{N}}G_{n}^{2}
{ L[S,x]\models \phi (S,x)}
\aleph 
\Diamond x\!\!\rightarrow \!\!\Box x
\nabla 
{ \sum _{k=-\infty }^{\infty }(4k+1)^{-n}}
{\ell }k(\kappa _{1},\kappa _{2})={\frac {1}{4\pi }}\int _{\kappa _{1}}\int _{\kappa _{2}}{\frac {\langle dv_{1}\times dv_{2},v_{1}-v_{2}\rangle }{\left|v_{1}-v_{2}\right|^{3}}}
{ {\begin{aligned}\Pr({\text{outcome of 1st toss}}=1)&=\Pr(1\mid {\text{fair}})\Pr({\text{fair}})+\Pr(1\mid {\text{biased}})\Pr({\text{biased}})\&={\frac {1}{6}}\cdot {\frac {1}{2}}+{\frac {2}{7}}\cdot {\frac {1}{2}}={\frac {19}{84}}=0.22619\dots \,.\end{aligned}}}
\mathbb {B} 
{\frac {a}{0}}
{ T=2\pi {\sqrt {a^{3}/GM}}}
F^\omega_{<:}
\Delta _{0}
{ <\lambda }
{ c_{c}=2{\sqrt {k \over m}}.}
f:{\mathbb  {N}}\rightarrow \{n:{\mathbb  {N}}|n>5\}
{\mathrm  {NDVI}}={{\mathrm  {NIR}}-{\mathrm  {red}} \over {\mathrm  {NIR}}+{\mathrm  {red}}}
{ df=\left({\frac {\partial f}{\partial x}}\right)_{y}\,dx+\left({\frac {\partial f}{\partial y}}\right)_{x}\,dy}
{ RT=P(V_{m}-b)+{\frac {a}{V_{m}(V_{m}+b)T^{\frac {1}{2}}}}(V_{m}-b)}
{{\rm {d}}}S={\frac  {{{\rm {\delta }}}q}{T}}.
{ (\partial T)_{P}}
{ {\begin{bmatrix}Rot&Trans\0&1\end{bmatrix}}}
f={nv \over 2L}
T^{*}(M)=\coprod _{{x\in M}}T_{x}^{*}(M)=\left\{(v,x)\colon x\in M{\mbox{ and }}v\in T_{x}^{*}M\right\}
O(np)
(p,\, t) = (i,\, 2j+i)

\frac{\partial u}{\partial t} = r u - (1+\nabla^2)^2u + N(u)

I(X;Y|Z)=H(Z|X)+H(X)+H(Z|Y)+H(Y)-H(Z|X,Y)-H(X,Y)-H(Z)=I(X;Y)+H(Z|X)+H(Z|Y)-H(Z|X,Y)-H(Z)
{ \langle \phi |V|\phi \rangle }
\lambda =0
{ P=RA/l}
d\lambda
\binom {6+4-1}4=126 
\beta (\lambda )=d\lambda 
{ T_{zz}(z)\sim \sum _{a}j_{z}^{a}(z)j_{z}^{a}(z)}
(e+1)\,
{ \Vert A\Vert _{\mathrm {max} }}
{ {\frac {G}{F}}\neq 1}
{ \left\{{\begin{array}{l}X(u,v)=Au\sin(v)\Y(u,v)=\cos(v)\Z(u,v)=u\end{array}}\right.}
MV=PY
{ \mathbf {\delta _{5}^{1}} =\aleph _{\omega ^{\omega ^{\omega }}+1}}
e^{{i\pi }}
{ c\cdot f(n)}
{ (PositionOnTheContinuum)={\frac {(BiblicalLiteralism)}{100\%+(AcceptanceOfModernScience)}}}
{ {\mathfrak {R}}}
{ (x-5)(x-2)^{8}(x+1)(x+3)^{4}(x^{4}+2x^{3}-4x^{2}-5x+5)^{2}(x^{4}+2x^{3}-6x^{2}-7x+11)^{2}.}
{ (x-5)(x+1)^{2}(x^{2}-5)^{3}(x-1)^{5}(x^{2}+x-5)^{8}.}
{ [0,\omega _{1})}
{ x+y<sup>2</sup>+<math>}
n/2
{ \int _{-\infty }^{+\infty }{\frac {\sqrt {\alpha }}{\beta }}}
{ {203 \choose 2}={\frac {203!}{2!201!}}={\frac {203^{2}-203}{2}}=20503}
{ V(T_{1},\ldots ,T_{n})={\frac {1}{n!}}\left.{\frac {\partial ^{n}}{\partial \lambda _{1}\cdots \partial \lambda _{n}}}\right|_{\lambda _{1}=\cdots =\lambda _{n}=+0}\mathrm {Vol} _{n}(\lambda _{1}T_{1}+\cdots +\lambda _{n}T_{n}).}
{ x,y-}
{ {\begin{aligned}A\oplus (A\oplus B)=&(A\oplus A)\oplus B\=&0\oplus B\=&B\end{aligned}}}
{ q_{mm'}(m,u)}
h(n,\mu t\,[h(n,t)\in A])
a^2-b^2
{ e=\lim _{n\to \infty }\quad {\rm {}}{\frac {n^{n}}{(n-1)^{(n-1)}}}-{\frac {(n-1)^{(n-1)}}{(n-2)^{(n-2)}}}\quad {\rm {for}}\quad \left|n\right|>2.}
{ Na^{+}+Cl^{-}{\overrightarrow {\leftarrow }}NaCl}
k_{{cat}}/K_{{M}}
{ squarerootof3}
{ L'=L({\frac {L}{3H}}-H)}
10^{{12}}
{ \Delta G=\Delta H-T\Delta S}
I_{M}(\tau )=\int _{{-\infty }}^{{+\infty }}|(E(t)+E(t-\tau ))^{2}|^{2}dt
e=mc^{2}
{ e_{w}}
{ 1/3000*1/4=dt}
{ h(\mathbf {x} )=\mathbf {x} \cdot N(\mathbf {x} )\quad \forall \mathbf {x} }
{ {\text{Product cost}}={\frac {{\text{fab cost}}+{\text{design cost}}}{\mathrm {\#\ of\ products\ sold} }}}
\kappa ^{+}
{ {\mathcal {I}}_{m,n}={\frac {\partial \mu }{\partial \theta _{m}}}\Sigma ^{-1}{\frac {\partial \mu }{\partial \theta _{n}}}+{\frac {1}{2}}tr(\Sigma ^{-1}{\frac {\partial \Sigma }{\partial \theta _{m}}}\Sigma ^{-1}{\frac {\partial \Sigma }{\partial \theta _{n}}})}
{ (1/4)^{8}=1/65536}
{ e^{x}=\sum _{n=0}^{\infty }{x^{n} \over n!},}
{ f(x)={\frac {x}{15}}+100}
{ \;\sideset {}{_{0}^{e}}\prod _{x\in \Re }{x}={\sqrt {2}}}
{ {\frac {3^{361}}{10}}}
{ {\frac {\left(Antiparallel~Resistance-Parallel~Resistance\right)}{Parallel~Resistance}}\times 100\%}
{ {\frac {2\pi a}{T}}}
{ \bigwedge _{i=1}^{k}\phi _{i}}
{\frac  {1}{6}}(a^{2}+b^{2}+c^{2}-4{\sqrt  {3}}\,\Delta ),
{ \mathrm {{\frac {1\;psi}{ft}}\times {\frac {1\;ft}{12\;in}}\times {\frac {1\;lb/in^{2}}{1\;psi}}\times {\frac {231\;in^{3}}{1\;US\;Gal}}=19.25000000\;lb/gal} }
{ \gamma _{\mathrm {T} },\ }
{ (+\infty )\cdot (+\infty )=+\infty }
A=LU
{ \mathbb {R} \times \mathbb {R} \rightarrow \mathbb {R} }
{\mathbb  R}
2^{n}+1
{ (x-a_{1})^{b_{1}}...(x-a_{m})^{b_{m}}}
f(z)=(z-a)g(z)\,
f(z)=(z-a)^ng(z)\  \mbox{and}\ g(a)\neq 0.\,
\sin (2\pi(xy+\sigma))
fg(s)={\begin{cases}f(2s)&0\leq s\leq {\frac  {1}{2}}\g(2s-1)&{\frac  {1}{2}}\leq s\leq 1.\end{cases}}
fg(s)={\begin{cases}f(s)&0\leq s\leq |f|\g(s-|f|)&|f|\leq s\leq |f|+|g|\end{cases}}
\int \limits _{D}g\,dV=\iiint \limits _{D}g({\mathbf  {x}}(s,t,u))\,{\partial {\mathbf  {x}} \over \partial s}\cdot \left({\partial {\mathbf  {x}} \over \partial t}\times {\partial {\mathbf  {x}} \over \partial u}\right)\,ds\,dt\,du.
{\partial {\mathbf  {x}} \over \partial s}\cdot \left({\partial {\mathbf  {x}} \over \partial t}\times {\partial {\mathbf  {x}} \over \partial u}\right)={\partial (x,y,z) \over \partial (s,t,u)}.
 1/{\sqrt {N}}
T\to \langle Tx,O^{*}y\rangle -\langle TOx,y\rangle =\langle OTx,y\rangle -\langle TOx,y\rangle .
\langle x,TPy\rangle =\langle x,PTPy\rangle =\langle Px,TPy\rangle =\langle T^{*}Px,Py\rangle =\langle PT^{*}Px,y\rangle =\langle T^{*}Px,y\rangle =\langle Px,Ty\rangle =\langle x,PTy\rangle 
(M\otimes N)^{\prime }=M^{\prime }\otimes N^{\prime },
x\mapsto {\rm {Tr}}{\begin{pmatrix}{1 \over \lambda +1}&0\0&{\lambda  \over \lambda +1}\\end{pmatrix}}x.
F_{\infty }
\vdash 
|\psi \rangle ={\frac {1}{\sqrt {2}}}{\bigg (}|00\ldots 0\rangle +|11\ldots 1\rangle {\bigg )}.
nT-W=0.
MA={\frac  {W}{T}}=n.
E={\frac  {1}{2}}LI^{2}
E={\frac  {1}{2}}RN^{2}I^{2}f\left(\xi ,\delta \right)
\rho =\sum _{i}\rho _{i}{\frac  {V_{i}}{V}}.\,
V=\sum _{i}V_{i}+\sum _{i}V_{i}^{{E}}
-\sigma
{ e^{i\theta }=\cos \theta +i\sin \theta }
{ \omega ={\frac {v}{r}}}
{ MR={\frac {SpringDisplacement}{WheelDisplacement}}.}
{ WheelRate={\frac {SpringRate}{MR^{2}}}.}
e^{{\pi {\sqrt  {3}}}}
e^{{\pi {\sqrt  {n}}}}
{\mathrm  {Oh}}={\frac  {\mu }{{\sqrt  {\rho \sigma L}}}}={\frac  {{\sqrt  {{\mathrm  {We}}}}}{{\mathrm  {Re}}}}\sim {\frac  {{\mbox{viscous forces}}}{{\sqrt  {{{\mbox{inertia}}}\cdot {{\mbox{surface tension}}}}}}}
{\mathrm  {Oh}}=1/{\sqrt  {{\mathrm  {La}}}}
\Lambda 
 {\frac {4,195,835}{3,145,727}}=1.333820449136241002
 {\frac {4,195,835}{3,145,727}}=1.333{\color {Red}{739068902037589}}
{ totalcost={\frac {filesize}{customers}}\times {\frac {cost}{byte}}}
{ totalcost=filesize\times customers\times {\frac {cost}{byte}}}
\Theta _{\Lambda }(\tau )=\sum _{x\in \Lambda }e^{i\pi \tau \|x\|^{2}}\qquad \mathrm {Im} \,\tau >0.
q=e^{2i\pi \tau }
\lambda \to 0
\Gamma [\phi ]=S[\phi ]+{\frac  {1}{2}}{\mathop  {{\mathrm  {Tr}}}}{\left[\ln {S^{{(2)}}[\phi ]}\right]+\dots }
f'(x),f''(x),f'''(x)
\psi (x)=\psi (x+l)\,
{\begin{aligned}\psi _{0}&=\left({\frac  {1}{l}}\right)^{{{\frac  {1}{2}}}}\\psi _{{q1}}&=\left({\frac  {2}{l}}\right)^{{{\frac  {1}{2}}}}\cos {\left({\frac  {2\pi \ qx}{l}}\right)}\\psi _{{q2}}&=\left({\frac  {2}{l}}\right)^{{{\frac  {1}{2}}}}\sin {\left({\frac  {2\pi \ qx}{l}}\right)}\E_{q}&={\frac  {q^{2}\hbar ^{2}}{2m_{0}l^{2}}}\end{aligned}}
{ \sin ^{2}2\theta _{13}=0.113\pm 0.013({\rm {stat.}})\pm 0.019({\rm {syst.}})}
{ \sin ^{2}2\theta _{13}=0.100\pm 0.010({\rm {stat.}})\pm 0.015({\rm {syst.}})}
\pi = \frac{NS - NF}{S} = N\left(1-\frac{F}{S}\right)
{ {\begin{aligned}&{}\quad F_{X_{n},X_{n+1},\dots ,X_{n+N-1}}(x_{n},x_{n+1},\dots ,x_{n+N-1})\&=F_{X_{n+k},X_{n+k+1},\dots ,X_{n+k+N-1}}(x_{n},x_{n+1},\dots ,x_{n+N-1}),\end{aligned}}}
{ E(X[n])=\mu \quad {\text{for all }}n.}
|{\overline {X}}_{n}-\mu |<\varepsilon 
|\overline{X}_n -\mu| >= \varepsilon
{ \int _{b-k}^{b}f(x)\,dx\leq \int _{a}^{b}f(x)g(x)\,dx\leq \int _{a}^{a+k}f(x)\,dx,}
{ k=\int _{a}^{b}g(x)\,dx.}
n\geq 2
V\times V\rightarrow R
R\times V\rightarrow V
{ s_{1}\approx t_{1}\land \ldots \land s_{n}\approx t_{n}\rightarrow s\approx t}
{ s,s_{1},\ldots ,s_{n},t,t_{1},\ldots ,t_{n}}
S_{BH}={\frac {c^{3}A}{4\hbar G}}
S={\frac {\pi Akc^{3}}{4hG}}
{ i={\sqrt {(}}-1)}
{ g_{ab}=N(t)dt^{2}+g_{ij}dx^{i}dx^{j}}
{ x-{\frac {1}{x}}=n,}
{ x={\frac {n}{2}}\pm {\sqrt {\left({\frac {n}{2}}\right)^{2}+1}}.}
{ 1/{\sqrt {\lambda }}}

\left| \frac{\partial Y}{\partial X_i} \right |_{\textbf {x}^0 }


\operatorname{Var}_{X_i} \left( E_{\textbf{X}_{\sim i}} \left( Y \mid X_i \right)
\right)

{ \Pr(X=x)={\frac {\binom {3}{x}}{8}}{\mbox{ for }}x\in \{\,0,1,2,3\,\}.}
{ X\sim {\mbox{Mn}}({\boldsymbol {p}})}
\sum _{i}\operatorname {index} _{x_{i}}(v)=\chi (M)\,
\chi (M)
Y^{2}
(u_{1},u_{2},\ldots ,u_{n})
(\lambda u_{1},\lambda u_{2},\ldots ,\lambda u_{n})
B\subseteq A
D\not \subseteq A
{ 1+z+z^{2}+...}
z=-1
f(x, y) = (x^2+y-11)^2 + (x+y^2-7)^2
y'' = f(t,y)
{ |X_{i}-{\overline {X}}|}
{ X_{i}={\overline {X}}}
{ \left\{{\begin{array}{l}3,3,3,3\3\end{array}}\right\}}
{ \left\{{\begin{array}{l}3,3,3\3,3\end{array}}\right\}}
{\begin{Bmatrix}3\3\end{Bmatrix}}
{ e_{v}-f_{u}=e\Gamma _{12}^{1}+f(\Gamma _{12}^{2}-\Gamma _{11}^{1})-g\Gamma _{11}^{2}}
{ f_{v}-g_{u}=e\Gamma _{22}^{1}+f(\Gamma _{22}^{2}-\Gamma _{12}^{1})-g\Gamma _{12}^{2}}
{ {\begin{aligned}h_{-2}&=0&k_{-2}&=1\h_{-1}&=1&k_{-1}&=0\h_{0}&=b_{0}&k_{0}&=1\h_{1}&=b_{1}b_{0}+a_{1}&k_{1}&=b_{1}\h_{n+1}&=b_{n+1}h_{n}+a_{n+1}h_{n-1}&k_{n+1}&=b_{n+1}k_{n}+a_{n+1}k_{n-1}\,\end{aligned}}}
{ B_{n}B_{n-1}}
f(x \circ y) = f(x) \circ f(y)
f(1) = 1
\exists X(\exists x,y(Xx\land Xy\land Axy)\land \exists x\neg Xx\land \forall x\,\forall y(Xx\land Axy\rightarrow Xy))
\exists X(\exists x,y(Xx\land Xy\land (y=x+1\lor x=y+1))\land \exists x\neg Xx\land \forall x\,\forall y(Xx\land (y=x+1\lor x=y+1)\rightarrow Xy))
{ {\ce {H-{\overset { H \atop |}{\underset {| \atop  H}{C}}}-{\overset { H \atop |}{\underset {| \atop  H}{C}}}-{\overset { H \atop |}{\underset {| \atop  H}{C}}}-{\overset { H \atop |}{\underset {| \atop  H}{C}}}-H}}}
\Sigma _{n}^{0}
\Sigma _{k}^{0}
{ n^{\operatorname {polylog} (n)}}
\epsilon >0
\forall x,y,z,\dots I(x,y,z,\dots )\implies f(x,y,z,\dots )\,
V(F)=W(T_{1})\cup \cdots \cup W(T_{e}),\,
p_{{\min }}
h_{{\max }}
 \frac{1}{2} t^2 + \frac{1}{2} t=\frac{1}{2}(t)(t+1)
\binom{t+k}{k}
|\psi \rangle 
M=M\#S^{n}.
\Phi =-{\frac  {1}{{\sqrt  {r^{2}+\epsilon ^{2}}}}},
h(g)\neq 1.\,
\Pi _{C}\,
\sum _{j=1}^{n}x_{j}
\sum _{{j=1}}^{n}w_{j}x_{j}=W.
{ f(x;\mu ,\sigma )={\frac {1}{\sigma {\sqrt {2\pi }}}}\,\exp \left(-{\frac {(x-\mu )^{2}}{2\sigma ^{2}}}\right)={1 \over \sigma }\varphi \left({\frac {x-\mu }{\sigma }}\right),}
{ \varphi (x)={\frac {1}{\sqrt {2\pi \,}}}e^{-x^{2}/2}}
H_{n}(M,\partial M;\mathbb {Z} )
 C_a \gg C_0 \gg C_v, 
 C_g \gg C_v  
P\left(X >  \frac{\omega }{a}\right) = 1-a^n = \alpha.
{ P\left(X>\omega {a}\right)=1-a^{n}=\alpha .}
dx
{ \mathbf {U} =(U(z),0,0)}
{ \mathbf {u} '=(u'(x,z,t),0,w'(x,z,t))}
{ ACE={10^{-\!4}}\sum _{}^{}{({v_{\mathrm {max} }}^{\!2})}}
{ {\text{ACE}}=10^{-4}=\sum v_{\max }^{2}}
{ {\begin{smallmatrix}\left[{\ce {M}}/{\ce {H}}\right]\end{smallmatrix}}}
{ {\frac {L}{L_{sun}}}=\left({\frac {R}{R_{sun}}}\right)^{2}\left({\frac {T_{eff}}{T_{sun}}}\right)^{4}}
{ {\begin{aligned}{\frac {L}{L_{sun}}}&=\left({\frac {R}{R_{sun}}}\right)^{2}\left({\frac {T_{eff}}{T_{sun}}}\right)^{4}\&=0.92^{2}\left({\frac {5,401}{5,778}}\right)^{4}=0.65\end{aligned}}}
{ {\begin{matrix}{}\{\xrightarrow {\mathrm {C4H} }}\{}\end{matrix}}}
{ {\xrightarrow {\mathrm {TAL} }}}
{ y(k)=...}
{ C_{M,N}=...}
{ PRI={\frac {(\rho 531-\rho 570)}{(\rho 531+\rho 570)}}}
{ PRI={\frac {(\rho 570-\rho 531)}{(\rho 570+\rho 531)}}}
{  a_{i}=\sum _{j=1}^{i}i={\frac {i(i+1)}{2}}}
{ {\begin{aligned}\int _{-\infty }^{\infty }f(x)dx&=\sum _{i=-\infty }^{\infty }\int _{i}^{i}f(x)dx\&=\lim _{\begin{smallmatrix}m\to -\infty \n\to \infty \end{smallmatrix}}\sum _{i=m}^{n}\left(\lim _{\begin{smallmatrix}a\to i^{+}\b\to (i+1)^{-}\end{smallmatrix}}\int _{a}^{b}f(x)dx\right)\&=\lim _{\begin{smallmatrix}m\to -\infty \n\to \infty \end{smallmatrix}}\sum _{i=m}^{n}\left(\lim _{\begin{smallmatrix}a\to i^{+}\b\to (i+1)^{-}\end{smallmatrix}}F(b)-F(a)\right)\end{aligned}}}
{ 4^{a}(8b+7)}
{ |T_{\epsilon }(x)-T(x)|<\epsilon }
{ {1 \over 24}\left(2\pi +3{\sqrt {3}}\right)=\left({1 \over 24}\cdot 2\pi \right)+\left({1 \over 24}\cdot 3{\sqrt {3}}\right)={2\pi  \over 2\cdot 12}+{3{\sqrt {3}} \over 3\cdot 8}}
{ {\pi  \over 12}+{{\sqrt {3}} \over 8},}
\langle \rangle 
\langle 0,1,2\rangle 
\flat 
\sharp 
{ V(x^{3}-x^{2}+y^{2})}
{ {n-2 \choose d_{1}-1,d_{2}-1,\ldots ,d_{n}-1}.}
{ t(n)\sim C\alpha ^{n}n^{-5/2}\quad {\text{as }}n\to \infty ,}
r(n) \sim D\alpha^n n^{-3/2} \quad\text{as } n\to\infty,
a \equiv b \pmod N
f \equiv g
f(x) = g(x)
{\sqrt[{5}]{100}}\approx 2.512
(10\uparrow )^{1}10^{1453}
(10\uparrow )^{2}10^{1453}
A = R \oplus V,
v \mapsto  -v
{\frac {\partial z}{\partial x}}
{\frac {\partial (x,y,z)}{\partial (u,v,w)}}
f'\,\!
\prime 
f_{\prime }^{\prime }
{\mathbb  {THE}}
{\mathbb  {ARCTIC}}
{\mathbb  {PORTAL}}
f(x)=2x^{2}-3x+1
f(3)=10.
{\frac {a}{b}}
{\sqrt {x}}
{ 10^{10000000000000}}
10^{-6}
{ s^{-1}arcmin^{-2}}
{ \lambda =v/f}
{ \lambda =c/f}
S^{*}
S_{0}
{\text{Throughput accounting Ratio}}={\text{Return per factory hour}}/{\text{Cost per factory hour}}
X=\prod _{i\in I}X_{i}
\prod _{i\in I}A_{i}=\bigcap _{i\in I}\pi _{i}^{-1}(A_{i})
\bigcap _{k=1}^{N}\pi _{i_{k}}^{-1}(A_{i_{k}})\neq \varnothing .
v\mapsto f(-,v)
f(-,v)
g,h\in G
{ \sum _{\chi _{i}}\chi _{i}(g){\overline {\chi _{i}(h)}}={\begin{cases}\left|C_{G}(g)\right|,&{\mbox{ if }}g,h{\mbox{ are conjugate }}\0&{\mbox{ otherwise.}}\end{cases}}}
\chi _{i}
{\frac  {1}{{\sqrt  {2\pi }}}}
{ \Omega }
{ {\frac {\partial F}{\partial s}}\,{\rm {d}}\Sigma }
{\mathbf  {{\hat  k}}}_{\pm }{\mathbf  {\nabla }}I_{\pm }=\mu I_{\mp }-(\mu +\sigma )I_{\pm },
{\mathbf  {{\hat  k}}}
I_{\pm }
{ \rho (x,y,z)={\frac {1}{V}}\sum _{h}\sum _{k}\sum _{l}|F_{hkl}|\exp(2\pi i(hx+ky+lz)+i\Phi (hkl)).}
{ I=F\cdot F^{*}}
{ dst=dst+src}
{ dst=dst*src}
{ dst=dst*(1-alpha)+src}
x+y\prime =0,
x+y\,\,=0.
(a\pm b)(c\pm d)
 c\,
 T\;=\;D/c
 D\,
\operatorname {Bun} _{G}(X)
d\times (2-2^{{-n}})
{\text{Name}}=2^{{n+2}}{\text{th}}
\mathbb{Q}(\sqrt{-5})
{ \varphi (t)={\begin{cases}e^{-1/(1-t^{2})},&-1<t<1,\0,&{\text{otherwise}}.\end{cases}}}
M=2^{N}
f_{S}
Nf_{S}
\{Q_{\alpha },{\bar {Q_{\dot {\beta }}}}\}=2(\sigma {}^{\mu })_{\alpha {\dot {\beta }}}P_{\mu }
P_{\mu }=-i\partial {}_{\mu }
\sigma {}^{\mu }
{\mathrm  {RH}}_{{\mathrm  {2}}}+{\mathrm  {O}}_{{\mathrm  {2}}}\rightarrow {\mathrm  {R}}+{\mathrm  {H}}_{2}{\mathrm  {O}}_{2}
{\mathrm  {H}}_{2}{\mathrm  {O}}_{2}+{\mathrm  {R'H}}_{2}\rightarrow {\mathrm  {R'}}+2{\mathrm  {H}}_{2}{\mathrm  {O}}
2{\mathrm  {H}}_{2}{\mathrm  {O}}_{2}\rightarrow 2{\mathrm  {H}}_{2}{\mathrm  {O}}+{\mathrm  {O}}_{2}
N=\left\lfloor 0.5-\log _{2}\left({\frac  {{\text{Frequency of this item}}}{{\text{Frequency of most common item}}}}\right)\right\rfloor 
\lfloor \ldots \rfloor 
A\div B
m \over n
{u \over v}
{ \{1,2,3,}
\}
{ \{1,2,3,\dots \}}
\rho _{1}\ :\ f(g(x),y)\rightarrow y
\rho _{2}\ :\ g(x)\rightarrow f(x,x)
\rho _{1}\ :\ g(g(x))\rightarrow x
L(A)\cap L(B)=\emptyset 
L(A)\subseteq L(B)
L(G)=\{ww^{R}:w\in \{a,b\}^{*}\}
{ 0=-{\frac {d}{dt}}\left({\frac {m{\dot {\vec {x}}}[t]}{\sqrt {1-{\frac {v^{2}[t]}{c^{2}}}}}}\right)-q\nabla \phi [{\vec {x}}[t],t]-q\partial _{t}{\vec {A}}[{\vec {x}}[t],t]-q{\dot {\vec {x}}}[t]\cdot \nabla {\vec {A}}[{\vec {x}}[t],t]+q\nabla {\vec {A}}[{\vec {x}}[t],t]\cdot {\dot {\vec {x}}}[t]}
{ 0=-{\frac {d}{dt}}\left({\frac {m{\dot {\vec {x}}}(t)}{\sqrt {1-{\frac {v^{2}(t)}{c^{2}}}}}}\right)-q\nabla \phi [{\vec {x}}(t),t]-q\partial _{t}{\vec {A}}[{\vec {x}}(t),t]-q{\dot {\vec {x}}}(t)\cdot \nabla {\vec {A}}[{\vec {x}}(t),t]+q\nabla {\vec {A}}[{\vec {x}}(t),t]\cdot {\dot {\vec {x}}}(t)}
{ {\mathcal {S}}[\varphi _{i}]=\int {{\mathcal {L}}[\varphi _{i}(x)]\,\mathrm {d} ^{4}x}}
{ \langle {\hat {a}}\rangle }
{ {\hat {a}}{\hat {a}}^{\dagger }-{\hat {a}}^{\dagger }{\hat {a}}=1}
{ {\hat {a}}}
