1 gm={\mu  \over R_{p}}
2 https://en.wikipedia.org/wiki/Vacuum_tube
1 \underbrace {\underbrace {\mathrm {root+suffix} } _{\mathrm {stem} }+\mathrm {ending} } _{\mathrm {word} }
2 https://en.wikipedia.org/wiki/Proto-Indo-European_root
1 \qquad\qquad R = a + bv + cv^2 
2 https://en.wikipedia.org/wiki/Railways
1 {\frac {1}{12}}
2 https://en.wikipedia.org/wiki/Optical_fiber
1 T=k*(SLOC)^{(1+x)}
2 https://en.wikipedia.org/wiki/Software_engineering
1 L=k\;S\;V^{2}\;C_{L}
2 https://en.wikipedia.org/wiki/Wright_brothers
1 t={\frac {cPd^{2}s}{D}}
2 https://en.wikipedia.org/wiki/Steam_locomotive
1 {\mathit  {Re}}={\rho u_{{s}}^{2}/L \over \mu u_{{s}}/L^{2}}={\rho u_{{s}}L \over \mu }={u_{{s}}L \over \nu }
2 https://en.wikipedia.org/wiki/Rheology
1 Y
2 https://en.wikipedia.org/wiki/Palynology
1 \omega _{0}
2 https://en.wikipedia.org/wiki/Omega
1  \langle u,v \rangle = \langle Tu,Tv \rangle \, .
2 https://en.wikipedia.org/wiki/Orthogonal_transformation
1 X^{2}-D
2 https://en.wikipedia.org/wiki/Separable_polynomial
1 O(m\sqrt n\log n)
2 https://en.wikipedia.org/wiki/Vizing%27s_theorem
1 { [a,b,c]=abc-acb-bac+bca+cab-cba.\,}
2 https://en.wikipedia.org/wiki/Ternary_commutator
1 \left\{\left.{\begin{bmatrix}0&\alpha \0&0\\end{bmatrix}}\,\right|\,\alpha \in {\mathbb  {C}}\right\}
2 https://en.wikipedia.org/wiki/Simple_algebra
1 \lfloor {\frac  {k}{2}}\rfloor 
2 https://en.wikipedia.org/wiki/Strong_orientation
1 n
2 https://en.wikipedia.org/wiki/Path_decomposition
1 { \prod _{i=0}^{k-1}(x-i)^{n}.}
2 https://en.wikipedia.org/wiki/Windmill_graph
1 (x-3)(x-1)^2(x+1)(x^2+2x-1)^2
2 https://en.wikipedia.org/wiki/Wagner_graph
1 {\textrm {cr}}(K_{m,n})\leq \left\lfloor {\frac {n}{2}}\right\rfloor \left\lfloor {\frac {n-1}{2}}\right\rfloor \left\lfloor {\frac {m}{2}}\right\rfloor \left\lfloor {\frac {m-1}{2}}\right\rfloor 
2 https://en.wikipedia.org/wiki/Tur%C3%A1n%27s_brick_factory_problem
1 {\text{new width}}=\left\lfloor {\sqrt {\frac {{\text{target pixel count}}\times {\text{original width}}}{\text{original height}}}}\right\rfloor 
2 https://en.wikipedia.org/wiki/Wikipedia:Non-free_content
1 y(t)=ae^{be^{ct}}
2 https://en.wikipedia.org/wiki/Wikipedia:Size_of_Wikipedia
1 \omega (x)=\lim _{{n\rightarrow \infty }}x^{{p^{n}}}
2 https://en.wikipedia.org/wiki/Teichm%C3%BCller_character
1   wxw^{-1} = ||w||x
2 https://en.wikipedia.org/wiki/Weil_group
1 { \xi _{\lambda ,\mu ,\nu }\xi _{\lambda ,\mu \nu ,\pi }\xi _{\mu ,\nu ,\pi }^{\lambda }=\xi _{\lambda ,\mu ,\nu \pi }\xi _{\lambda \mu ,\nu ,\pi }}
2 https://en.wikipedia.org/wiki/Teichm%C3%BCller_cocycle
1 { <x,y>'=\sum _{g\in G}<g[x],g[y]>}
2 https://en.wikipedia.org/wiki/Talk:Representation_theory_of_finite_groups
1 x^{2}+1=0
2 https://en.wikipedia.org/wiki/Talk:Algebraically_closed_field
1 \forall x,y\in A\qquad \|xy\|\le\|x\|\|y\|
2 https://en.wikipedia.org/wiki/Normed_algebra
1 {\mbox{ROT}}_{13}({\mbox{ROT}}_{13}(x))=x
2 https://en.wikipedia.org/wiki/ROT13
1 T\times T\leq G\leq T_{0}\operatorname {wr}Z/2Z
2 https://en.wikipedia.org/wiki/Rank_3_permutation_group
