1 \nu 
2 https://en.wikipedia.org/wiki/Nu_%28letter%29
1 Q=KV
2 https://en.wikipedia.org/wiki/Traffic_engineering_%28transportation%29
1 \forall x\,Fx\rightarrow \exists x\,Fx
2 https://en.wikipedia.org/wiki/Willard_Van_Orman_Quine
1 \log N = \log A + m \log x
2 https://en.wikipedia.org/wiki/Vilfredo_Pareto
1 {\sqrt {3}}
2 https://en.wikipedia.org/wiki/Talk:Arithmetic
1 {\frac {1}{1/A+1/B}}
2 https://en.wikipedia.org/wiki/Nomogram
1 1;24,51,10=1+{\frac {24}{60}}+{\frac {51}{60^{2}}}+{\frac {10}{60^{3}}}={\frac {30547}{21600}}\approx 1.41421296\ldots 
2 https://en.wikipedia.org/wiki/Sexagesimal
1 {\begin{aligned}1101.101_{2}&=1\times 2^{3}+1\times 2^{2}+0\times 2^{1}+1\times 2^{0}+1\times 2^{{-1}}+0\times 2^{{-2}}+1\times 2^{{-3}}\&=1\times 8+1\times 4+0\times 2+1\times 1+1\times 0.5+0\times 0.25+1\times 0.125\&=8+4+0+1+0.5+0+0.125\&=13.625_{{10}}\end{aligned}}
2 https://en.wikipedia.org/wiki/Radix_point
1 \aleph _{1}.
2 https://en.wikipedia.org/wiki/Suslin%27s_problem
1 z=\frac{t}{\sqrt{n-1}}
2 https://en.wikipedia.org/wiki/William_Gosset
1 \max _{{\nu =m+1,\dots ,m+n}}\left|\sum _{{j=1}}^{n}b_{j}z_{j}^{\nu }\right|,
2 https://en.wikipedia.org/wiki/P%C3%A1l_Tur%C3%A1n
1 r = \Sigma_i r_i s_i
2 https://en.wikipedia.org/wiki/Rng_%28algebra%29
1 \infty 
2 https://en.wikipedia.org/wiki/Quasi-algebraically_closed_field
1 S_{{(p)}}
2 https://en.wikipedia.org/wiki/Sphere_spectrum
1 f:(X,\tau)\to Y
2 https://en.wikipedia.org/wiki/Tychonoff_space
1 { T = 50 + 10 {x- \mu \over \sigma}}
2 https://en.wikipedia.org/wiki/Primary_School_Leaving_Examination
1 \mathbb {N} ^{\mathbb {N} }
2 https://en.wikipedia.org/wiki/Non-standard_model_of_arithmetic
1 \pi 
2 https://en.wikipedia.org/wiki/Pietro_Mengoli
1 { \gamma =0.6745\times \sigma }
2 https://en.wikipedia.org/wiki/Probable_error
1 {\frac {1}{2}}
2 https://en.wikipedia.org/wiki/Route_inspection_problem
1 \operatorname{mtanh}x = \frac {e^{ax} - e^{-bx}} {e^{cx} + e^{-dx}}
2 https://en.wikipedia.org/wiki/Modified_hyperbolic_tangent
1 {\frac {\pi }{3{\sqrt {2}}}}\simeq 0.74048.
2 https://en.wikipedia.org/wiki/Sphere_packing
1 e^{j\omega C}\,\!
2 https://en.wikipedia.org/wiki/User:Daniele.tampieri
1 e^{i\pi \ }
2 https://en.wikipedia.org/wiki/User:Tdvance
1 { t_{\mathrm {P} }\equiv {\sqrt {\frac {\hbar G}{c^{5}}}}\approx 5.391\,16(13)\times 10^{-44}\ \mathrm {s} }
2 https://en.wikipedia.org/wiki/Planck_time
1 { b){\overline {~a~}}}
2 https://en.wikipedia.org/wiki/Talk:Table_of_mathematical_symbols_by_introduction_date
1 e^{i\pi \ }
2 https://en.wikipedia.org/wiki/User:Pokipsy76
