1 {\mathit  {AIC}}=2k-2\ln(L)\,
2 https://en.wikipedia.org/wiki/Structural_equation_modelling
1 {\vec {A}}
2 https://en.wikipedia.org/wiki/Template:Vec
1 \operatorname {score} (\mathbf {X} _{i},k)={\boldsymbol {\beta }}_{k}\cdot \mathbf {X} _{i},
2 https://en.wikipedia.org/wiki/Statistical_classification
1 Q=f\left({\mathit {l,m,t,I,T,n,I}}\mathrm {_{v}} \right)
2 https://en.wikipedia.org/wiki/SI_base_units
1 Q=f\left({\mathit {l,m,t,I,T,n,I}}\mathrm {_{v}} \right)
2 https://en.wikipedia.org/wiki/Outline_of_the_metric_system
1 e_{i}=y_{i}-f(x_{i};{\hat  {\beta }}),
2 https://en.wikipedia.org/wiki/Regression_model_validation
1 \ a\leftarrow a+(b\times c)
2 https://en.wikipedia.org/wiki/Multiply%E2%80%93accumulate
1 485{\frac  {16364}{96431}}
2 https://en.wikipedia.org/wiki/Napier%27s_bones
1 {\frac {|\Delta x|}{|x|}}
2 https://en.wikipedia.org/wiki/Numerical_stability
1  0.5 \frac{\mbox{dB}}{\mbox{cm depth}\cdot\mbox{MHz}}
2 https://en.wikipedia.org/wiki/Ultrasonography
1 e^{i\pi \ }
2 https://en.wikipedia.org/wiki/User:Hirak_99
1 \bigcap_{x \in \varnothing} x = ?\,
2 https://en.wikipedia.org/wiki/Talk:Union_%28set_theory%29
1 2^{4}=16
2 https://en.wikipedia.org/wiki/Tagged_pointer
1 \land 
2 https://en.wikipedia.org/wiki/Talk:Logical_conjunction
1 e^{i\pi \ }
2 https://en.wikipedia.org/wiki/User:Lesnail
1  {\frac {\partial ^{2}\Psi }{\partial t^{2}}}=\nabla ^{2}\Psi 
2 https://en.wikipedia.org/wiki/User:Lantonov
1 e^{i\pi \ }
2 https://en.wikipedia.org/wiki/User:Chenxlee
1 \begin{align}x &{}= \cos t\ &{}= \sqrt{1-\sin^2 t}\end{align} 
2 https://en.wikipedia.org/wiki/User_talk:Lethe
1 10^{600}
2 https://en.wikipedia.org/wiki/TI-Basic
1 e^{i\pi \ }
2 https://en.wikipedia.org/wiki/User:Mathmo
1 {\mathrm  {Flatness}}={\frac  {{\sqrt[ {N}]{\prod _{{n=0}}^{{N-1}}x(n)}}}{{\frac  {\sum _{{n=0}}^{{N-1}}x(n)}{N}}}}={\frac  {\exp \left({\frac  {1}{N}}\sum _{{n=0}}^{{N-1}}\ln x(n)\right)}{{\frac  {1}{N}}\sum _{{n=0}}^{{N-1}}x(n)}}
2 https://en.wikipedia.org/wiki/Wiener_entropy
1 \|f\|_{{L^{{2}}(E,\gamma ;{\mathbb  {R}})}}=\|j(f)\|_{{H}}
2 https://en.wikipedia.org/wiki/Paley%E2%80%93Wiener_integral
1 \lim _{{\ell \rightarrow \infty }}{\frac  {1}{2\ell +1}}\sum _{{j=-\ell }}^{\ell }e^{{ij\lambda }}f(\tau ^{j}P)
2 https://en.wikipedia.org/wiki/Wiener%E2%80%93Wintner_theorem
1 { thepronoucationofhisnameis(Wi-ner)}
2 https://en.wikipedia.org/wiki/Talk:Norbert_Wiener
1 { d=2{\sqrt {f\lambda }}}
2 https://en.wikipedia.org/wiki/Pinhole_camera
1 { \eta ={\frac {P_{max}}{E\cdot A_{cell}}}.}
2 https://en.wikipedia.org/wiki/Photovoltaics
1 \langle \sigma v\rangle \simeq 3\times 10^{-26}\mathrm {cm} ^{3}\;\mathrm {s} ^{-1}
2 https://en.wikipedia.org/wiki/Weakly_interacting_massive_particle
1 { \iint _{D}u\,dxdy=\sum _{j=1}^{k}c_{j}u(z_{j}),}
2 https://en.wikipedia.org/wiki/Quadrature_domains
1 R(u,s)={\mathcal  {N}}\{f(t)\}=\int _{0}^{\infty }f(ut)e^{{-st}}\,dt.\qquad (1)
2 https://en.wikipedia.org/wiki/N-transform
1 \Delta F=\alpha \ln(C/C_{0})
2 https://en.wikipedia.org/wiki/Svante_Arrhenius
