1 {\frac  {2D}{F-M-1}}
2 https://en.wikipedia.org/wiki/Nerve_conduction_study
1 1\,{\mathrm  {N}}\!\cdot \!{\mathrm  {m}}=1{\frac  {{\mathrm  {kg}}\,{\mathrm  {m}}^{2}}{{\mathrm  {s}}^{2}}}\quad ,\quad 1\,{\mathrm  {J}}=1{\frac  {{\mathrm  {kg}}\,{\mathrm  {m}}^{2}}{{\mathrm  {s}}^{2}}}
2 https://en.wikipedia.org/wiki/Newton-meter
1 \mathbf {F} =q\mathbf {v} \times \mathbf {B} 
2 https://en.wikipedia.org/wiki/Right-hand_rule
1 { \bigcup _{r\geq 0}\{x=a+b:q(a)=-q(b)=r,a\in A,b\in B\}.}
2 https://en.wikipedia.org/wiki/Null_vector
1 {{\mathbb  {C}}}^{2}
2 https://en.wikipedia.org/wiki/Walter_Rudin
1 a>b\geq d>c
2 https://en.wikipedia.org/wiki/Stag_hunt
1 B=\{ta:a\in A,t\in [0,1]\}
2 https://en.wikipedia.org/wiki/Star_domain
1 { R_{M}={\frac {\partial R_{T}}{\partial Q_{1}}}=M-Q_{2}-2Q_{1}}
2 https://en.wikipedia.org/wiki/Oligopoly
1 \mathbb {R} ^{3}
2 https://en.wikipedia.org/wiki/Talk:Functional_analysis
1 \div 
2 https://en.wikipedia.org/wiki/Talk:Obelus
1 X=X_{0}\cup I_{1}\cup \ldots \cup I_{r}.
2 https://en.wikipedia.org/wiki/O-minimal_theory
1 \forall x\exists y\exists z\exists w\exists v(x=y*y+z*z+w*w+v*v)
2 https://en.wikipedia.org/wiki/Talk:Mathematical_logic
1 n\geq 3
2 https://en.wikipedia.org/wiki/Wikipedia_talk:WikiProject_Mathematics/Archive/2013/Apr
1 f(x)=\lim_{k\to\infty}\left(\lim_{j\to\infty}\left(\cos(k!\pi x)\right)^{2j}\right)
2 https://en.wikipedia.org/wiki/Nowhere_continuous_function
1 {\frac  {1}{10\;000}}
2 https://en.wikipedia.org/wiki/Wikipedia_talk:WikiProject_Mathematics/Archive/2015/Jan
1 y={\frac  {abx}{x^{2}+a^{2}}}.
2 https://en.wikipedia.org/wiki/Wikipedia_talk:WikiProject_Mathematics/Archive/2015/Mar
1 e^{i\pi \ }
2 https://en.wikipedia.org/wiki/User:Kmhkmh
1 V(b,w)=r(b,w)+p(b,w)V(b+1,w+1)+(1-p(b,w))V(b+1,w)
2 https://en.wikipedia.org/wiki/WASP_%28cricket_calculation_tool%29
1 {\mathcal {O}}
2 https://en.wikipedia.org/wiki/O_%28disambiguation%29
1 {\frac  {\partial \rho {\mathbf  {U}}}{\partial t}}+\nabla \cdot \phi {\mathbf  {U}}-\nabla \cdot \mu \nabla {\mathbf  {U}}=-\nabla p
2 https://en.wikipedia.org/wiki/OpenFOAM
1 { a_{1}b_{1}+\cdots +a_{m}b_{m}-a_{m+1}b_{m+1}-\cdots -a_{n}b_{n}.\,}
2 https://en.wikipedia.org/wiki/Unimodular_lattice
1 \int _{{0}}^{{\infty }}\delta (t-a)e^{{-st}}\,dt=e^{{-sa}}
2 https://en.wikipedia.org/wiki/Talk:Impulse_response
1 Y=A\times K^{\alpha }\times L^{\beta }
2 https://en.wikipedia.org/wiki/Total_factor_productivity
1 {\frac  {\overbrace {x_{2}+x_{2}}+x_{3}+x_{4}+x_{5}+x_{6}+x_{7}+x_{8}+\overbrace {x_{9}+x_{9}}}{10}}.\,
2 https://en.wikipedia.org/wiki/Winsorized_mean
1 {SAR}_{{n+1}}={SAR}_{n}+\alpha (EP-{SAR}_{n})
2 https://en.wikipedia.org/wiki/Parabolic_SAR
1 { {\text{VPT}}={\text{VPT}}_{\text{prev}}+{\text{volume}}\times {{\text{close}}_{\text{today}}-{\text{close}}_{\text{prev}} \over {\text{close}}_{\text{prev}}}}
2 https://en.wikipedia.org/wiki/Volume%E2%80%93price_trend
1 { TRIN={\frac {advancing\ issues/declining\ issues}{advancing\ volume/declining\ volume}}}
2 https://en.wikipedia.org/wiki/TRIN_%28finance%29
1 { OBV=OBV_{prev}+\left\{{\begin{matrix}volume&\mathrm {if} \ close>close_{prev}\0&\mathrm {if} \ close=close_{prev}\-volume&\mathrm {if} \ close<close_{prev}\end{matrix}}\right.}
2 https://en.wikipedia.org/wiki/On-balance_volume
1  x = X(\omega)
2 https://en.wikipedia.org/wiki/Realization_%28probability%29
1 {\mathbf  {v}}={\frac  {d{\mathbf  {x}}}{dt}}=g(t),
2 https://en.wikipedia.org/wiki/Wiener_equation
